"a","Outside edit","","","1653005245980","Main.kt","1.1.3 for 2021-2022 @t1",
"a","Outside edit","","","1653005245980","Shape.kt","1.1.3 for 2021-2022 @t1",
"a","Outside edit","","","1653005245980","Car.java","1.1.3 for 2021-2022 @t1",
"a","Outside edit","","","1653005245980",".gitignore","1.1.3 for 2021-2022 @t1",
"a","Outside edit","","","1653005245981",".gitignore","1.1.3 for 2021-2022 @t1",
"a","Outside edit","","","1653005245981","ViewHelper.kt","1.1.3 for 2021-2022 @t1",
"a","Outside edit","","","1653005245981","MathOperationStrategy.kt","1.1.3 for 2021-2022 @t1",
"a","Outside edit","","","1653005245981","PlusOperationStrategy.kt","1.1.3 for 2021-2022 @t1",
"a","Outside edit","","","1653005245981","MinusOperationStrategy.kt","1.1.3 for 2021-2022 @t1",
"a","Outside edit","","","1653005245981","DivideOperationStrategy.kt","1.1.3 for 2021-2022 @t1",
"a","Outside edit","","","1653005245981","MultiplyOperationStrategy.kt","1.1.3 for 2021-2022 @t1",
"a","Outside edit","","","1653005245981","ModOperationStrategy.kt","1.1.3 for 2021-2022 @t1",
"a","Outside edit","","","1653005245982","DivideOperationStrategy.kt","1.1.3 for 2021-2022 @t1",
"a","Outside edit","","","1653005245982","BitShiftLeftOperationStrategy.kt","1.1.3 for 2021-2022 @t1",
"a","Outside edit","","","1653005245982","MinusOperationStrategy.kt","1.1.3 for 2021-2022 @t1",
"a","Outside edit","","","1653005245982","PlusOperationStrategy.kt","1.1.3 for 2021-2022 @t1",
"a","Outside edit","","","1653005245982","MultiplyOperationStrategy.kt","1.1.3 for 2021-2022 @t1",
"a","Outside edit","","","1653005245982","ModOperationStrategy.kt","1.1.3 for 2021-2022 @t1",
"a","Outside edit","","","1653005245982","DivideOperationStrategy.kt","1.1.3 for 2021-2022 @t1",
"a","Outside edit","","","1653005245982","MathOperationStrategy.kt","1.1.3 for 2021-2022 @t1",
"a","Outside edit","","","1653005245983","Main.kt","1.1.3 for 2021-2022 @t1",
"a","Outside edit","","","1653005245983","Shape.kt","1.1.3 for 2021-2022 @t1",
"a","Outside edit","","","1653005245983","Car.java","1.1.3 for 2021-2022 @t1",
"a","Outside edit","","","1653005245983",".gitignore","1.1.3 for 2021-2022 @t1",
"a","Outside edit","","","1653005245983",".gitignore","1.1.3 for 2021-2022 @t1",
"a","Outside edit","","","1653005245983","User.kt","1.1.3 for 2021-2022 @t1",
"a","Outside edit","","","1653005245983","Main.kt","1.1.3 for 2021-2022 @t1",
"a","Outside edit","","","1653005245983","Shape.kt","1.1.3 for 2021-2022 @t1",
"a","Outside edit","","","1653005245983","Car.java","1.1.3 for 2021-2022 @t1",
"a","Outside edit","","","1653005245984",".gitignore","1.1.3 for 2021-2022 @t1",
"a","Outside edit","","","1653005245984",".gitignore","1.1.3 for 2021-2022 @t1",
"a","Outside edit","","","1653005245984","ViewHelper.kt","1.1.3 for 2021-2022 @t1",
"a","Outside edit","","","1653005245984","MathOperationStrategy.kt","1.1.3 for 2021-2022 @t1",
"a","Outside edit","","","1653005245984","PlusOperationStrategy.kt","1.1.3 for 2021-2022 @t1",
"a","Outside edit","","","1653005245984","MinusOperationStrategy.kt","1.1.3 for 2021-2022 @t1",
"a","Outside edit","","","1653005245984","DivideOperationStrategy.kt","1.1.3 for 2021-2022 @t1",
"a","Outside edit","","","1653005245984","MultiplyOperationStrategy.kt","1.1.3 for 2021-2022 @t1",
"a","Outside edit","","","1653005245984","ModOperationStrategy.kt","1.1.3 for 2021-2022 @t1",
"a","Outside edit","","","1653005245985","DivideOperationStrategy.kt","1.1.3 for 2021-2022 @t1",
"a","Outside edit","","","1653005245985","BitShiftLeftOperationStrategy.kt","1.1.3 for 2021-2022 @t1",
"a","Outside edit","","","1653005245985","MinusOperationStrategy.kt","1.1.3 for 2021-2022 @t1",
"a","Outside edit","","","1653005245985","PlusOperationStrategy.kt","1.1.3 for 2021-2022 @t1",
"a","Outside edit","","","1653005245985","MultiplyOperationStrategy.kt","1.1.3 for 2021-2022 @t1",
"a","Outside edit","","","1653005245985","ModOperationStrategy.kt","1.1.3 for 2021-2022 @t1",
"a","Outside edit","","","1653005245985","DivideOperationStrategy.kt","1.1.3 for 2021-2022 @t1",
"a","Outside edit","","","1653005245985","MathOperationStrategy.kt","1.1.3 for 2021-2022 @t1",
"a","Outside edit","","","1653005245986","StopWatchgitignore","1.1.3 for 2021-2022 @t1",
"a","ShowYourWork Init","","","000","ShowYourWork Init","1.1.3 for 2021-2022 @t1",
