"a","Outside edit","","","1652835152445","Main.kt","1.1.3 for 2021-2022 @t1",
"a","Outside edit","","","1652835152445","Shape.kt","1.1.3 for 2021-2022 @t1",
"a","Outside edit","","","1652835152445","Car.java","1.1.3 for 2021-2022 @t1",
"a","Outside edit","","","1652835152445",".gitignore","1.1.3 for 2021-2022 @t1",
"a","Outside edit","","","1652835152446",".gitignore","1.1.3 for 2021-2022 @t1",
"a","ShowYourWork Init","","","000","ShowYourWork Init","1.1.3 for 2021-2022 @t1",
"a","Outside edit","","","1653002148073",".gitignore","1.1.3 for 2021-2022 @t1",
"a","Outside edit","","","1653002148073",".gitignore","1.1.3 for 2021-2022 @t1",
"a","Outside edit","","","1653002148117","MathOperationStrategy.kt","1.1.3 for 2021-2022 @t1",
"a","Outside edit","","","1653002148135","PlusOperationStrategy.kt","1.1.3 for 2021-2022 @t1",
"a","Outside edit","","","1653002148153","MinusOperationStrategy.kt","1.1.3 for 2021-2022 @t1",
"a","Outside edit","","","1653002148153","DivideOperationStrategy.kt","1.1.3 for 2021-2022 @t1",
"a","Outside edit","","","1653002148171","MultiplyOperationStrategy.kt","1.1.3 for 2021-2022 @t1",
"a","Outside edit","","","1653002148188","ModOperationStrategy.kt","1.1.3 for 2021-2022 @t1",
"a","Outside edit","","","1653002148203","DivideOperationStrategy.kt","1.1.3 for 2021-2022 @t1",
"a","Outside edit","","","1653002148221","BitShiftLeftOperationStrategy.kt","1.1.3 for 2021-2022 @t1",
"a","ShowYourWork Init","","","000","ShowYourWork Init","1.1.3 for 2021-2022 @t1",
"a","Outside edit","","","1653003246585",".gitignore","1.1.3 for 2021-2022 @t1",
"a","Outside edit","","","1653003246585",".gitignore","1.1.3 for 2021-2022 @t1",
"a","Outside edit","","","1653003246649",".gitignore","1.1.3 for 2021-2022 @t1",
"a","Outside edit","","","1653003246649",".gitignore","1.1.3 for 2021-2022 @t1",
"a","Outside edit","","","1653003246664",".gitignore","1.1.3 for 2021-2022 @t1",
"a","Outside edit","","","1653003246665",".gitignore","1.1.3 for 2021-2022 @t1",
"a","ShowYourWork Init","","","000","ShowYourWork Init","1.1.3 for 2021-2022 @t1",
