"e","class Circle {
}","","0","1655251083606","Circle.kt","1.1.3 for 2021-2022 @t1",
"e","
","","15","1655251085367","Circle.kt","1.1.3 for 2021-2022 @t1",
"e","    ","","15","1655251085371","Circle.kt","1.1.3 for 2021-2022 @t1",
"e","    
","","20","1655251085468","Circle.kt","1.1.3 for 2021-2022 @t1",
"e","    
","","25","1655251085623","Circle.kt","1.1.3 for 2021-2022 @t1",
"e","    
","","30","1655251086686","Circle.kt","1.1.3 for 2021-2022 @t1",
"e","i","","29","1655251087201","Circle.kt","1.1.3 for 2021-2022 @t1",
"k","i",,"30","1655251087204","Circle.kt","1.1.3 for 2021-2022 @t1",
"e","n","","30","1655251087238","Circle.kt","1.1.3 for 2021-2022 @t1",
"k","n",,"31","1655251087239","Circle.kt","1.1.3 for 2021-2022 @t1",
"e","t","","31","1655251087416","Circle.kt","1.1.3 for 2021-2022 @t1",
"k","t",,"32","1655251087418","Circle.kt","1.1.3 for 2021-2022 @t1",
"e","$","","32","1655251087438","Circle.kt","1.1.3 for 2021-2022 @t1",
"e","","$","32","1655251087606","Circle.kt","1.1.3 for 2021-2022 @t1",
"e"," ","","32","1655251087613","Circle.kt","1.1.3 for 2021-2022 @t1",
"k"," ",,"33","1655251087614","Circle.kt","1.1.3 for 2021-2022 @t1",
"e",""," ","32","1655251088913","Circle.kt","1.1.3 for 2021-2022 @t1",
"e","","t","31","1655251089010","Circle.kt","1.1.3 for 2021-2022 @t1",
"e","","n","30","1655251089166","Circle.kt","1.1.3 for 2021-2022 @t1",
"e","","i","29","1655251089317","Circle.kt","1.1.3 for 2021-2022 @t1",
"e","v","","29","1655251091587","Circle.kt","1.1.3 for 2021-2022 @t1",
"k","v",,"30","1655251091588","Circle.kt","1.1.3 for 2021-2022 @t1",
"e","$","","30","1655251091594","Circle.kt","1.1.3 for 2021-2022 @t1",
"e","","$","30","1655251091640","Circle.kt","1.1.3 for 2021-2022 @t1",
"e","a","","30","1655251091641","Circle.kt","1.1.3 for 2021-2022 @t1",
"k","a",,"31","1655251091641","Circle.kt","1.1.3 for 2021-2022 @t1",
"e","$","","31","1655251091649","Circle.kt","1.1.3 for 2021-2022 @t1",
"e","","$","31","1655251091714","Circle.kt","1.1.3 for 2021-2022 @t1",
"e","l","","31","1655251091715","Circle.kt","1.1.3 for 2021-2022 @t1",
"k","l",,"32","1655251091715","Circle.kt","1.1.3 for 2021-2022 @t1",
"e","$","","32","1655251091721","Circle.kt","1.1.3 for 2021-2022 @t1",
"e","","$","32","1655251091865","Circle.kt","1.1.3 for 2021-2022 @t1",
"e"," ","","32","1655251091873","Circle.kt","1.1.3 for 2021-2022 @t1",
"k"," ",,"33","1655251091874","Circle.kt","1.1.3 for 2021-2022 @t1",
"e","x","","33","1655251093058","Circle.kt","1.1.3 for 2021-2022 @t1",
"k","x",,"34","1655251093059","Circle.kt","1.1.3 for 2021-2022 @t1",
"e","X.f$","","34","1655251093068","Circle.kt","1.1.3 for 2021-2022 @t1",
"e","","X.f$","34","1655251093270","Circle.kt","1.1.3 for 2021-2022 @t1",
"e","P","","34","1655251093271","Circle.kt","1.1.3 for 2021-2022 @t1",
"k","P",,"35","1655251093272","Circle.kt","1.1.3 for 2021-2022 @t1",
"e","X.f$","","35","1655251093279","Circle.kt","1.1.3 for 2021-2022 @t1",
"e","","X.f$","35","1655251093459","Circle.kt","1.1.3 for 2021-2022 @t1",
"e","i","","35","1655251093460","Circle.kt","1.1.3 for 2021-2022 @t1",
"k","i",,"36","1655251093462","Circle.kt","1.1.3 for 2021-2022 @t1",
"e","X.f$","","36","1655251093471","Circle.kt","1.1.3 for 2021-2022 @t1",
"e","","X.f$","36","1655251093557","Circle.kt","1.1.3 for 2021-2022 @t1",
"e","s","","36","1655251093558","Circle.kt","1.1.3 for 2021-2022 @t1",
"k","s",,"37","1655251093559","Circle.kt","1.1.3 for 2021-2022 @t1",
"e","X.f$","","37","1655251093567","Circle.kt","1.1.3 for 2021-2022 @t1",
"e","","sX.f$","36","1655251093918","Circle.kt","1.1.3 for 2021-2022 @t1",
"e","X.f$","","36","1655251093929","Circle.kt","1.1.3 for 2021-2022 @t1",
"e","","iX.f$","35","1655251094044","Circle.kt","1.1.3 for 2021-2022 @t1",
"e","X.f$","","35","1655251094050","Circle.kt","1.1.3 for 2021-2022 @t1",
"e","","X.f$","35","1655251094241","Circle.kt","1.1.3 for 2021-2022 @t1",
"e","o","","35","1655251094242","Circle.kt","1.1.3 for 2021-2022 @t1",
"k","o",,"36","1655251094243","Circle.kt","1.1.3 for 2021-2022 @t1",
"e","X.f$","","36","1655251094250","Circle.kt","1.1.3 for 2021-2022 @t1",
"e","","X.f$","36","1655251094302","Circle.kt","1.1.3 for 2021-2022 @t1",
"e","s","","36","1655251094303","Circle.kt","1.1.3 for 2021-2022 @t1",
"k","s",,"37","1655251094304","Circle.kt","1.1.3 for 2021-2022 @t1",
"e","X.f$","","37","1655251094312","Circle.kt","1.1.3 for 2021-2022 @t1",
"e","","X.f$","37","1655251095033","Circle.kt","1.1.3 for 2021-2022 @t1",
"e",":","","37","1655251095034","Circle.kt","1.1.3 for 2021-2022 @t1",
"k",":",,"38","1655251095036","Circle.kt","1.1.3 for 2021-2022 @t1",
"e"," ","","38","1655251095171","Circle.kt","1.1.3 for 2021-2022 @t1",
"k"," ",,"39","1655251095172","Circle.kt","1.1.3 for 2021-2022 @t1",
"e","I","","39","1655251095386","Circle.kt","1.1.3 for 2021-2022 @t1",
"k","I",,"40","1655251095387","Circle.kt","1.1.3 for 2021-2022 @t1",
"e","X.f$","","40","1655251095396","Circle.kt","1.1.3 for 2021-2022 @t1",
"e","","X.f$","40","1655251095473","Circle.kt","1.1.3 for 2021-2022 @t1",
"e","N","","40","1655251095474","Circle.kt","1.1.3 for 2021-2022 @t1",
"k","N",,"41","1655251095474","Circle.kt","1.1.3 for 2021-2022 @t1",
"e","X.f$","","41","1655251095482","Circle.kt","1.1.3 for 2021-2022 @t1",
"e","","X.f$","41","1655251095563","Circle.kt","1.1.3 for 2021-2022 @t1",
"e","t","","41","1655251095564","Circle.kt","1.1.3 for 2021-2022 @t1",
"k","t",,"42","1655251095564","Circle.kt","1.1.3 for 2021-2022 @t1",
"e","X.f$","","42","1655251095571","Circle.kt","1.1.3 for 2021-2022 @t1",
"e","","tX.f$","41","1655251096078","Circle.kt","1.1.3 for 2021-2022 @t1",
"e","X.f$","","41","1655251096102","Circle.kt","1.1.3 for 2021-2022 @t1",
"e","","NX.f$","40","1655251096227","Circle.kt","1.1.3 for 2021-2022 @t1",
"e","X.f$","","40","1655251096236","Circle.kt","1.1.3 for 2021-2022 @t1",
"e","","X.f$","40","1655251096426","Circle.kt","1.1.3 for 2021-2022 @t1",
"e","n","","40","1655251096427","Circle.kt","1.1.3 for 2021-2022 @t1",
"k","n",,"41","1655251096430","Circle.kt","1.1.3 for 2021-2022 @t1",
"e","X.f$","","41","1655251096439","Circle.kt","1.1.3 for 2021-2022 @t1",
"e","","X.f$","41","1655251096903","Circle.kt","1.1.3 for 2021-2022 @t1",
"e","t","","41","1655251096904","Circle.kt","1.1.3 for 2021-2022 @t1",
"k","t",,"42","1655251096906","Circle.kt","1.1.3 for 2021-2022 @t1",
"e","X.f$","","42","1655251096914","Circle.kt","1.1.3 for 2021-2022 @t1",
"e","","X.f$","42","1655251097105","Circle.kt","1.1.3 for 2021-2022 @t1",
"e"," ","","42","1655251097112","Circle.kt","1.1.3 for 2021-2022 @t1",
"k"," ",,"43","1655251097112","Circle.kt","1.1.3 for 2021-2022 @t1",
"e","=","","43","1655251097226","Circle.kt","1.1.3 for 2021-2022 @t1",
"k","=",,"44","1655251097227","Circle.kt","1.1.3 for 2021-2022 @t1",
"e"," ","","44","1655251097321","Circle.kt","1.1.3 for 2021-2022 @t1",
"k"," ",,"45","1655251097322","Circle.kt","1.1.3 for 2021-2022 @t1",
"e","0","","45","1655251097436","Circle.kt","1.1.3 for 2021-2022 @t1",
"k","0",,"46","1655251097437","Circle.kt","1.1.3 for 2021-2022 @t1",
"e","$","","46","1655251097449","Circle.kt","1.1.3 for 2021-2022 @t1",
"e","","$","46","1655251097687","Circle.kt","1.1.3 for 2021-2022 @t1",
"e","
    ","","46","1655251097688","Circle.kt","1.1.3 for 2021-2022 @t1",
"e","v","","51","1655251098326","Circle.kt","1.1.3 for 2021-2022 @t1",
"k","v",,"52","1655251098327","Circle.kt","1.1.3 for 2021-2022 @t1",
"e","$","","52","1655251098335","Circle.kt","1.1.3 for 2021-2022 @t1",
"e","","$","52","1655251098389","Circle.kt","1.1.3 for 2021-2022 @t1",
"e","a","","52","1655251098390","Circle.kt","1.1.3 for 2021-2022 @t1",
"k","a",,"53","1655251098393","Circle.kt","1.1.3 for 2021-2022 @t1",
"e","l","","53","1655251098467","Circle.kt","1.1.3 for 2021-2022 @t1",
"k","l",,"54","1655251098471","Circle.kt","1.1.3 for 2021-2022 @t1",
"e"," ","","54","1655251098552","Circle.kt","1.1.3 for 2021-2022 @t1",
"k"," ",,"55","1655251098553","Circle.kt","1.1.3 for 2021-2022 @t1",
"e","y","","55","1655251098656","Circle.kt","1.1.3 for 2021-2022 @t1",
"k","y",,"56","1655251098656","Circle.kt","1.1.3 for 2021-2022 @t1",
"e","X.f$","","56","1655251098665","Circle.kt","1.1.3 for 2021-2022 @t1",
"e","","X.f$","56","1655251098679","Circle.kt","1.1.3 for 2021-2022 @t1",
"e"," ","","56","1655251098682","Circle.kt","1.1.3 for 2021-2022 @t1",
"k"," ",,"57","1655251098683","Circle.kt","1.1.3 for 2021-2022 @t1",
"e",""," ","56","1655251099263","Circle.kt","1.1.3 for 2021-2022 @t1",
"e","Y","","56","1655251099494","Circle.kt","1.1.3 for 2021-2022 @t1",
"k","Y",,"57","1655251099494","Circle.kt","1.1.3 for 2021-2022 @t1",
"e","X.f$","","57","1655251099502","Circle.kt","1.1.3 for 2021-2022 @t1",
"e","","X.f$","57","1655251099828","Circle.kt","1.1.3 for 2021-2022 @t1",
"e","P","","57","1655251099829","Circle.kt","1.1.3 for 2021-2022 @t1",
"k","P",,"58","1655251099829","Circle.kt","1.1.3 for 2021-2022 @t1",
"e","X.f$","","58","1655251099835","Circle.kt","1.1.3 for 2021-2022 @t1",
"e","","PX.f$","57","1655251100350","Circle.kt","1.1.3 for 2021-2022 @t1",
"e","X.f$","","57","1655251100384","Circle.kt","1.1.3 for 2021-2022 @t1",
"e","","X.f$","57","1655251100702","Circle.kt","1.1.3 for 2021-2022 @t1",
"e","p","","57","1655251100703","Circle.kt","1.1.3 for 2021-2022 @t1",
"k","p",,"58","1655251100703","Circle.kt","1.1.3 for 2021-2022 @t1",
"e","X.f$","","58","1655251100708","Circle.kt","1.1.3 for 2021-2022 @t1",
"e","","pX.f$","57","1655251101471","Circle.kt","1.1.3 for 2021-2022 @t1",
"e","","Y","56","1655251101621","Circle.kt","1.1.3 for 2021-2022 @t1",
"e","P","","56","1655251102483","Circle.kt","1.1.3 for 2021-2022 @t1",
"k","P",,"57","1655251102484","Circle.kt","1.1.3 for 2021-2022 @t1",
"e","X.f$","","57","1655251102490","Circle.kt","1.1.3 for 2021-2022 @t1",
"e","","X.f$","57","1655251102851","Circle.kt","1.1.3 for 2021-2022 @t1",
"e","o","","57","1655251102852","Circle.kt","1.1.3 for 2021-2022 @t1",
"k","o",,"58","1655251102852","Circle.kt","1.1.3 for 2021-2022 @t1",
"e","i","","58","1655251102854","Circle.kt","1.1.3 for 2021-2022 @t1",
"k","i",,"59","1655251102856","Circle.kt","1.1.3 for 2021-2022 @t1",
"e","X.f$","","59","1655251102861","Circle.kt","1.1.3 for 2021-2022 @t1",
"e","","X.f$","59","1655251102959","Circle.kt","1.1.3 for 2021-2022 @t1",
"e","s","","59","1655251102960","Circle.kt","1.1.3 for 2021-2022 @t1",
"k","s",,"60","1655251102960","Circle.kt","1.1.3 for 2021-2022 @t1",
"e","X.f$","","60","1655251102966","Circle.kt","1.1.3 for 2021-2022 @t1",
"e","","sX.f$","59","1655251103267","Circle.kt","1.1.3 for 2021-2022 @t1",
"e","","i","58","1655251103419","Circle.kt","1.1.3 for 2021-2022 @t1",
"e","s","","58","1655251103484","Circle.kt","1.1.3 for 2021-2022 @t1",
"k","s",,"59","1655251103484","Circle.kt","1.1.3 for 2021-2022 @t1",
"e","X.f$","","59","1655251103491","Circle.kt","1.1.3 for 2021-2022 @t1",
"e","","X.f$","59","1655251103755","Circle.kt","1.1.3 for 2021-2022 @t1",
"e"," ","","59","1655251103759","Circle.kt","1.1.3 for 2021-2022 @t1",
"k"," ",,"60","1655251103759","Circle.kt","1.1.3 for 2021-2022 @t1",
"e","=","","60","1655251103858","Circle.kt","1.1.3 for 2021-2022 @t1",
"k","=",,"61","1655251103859","Circle.kt","1.1.3 for 2021-2022 @t1",
"e","-","","61","1655251103862","Circle.kt","1.1.3 for 2021-2022 @t1",
"k","-",,"62","1655251103864","Circle.kt","1.1.3 for 2021-2022 @t1",
"e"," ","","62","1655251103960","Circle.kt","1.1.3 for 2021-2022 @t1",
"k"," ",,"63","1655251103961","Circle.kt","1.1.3 for 2021-2022 @t1",
"e",""," ","62","1655251104463","Circle.kt","1.1.3 for 2021-2022 @t1",
"e","","-","61","1655251104599","Circle.kt","1.1.3 for 2021-2022 @t1",
"e","","=","60","1655251104721","Circle.kt","1.1.3 for 2021-2022 @t1",
"e",""," ","59","1655251104863","Circle.kt","1.1.3 for 2021-2022 @t1",
"e",":","","59","1655251105257","Circle.kt","1.1.3 for 2021-2022 @t1",
"k",":",,"60","1655251105259","Circle.kt","1.1.3 for 2021-2022 @t1",
"e"," ","","60","1655251105373","Circle.kt","1.1.3 for 2021-2022 @t1",
"k"," ",,"61","1655251105374","Circle.kt","1.1.3 for 2021-2022 @t1",
"e","I","","61","1655251105493","Circle.kt","1.1.3 for 2021-2022 @t1",
"k","I",,"62","1655251105494","Circle.kt","1.1.3 for 2021-2022 @t1",
"e","X.f$","","62","1655251105503","Circle.kt","1.1.3 for 2021-2022 @t1",
"e","","X.f$","62","1655251105568","Circle.kt","1.1.3 for 2021-2022 @t1",
"e","N","","62","1655251105569","Circle.kt","1.1.3 for 2021-2022 @t1",
"k","N",,"63","1655251105569","Circle.kt","1.1.3 for 2021-2022 @t1",
"e","X.f$","","63","1655251105577","Circle.kt","1.1.3 for 2021-2022 @t1",
"e","","X.f$","63","1655251105637","Circle.kt","1.1.3 for 2021-2022 @t1",
"e","t","","63","1655251105638","Circle.kt","1.1.3 for 2021-2022 @t1",
"k","t",,"64","1655251105638","Circle.kt","1.1.3 for 2021-2022 @t1",
"e","X.f$","","64","1655251105646","Circle.kt","1.1.3 for 2021-2022 @t1",
"e","","X.f$","64","1655251105793","Circle.kt","1.1.3 for 2021-2022 @t1",
"e"," ","","64","1655251105802","Circle.kt","1.1.3 for 2021-2022 @t1",
"k"," ",,"65","1655251105802","Circle.kt","1.1.3 for 2021-2022 @t1",
"e",""," ","64","1655251106028","Circle.kt","1.1.3 for 2021-2022 @t1",
"e","","t","63","1655251106159","Circle.kt","1.1.3 for 2021-2022 @t1",
"e","","N","62","1655251106271","Circle.kt","1.1.3 for 2021-2022 @t1",
"e","n","","62","1655251106463","Circle.kt","1.1.3 for 2021-2022 @t1",
"k","n",,"63","1655251106463","Circle.kt","1.1.3 for 2021-2022 @t1",
"e","X.f$","","63","1655251106472","Circle.kt","1.1.3 for 2021-2022 @t1",
"e","","X.f$","63","1655251106536","Circle.kt","1.1.3 for 2021-2022 @t1",
"e","t","","63","1655251106537","Circle.kt","1.1.3 for 2021-2022 @t1",
"k","t",,"64","1655251106537","Circle.kt","1.1.3 for 2021-2022 @t1",
"e","X.f$","","64","1655251106544","Circle.kt","1.1.3 for 2021-2022 @t1",
"e","","X.f$","64","1655251106715","Circle.kt","1.1.3 for 2021-2022 @t1",
"e"," ","","64","1655251106722","Circle.kt","1.1.3 for 2021-2022 @t1",
"k"," ",,"65","1655251106723","Circle.kt","1.1.3 for 2021-2022 @t1",
"e","-","","65","1655251106803","Circle.kt","1.1.3 for 2021-2022 @t1",
"k","-",,"66","1655251106804","Circle.kt","1.1.3 for 2021-2022 @t1",
"e","=","","66","1655251106807","Circle.kt","1.1.3 for 2021-2022 @t1",
"k","=",,"67","1655251106808","Circle.kt","1.1.3 for 2021-2022 @t1",
"e","","=","66","1655251107286","Circle.kt","1.1.3 for 2021-2022 @t1",
"e","","-","65","1655251107375","Circle.kt","1.1.3 for 2021-2022 @t1",
"e","=","","65","1655251108098","Circle.kt","1.1.3 for 2021-2022 @t1",
"k","=",,"66","1655251108099","Circle.kt","1.1.3 for 2021-2022 @t1",
"e"," ","","66","1655251108263","Circle.kt","1.1.3 for 2021-2022 @t1",
"k"," ",,"67","1655251108264","Circle.kt","1.1.3 for 2021-2022 @t1",
"e","0","","67","1655251108363","Circle.kt","1.1.3 for 2021-2022 @t1",
"k","0",,"68","1655251108364","Circle.kt","1.1.3 for 2021-2022 @t1",
"e","$","","68","1655251108375","Circle.kt","1.1.3 for 2021-2022 @t1",
"e","    
","","25","1655251109896","Circle.kt","1.1.3 for 2021-2022 @t1",
"e","","$","73","1655251109896","Circle.kt","1.1.3 for 2021-2022 @t1",
"e","    
","","30","1655251110461","Circle.kt","1.1.3 for 2021-2022 @t1",
"e","c","","24","1655251111343","Circle.kt","1.1.3 for 2021-2022 @t1",
"k","c",,"25","1655251111344","Circle.kt","1.1.3 for 2021-2022 @t1",
"e","","c
    
    ","24","1655251111351","Circle.kt","1.1.3 for 2021-2022 @t1",
"e","    c$
    
","","20","1655251111351","Circle.kt","1.1.3 for 2021-2022 @t1",
"e","","$","25","1655251111430","Circle.kt","1.1.3 for 2021-2022 @t1",
"e","o","","25","1655251111431","Circle.kt","1.1.3 for 2021-2022 @t1",
"k","o",,"26","1655251111433","Circle.kt","1.1.3 for 2021-2022 @t1",
"e","l","","26","1655251111570","Circle.kt","1.1.3 for 2021-2022 @t1",
"k","l",,"27","1655251111584","Circle.kt","1.1.3 for 2021-2022 @t1",
"e","$","","27","1655251111591","Circle.kt","1.1.3 for 2021-2022 @t1",
"e","","$","27","1655251111680","Circle.kt","1.1.3 for 2021-2022 @t1",
"e","o","","27","1655251111681","Circle.kt","1.1.3 for 2021-2022 @t1",
"k","o",,"28","1655251111681","Circle.kt","1.1.3 for 2021-2022 @t1",
"e","r","","28","1655251111785","Circle.kt","1.1.3 for 2021-2022 @t1",
"k","r",,"29","1655251111786","Circle.kt","1.1.3 for 2021-2022 @t1",
"e","","r","28","1655251112211","Circle.kt","1.1.3 for 2021-2022 @t1",
"e","","o","27","1655251112329","Circle.kt","1.1.3 for 2021-2022 @t1",
"e","","l","26","1655251112440","Circle.kt","1.1.3 for 2021-2022 @t1",
"e","","o","25","1655251112538","Circle.kt","1.1.3 for 2021-2022 @t1",
"e","","c","24","1655251112692","Circle.kt","1.1.3 for 2021-2022 @t1",
"e","v","","24","1655251112807","Circle.kt","1.1.3 for 2021-2022 @t1",
"k","v",,"25","1655251112807","Circle.kt","1.1.3 for 2021-2022 @t1",
"e","$","","25","1655251112814","Circle.kt","1.1.3 for 2021-2022 @t1",
"e","","$","25","1655251112848","Circle.kt","1.1.3 for 2021-2022 @t1",
"e","a","","25","1655251112849","Circle.kt","1.1.3 for 2021-2022 @t1",
"k","a",,"26","1655251112852","Circle.kt","1.1.3 for 2021-2022 @t1",
"e","l","","26","1655251112960","Circle.kt","1.1.3 for 2021-2022 @t1",
"k","l",,"27","1655251112963","Circle.kt","1.1.3 for 2021-2022 @t1",
"e"," ","","27","1655251113073","Circle.kt","1.1.3 for 2021-2022 @t1",
"k"," ",,"28","1655251113073","Circle.kt","1.1.3 for 2021-2022 @t1",
"e","c","","28","1655251113180","Circle.kt","1.1.3 for 2021-2022 @t1",
"k","c",,"29","1655251113180","Circle.kt","1.1.3 for 2021-2022 @t1",
"e","X.f$","","29","1655251113187","Circle.kt","1.1.3 for 2021-2022 @t1",
"e","","X.f$","29","1655251113232","Circle.kt","1.1.3 for 2021-2022 @t1",
"e","o","","29","1655251113233","Circle.kt","1.1.3 for 2021-2022 @t1",
"k","o",,"30","1655251113233","Circle.kt","1.1.3 for 2021-2022 @t1",
"e","X.f$","","30","1655251113239","Circle.kt","1.1.3 for 2021-2022 @t1",
"e","","X.f$","30","1655251113361","Circle.kt","1.1.3 for 2021-2022 @t1",
"e","l","","30","1655251113362","Circle.kt","1.1.3 for 2021-2022 @t1",
"k","l",,"31","1655251113364","Circle.kt","1.1.3 for 2021-2022 @t1",
"e","X.f$","","31","1655251113371","Circle.kt","1.1.3 for 2021-2022 @t1",
"e","","X.f$","31","1655251113539","Circle.kt","1.1.3 for 2021-2022 @t1",
"e","o","","31","1655251113540","Circle.kt","1.1.3 for 2021-2022 @t1",
"k","o",,"32","1655251113541","Circle.kt","1.1.3 for 2021-2022 @t1",
"e","X.f$","","32","1655251113549","Circle.kt","1.1.3 for 2021-2022 @t1",
"e","","X.f$","32","1655251113624","Circle.kt","1.1.3 for 2021-2022 @t1",
"e","r","","32","1655251113625","Circle.kt","1.1.3 for 2021-2022 @t1",
"k","r",,"33","1655251113626","Circle.kt","1.1.3 for 2021-2022 @t1",
"e","X.f$","","33","1655251113633","Circle.kt","1.1.3 for 2021-2022 @t1",
"e","","X.f$","33","1655251114150","Circle.kt","1.1.3 for 2021-2022 @t1",
"e",":","","33","1655251114151","Circle.kt","1.1.3 for 2021-2022 @t1",
"k",":",,"34","1655251114152","Circle.kt","1.1.3 for 2021-2022 @t1",
"e"," ","","34","1655251114337","Circle.kt","1.1.3 for 2021-2022 @t1",
"k"," ",,"35","1655251114338","Circle.kt","1.1.3 for 2021-2022 @t1",
"e","S","","35","1655251116054","Circle.kt","1.1.3 for 2021-2022 @t1",
"k","S",,"36","1655251116055","Circle.kt","1.1.3 for 2021-2022 @t1",
"e","X.f$","","36","1655251116063","Circle.kt","1.1.3 for 2021-2022 @t1",
"e","","X.f$","36","1655251116127","Circle.kt","1.1.3 for 2021-2022 @t1",
"e","t","","36","1655251116128","Circle.kt","1.1.3 for 2021-2022 @t1",
"k","t",,"37","1655251116128","Circle.kt","1.1.3 for 2021-2022 @t1",
"e","X.f$","","37","1655251116134","Circle.kt","1.1.3 for 2021-2022 @t1",
"e","","X.f$","37","1655251116261","Circle.kt","1.1.3 for 2021-2022 @t1",
"e","r","","37","1655251116262","Circle.kt","1.1.3 for 2021-2022 @t1",
"k","r",,"38","1655251116263","Circle.kt","1.1.3 for 2021-2022 @t1",
"e","X.f$","","38","1655251116273","Circle.kt","1.1.3 for 2021-2022 @t1",
"e","","X.f$","38","1655251116338","Circle.kt","1.1.3 for 2021-2022 @t1",
"e","i","","38","1655251116339","Circle.kt","1.1.3 for 2021-2022 @t1",
"k","i",,"39","1655251116340","Circle.kt","1.1.3 for 2021-2022 @t1",
"e","X.f$","","39","1655251116349","Circle.kt","1.1.3 for 2021-2022 @t1",
"e","","X.f$","39","1655251116383","Circle.kt","1.1.3 for 2021-2022 @t1",
"e","n","","39","1655251116384","Circle.kt","1.1.3 for 2021-2022 @t1",
"k","n",,"40","1655251116385","Circle.kt","1.1.3 for 2021-2022 @t1",
"e","X.f$","","40","1655251116392","Circle.kt","1.1.3 for 2021-2022 @t1",
"e","","X.f$","40","1655251116470","Circle.kt","1.1.3 for 2021-2022 @t1",
"e","g","","40","1655251116471","Circle.kt","1.1.3 for 2021-2022 @t1",
"k","g",,"41","1655251116472","Circle.kt","1.1.3 for 2021-2022 @t1",
"e","X.f$","","41","1655251116480","Circle.kt","1.1.3 for 2021-2022 @t1",
"e","","X.f$","41","1655251116846","Circle.kt","1.1.3 for 2021-2022 @t1",
"e"," ","","41","1655251116850","Circle.kt","1.1.3 for 2021-2022 @t1",
"k"," ",,"42","1655251116851","Circle.kt","1.1.3 for 2021-2022 @t1",
"e","=","","42","1655251116980","Circle.kt","1.1.3 for 2021-2022 @t1",
"k","=",,"43","1655251116981","Circle.kt","1.1.3 for 2021-2022 @t1",
"e"," ","","43","1655251117100","Circle.kt","1.1.3 for 2021-2022 @t1",
"k"," ",,"44","1655251117101","Circle.kt","1.1.3 for 2021-2022 @t1",
"e","""","","44","1655251117213","Circle.kt","1.1.3 for 2021-2022 @t1",
"e","""","","45","1655251117214","Circle.kt","1.1.3 for 2021-2022 @t1",
"k","""",,"45","1655251117217","Circle.kt","1.1.3 for 2021-2022 @t1",
"e","(","","12","1655251121708","Circle.kt","1.1.3 for 2021-2022 @t1",
"e",")","","13","1655251121709","Circle.kt","1.1.3 for 2021-2022 @t1",
"k","(",,"13","1655251121711","Circle.kt","1.1.3 for 2021-2022 @t1",
"k",")",,"14","1655251121761","Circle.kt","1.1.3 for 2021-2022 @t1",
"e","v","","13","1655251122564","Circle.kt","1.1.3 for 2021-2022 @t1",
"k","v",,"14","1655251122565","Circle.kt","1.1.3 for 2021-2022 @t1",
"e","","v","13","1655251122574","Circle.kt","1.1.3 for 2021-2022 @t1",
"e","","()","12","1655251122580","Circle.kt","1.1.3 for 2021-2022 @t1",
"e","(v )","","12","1655251122580","Circle.kt","1.1.3 for 2021-2022 @t1",
"e",""," ","14","1655251122645","Circle.kt","1.1.3 for 2021-2022 @t1",
"e","a","","14","1655251122646","Circle.kt","1.1.3 for 2021-2022 @t1",
"k","a",,"15","1655251122646","Circle.kt","1.1.3 for 2021-2022 @t1",
"e"," ","","15","1655251122651","Circle.kt","1.1.3 for 2021-2022 @t1",
"e",""," ","15","1655251122750","Circle.kt","1.1.3 for 2021-2022 @t1",
"e","l","","15","1655251122751","Circle.kt","1.1.3 for 2021-2022 @t1",
"k","l",,"16","1655251122751","Circle.kt","1.1.3 for 2021-2022 @t1",
"e"," ","","16","1655251122758","Circle.kt","1.1.3 for 2021-2022 @t1",
"e",""," ","16","1655251123360","Circle.kt","1.1.3 for 2021-2022 @t1",
"e"," ","","16","1655251123364","Circle.kt","1.1.3 for 2021-2022 @t1",
"k"," ",,"17","1655251123365","Circle.kt","1.1.3 for 2021-2022 @t1",
"e","c","","17","1655251123499","Circle.kt","1.1.3 for 2021-2022 @t1",
"k","c",,"18","1655251123499","Circle.kt","1.1.3 for 2021-2022 @t1",
"e"," ","","18","1655251123506","Circle.kt","1.1.3 for 2021-2022 @t1",
"e",""," ","18","1655251123558","Circle.kt","1.1.3 for 2021-2022 @t1",
"e","o","","18","1655251123559","Circle.kt","1.1.3 for 2021-2022 @t1",
"k","o",,"19","1655251123559","Circle.kt","1.1.3 for 2021-2022 @t1",
"e"," ","","19","1655251123565","Circle.kt","1.1.3 for 2021-2022 @t1",
"e",""," ","19","1655251123690","Circle.kt","1.1.3 for 2021-2022 @t1",
"e","l","","19","1655251123691","Circle.kt","1.1.3 for 2021-2022 @t1",
"k","l",,"20","1655251123693","Circle.kt","1.1.3 for 2021-2022 @t1",
"e"," ","","20","1655251123701","Circle.kt","1.1.3 for 2021-2022 @t1",
"e",""," ","20","1655251123829","Circle.kt","1.1.3 for 2021-2022 @t1",
"e","o","","20","1655251123830","Circle.kt","1.1.3 for 2021-2022 @t1",
"k","o",,"21","1655251123831","Circle.kt","1.1.3 for 2021-2022 @t1",
"e"," ","","21","1655251123837","Circle.kt","1.1.3 for 2021-2022 @t1",
"e",""," ","21","1655251123929","Circle.kt","1.1.3 for 2021-2022 @t1",
"e","r","","21","1655251123930","Circle.kt","1.1.3 for 2021-2022 @t1",
"k","r",,"22","1655251123935","Circle.kt","1.1.3 for 2021-2022 @t1",
"e","d","","22","1655251124284","Circle.kt","1.1.3 for 2021-2022 @t1",
"k","d",,"23","1655251124288","Circle.kt","1.1.3 for 2021-2022 @t1",
"e","","d","22","1655251124558","Circle.kt","1.1.3 for 2021-2022 @t1",
"e",":","","22","1655251124802","Circle.kt","1.1.3 for 2021-2022 @t1",
"k",":",,"23","1655251124806","Circle.kt","1.1.3 for 2021-2022 @t1",
"e"," ","","23","1655251124978","Circle.kt","1.1.3 for 2021-2022 @t1",
"k"," ",,"24","1655251124979","Circle.kt","1.1.3 for 2021-2022 @t1",
"e","S","","24","1655251125138","Circle.kt","1.1.3 for 2021-2022 @t1",
"k","S",,"25","1655251125139","Circle.kt","1.1.3 for 2021-2022 @t1",
"e"," ","","25","1655251125170","Circle.kt","1.1.3 for 2021-2022 @t1",
"e",""," ","25","1655251125228","Circle.kt","1.1.3 for 2021-2022 @t1",
"e","t","","25","1655251125229","Circle.kt","1.1.3 for 2021-2022 @t1",
"k","t",,"26","1655251125229","Circle.kt","1.1.3 for 2021-2022 @t1",
"e"," ","","26","1655251125245","Circle.kt","1.1.3 for 2021-2022 @t1",
"e",""," ","26","1655251125367","Circle.kt","1.1.3 for 2021-2022 @t1",
"e","r","","26","1655251125368","Circle.kt","1.1.3 for 2021-2022 @t1",
"k","r",,"27","1655251125369","Circle.kt","1.1.3 for 2021-2022 @t1",
"e"," ","","27","1655251125382","Circle.kt","1.1.3 for 2021-2022 @t1",
"e",""," ","27","1655251125423","Circle.kt","1.1.3 for 2021-2022 @t1",
"e","i","","27","1655251125424","Circle.kt","1.1.3 for 2021-2022 @t1",
"k","i",,"28","1655251125425","Circle.kt","1.1.3 for 2021-2022 @t1",
"e"," ","","28","1655251125446","Circle.kt","1.1.3 for 2021-2022 @t1",
"e",""," ","28","1655251125485","Circle.kt","1.1.3 for 2021-2022 @t1",
"e","n","","28","1655251125486","Circle.kt","1.1.3 for 2021-2022 @t1",
"k","n",,"29","1655251125488","Circle.kt","1.1.3 for 2021-2022 @t1",
"e"," ","","29","1655251125505","Circle.kt","1.1.3 for 2021-2022 @t1",
"e",""," ","29","1655251125566","Circle.kt","1.1.3 for 2021-2022 @t1",
"e","g","","29","1655251125567","Circle.kt","1.1.3 for 2021-2022 @t1",
"k","g",,"30","1655251125568","Circle.kt","1.1.3 for 2021-2022 @t1",
"e"," ","","30","1655251125586","Circle.kt","1.1.3 for 2021-2022 @t1",
"e",""," ","30","1655251125702","Circle.kt","1.1.3 for 2021-2022 @t1",
"e",",","","30","1655251125703","Circle.kt","1.1.3 for 2021-2022 @t1",
"k",",",,"31","1655251125704","Circle.kt","1.1.3 for 2021-2022 @t1",
"e"," ","","31","1655251125747","Circle.kt","1.1.3 for 2021-2022 @t1",
"k"," ",,"32","1655251125747","Circle.kt","1.1.3 for 2021-2022 @t1",
"e","v","","32","1655251126446","Circle.kt","1.1.3 for 2021-2022 @t1",
"k","v",,"33","1655251126447","Circle.kt","1.1.3 for 2021-2022 @t1",
"e"," ","","33","1655251126456","Circle.kt","1.1.3 for 2021-2022 @t1",
"e",""," ","33","1655251126496","Circle.kt","1.1.3 for 2021-2022 @t1",
"e","a","","33","1655251126497","Circle.kt","1.1.3 for 2021-2022 @t1",
"k","a",,"34","1655251126497","Circle.kt","1.1.3 for 2021-2022 @t1",
"e"," ","","34","1655251126503","Circle.kt","1.1.3 for 2021-2022 @t1",
"e",""," ","34","1655251126645","Circle.kt","1.1.3 for 2021-2022 @t1",
"e","l","","34","1655251126646","Circle.kt","1.1.3 for 2021-2022 @t1",
"k","l",,"35","1655251126647","Circle.kt","1.1.3 for 2021-2022 @t1",
"e"," ","","35","1655251126654","Circle.kt","1.1.3 for 2021-2022 @t1",
"e",""," ","35","1655251127227","Circle.kt","1.1.3 for 2021-2022 @t1",
"e"," ","","35","1655251127234","Circle.kt","1.1.3 for 2021-2022 @t1",
"k"," ",,"36","1655251127235","Circle.kt","1.1.3 for 2021-2022 @t1",
"e","x","","36","1655251127553","Circle.kt","1.1.3 for 2021-2022 @t1",
"k","x",,"37","1655251127554","Circle.kt","1.1.3 for 2021-2022 @t1",
"e"," ","","37","1655251127561","Circle.kt","1.1.3 for 2021-2022 @t1",
"e",""," ","37","1655251127801","Circle.kt","1.1.3 for 2021-2022 @t1",
"e","P","","37","1655251127802","Circle.kt","1.1.3 for 2021-2022 @t1",
"k","P",,"38","1655251127802","Circle.kt","1.1.3 for 2021-2022 @t1",
"e"," ","","38","1655251127809","Circle.kt","1.1.3 for 2021-2022 @t1",
"e",""," ","38","1655251127989","Circle.kt","1.1.3 for 2021-2022 @t1",
"e","o","","38","1655251127990","Circle.kt","1.1.3 for 2021-2022 @t1",
"k","o",,"39","1655251127990","Circle.kt","1.1.3 for 2021-2022 @t1",
"e"," ","","39","1655251128002","Circle.kt","1.1.3 for 2021-2022 @t1",
"e",""," ","39","1655251128098","Circle.kt","1.1.3 for 2021-2022 @t1",
"e","s","","39","1655251128099","Circle.kt","1.1.3 for 2021-2022 @t1",
"k","s",,"40","1655251128100","Circle.kt","1.1.3 for 2021-2022 @t1",
"e"," ","","40","1655251128110","Circle.kt","1.1.3 for 2021-2022 @t1",
"e",""," ","40","1655251128891","Circle.kt","1.1.3 for 2021-2022 @t1",
"e",":","","40","1655251128892","Circle.kt","1.1.3 for 2021-2022 @t1",
"k",":",,"41","1655251128893","Circle.kt","1.1.3 for 2021-2022 @t1",
"e"," ","","41","1655251129053","Circle.kt","1.1.3 for 2021-2022 @t1",
"k"," ",,"42","1655251129054","Circle.kt","1.1.3 for 2021-2022 @t1",
"e","I","","42","1655251129836","Circle.kt","1.1.3 for 2021-2022 @t1",
"k","I",,"43","1655251129837","Circle.kt","1.1.3 for 2021-2022 @t1",
"e"," ","","43","1655251129862","Circle.kt","1.1.3 for 2021-2022 @t1",
"e",""," ","43","1655251129902","Circle.kt","1.1.3 for 2021-2022 @t1",
"e","n","","43","1655251129903","Circle.kt","1.1.3 for 2021-2022 @t1",
"k","n",,"44","1655251129903","Circle.kt","1.1.3 for 2021-2022 @t1",
"e"," ","","44","1655251129923","Circle.kt","1.1.3 for 2021-2022 @t1",
"e",""," ","44","1655251130006","Circle.kt","1.1.3 for 2021-2022 @t1",
"e","t","","44","1655251130007","Circle.kt","1.1.3 for 2021-2022 @t1",
"k","t",,"45","1655251130007","Circle.kt","1.1.3 for 2021-2022 @t1",
"e"," ","","45","1655251130023","Circle.kt","1.1.3 for 2021-2022 @t1",
"e",""," ","45","1655251130187","Circle.kt","1.1.3 for 2021-2022 @t1",
"e",",","","45","1655251130188","Circle.kt","1.1.3 for 2021-2022 @t1",
"k",",",,"46","1655251130189","Circle.kt","1.1.3 for 2021-2022 @t1",
"e"," ","","46","1655251130259","Circle.kt","1.1.3 for 2021-2022 @t1",
"k"," ",,"47","1655251130260","Circle.kt","1.1.3 for 2021-2022 @t1",
"e","v","","47","1655251130534","Circle.kt","1.1.3 for 2021-2022 @t1",
"k","v",,"48","1655251130535","Circle.kt","1.1.3 for 2021-2022 @t1",
"e"," ","","48","1655251130544","Circle.kt","1.1.3 for 2021-2022 @t1",
"e",""," ","48","1655251130614","Circle.kt","1.1.3 for 2021-2022 @t1",
"e","a","","48","1655251130615","Circle.kt","1.1.3 for 2021-2022 @t1",
"k","a",,"49","1655251130615","Circle.kt","1.1.3 for 2021-2022 @t1",
"e"," ","","49","1655251130620","Circle.kt","1.1.3 for 2021-2022 @t1",
"e",""," ","49","1655251130705","Circle.kt","1.1.3 for 2021-2022 @t1",
"e","l","","49","1655251130706","Circle.kt","1.1.3 for 2021-2022 @t1",
"k","l",,"50","1655251130706","Circle.kt","1.1.3 for 2021-2022 @t1",
"e"," ","","50","1655251130711","Circle.kt","1.1.3 for 2021-2022 @t1",
"e",""," ","50","1655251131150","Circle.kt","1.1.3 for 2021-2022 @t1",
"e"," ","","50","1655251131156","Circle.kt","1.1.3 for 2021-2022 @t1",
"k"," ",,"51","1655251131157","Circle.kt","1.1.3 for 2021-2022 @t1",
"e","y","","51","1655251131589","Circle.kt","1.1.3 for 2021-2022 @t1",
"k","y",,"52","1655251131590","Circle.kt","1.1.3 for 2021-2022 @t1",
"e"," ","","52","1655251131596","Circle.kt","1.1.3 for 2021-2022 @t1",
"e",""," ","52","1655251132260","Circle.kt","1.1.3 for 2021-2022 @t1",
"e","P","","52","1655251132261","Circle.kt","1.1.3 for 2021-2022 @t1",
"k","P",,"53","1655251132262","Circle.kt","1.1.3 for 2021-2022 @t1",
"e","{","","53","1655251132266","Circle.kt","1.1.3 for 2021-2022 @t1",
"e","}","","54","1655251132267","Circle.kt","1.1.3 for 2021-2022 @t1",
"k","{",,"54","1655251132270","Circle.kt","1.1.3 for 2021-2022 @t1",
"e","o","","54","1655251132439","Circle.kt","1.1.3 for 2021-2022 @t1",
"k","o",,"55","1655251132440","Circle.kt","1.1.3 for 2021-2022 @t1",
"e","","P{o","52","1655251132448","Circle.kt","1.1.3 for 2021-2022 @t1",
"e"," ) {
    
    val color: String = """"
    
    
    val xPos: Int = 0
    val yPos: Int = 0
    
","","52","1655251132449","Circle.kt","1.1.3 for 2021-2022 @t1",
"e",""," ) {
    
    val color: String = """"
    
    
    val xPos: Int = 0
    val yPos: Int = 0
    
","52","1655251132448","Circle.kt","1.1.3 for 2021-2022 @t1",
"e","P{o$","","52","1655251132449","Circle.kt","1.1.3 for 2021-2022 @t1",
"e","","$","55","1655251132528","Circle.kt","1.1.3 for 2021-2022 @t1",
"e","s","","55","1655251132529","Circle.kt","1.1.3 for 2021-2022 @t1",
"k","s",,"56","1655251132531","Circle.kt","1.1.3 for 2021-2022 @t1",
"e","","s","55","1655251132760","Circle.kt","1.1.3 for 2021-2022 @t1",
"e","","o","54","1655251132894","Circle.kt","1.1.3 for 2021-2022 @t1",
"e","","{","53","1655251133015","Circle.kt","1.1.3 for 2021-2022 @t1",
"e","","}","53","1655251133016","Circle.kt","1.1.3 for 2021-2022 @t1",
"e","o","","53","1655251133227","Circle.kt","1.1.3 for 2021-2022 @t1",
"k","o",,"54","1655251133228","Circle.kt","1.1.3 for 2021-2022 @t1",
"e","","o) {
    
    val color: String = """"
    
    
    val xPos: Int = 0
    val yPos: Int = 0
    
","53","1655251133238","Circle.kt","1.1.3 for 2021-2022 @t1",
"e","{o$","","53","1655251133239","Circle.kt","1.1.3 for 2021-2022 @t1",
"e","","{o$","53","1655251133238","Circle.kt","1.1.3 for 2021-2022 @t1",
"e","o ) {
    
    val color: String = """"
    
    
    val xPos: Int = 0
    val yPos: Int = 0
    
","","53","1655251133239","Circle.kt","1.1.3 for 2021-2022 @t1",
"e",""," ","54","1655251133318","Circle.kt","1.1.3 for 2021-2022 @t1",
"e","s","","54","1655251133319","Circle.kt","1.1.3 for 2021-2022 @t1",
"k","s",,"55","1655251133319","Circle.kt","1.1.3 for 2021-2022 @t1",
"e"," ","","55","1655251133325","Circle.kt","1.1.3 for 2021-2022 @t1",
"e",""," ","55","1655251134103","Circle.kt","1.1.3 for 2021-2022 @t1",
"e",":","","55","1655251134104","Circle.kt","1.1.3 for 2021-2022 @t1",
"k",":",,"56","1655251134106","Circle.kt","1.1.3 for 2021-2022 @t1",
"e"," ","","56","1655251134273","Circle.kt","1.1.3 for 2021-2022 @t1",
"k"," ",,"57","1655251134273","Circle.kt","1.1.3 for 2021-2022 @t1",
"e","I","","57","1655251134416","Circle.kt","1.1.3 for 2021-2022 @t1",
"k","I",,"58","1655251134417","Circle.kt","1.1.3 for 2021-2022 @t1",
"e"," ","","58","1655251134436","Circle.kt","1.1.3 for 2021-2022 @t1",
"e",""," ","58","1655251134481","Circle.kt","1.1.3 for 2021-2022 @t1",
"e","N","","58","1655251134482","Circle.kt","1.1.3 for 2021-2022 @t1",
"k","N",,"59","1655251134482","Circle.kt","1.1.3 for 2021-2022 @t1",
"e"," ","","59","1655251134500","Circle.kt","1.1.3 for 2021-2022 @t1",
"e",""," ","59","1655251134535","Circle.kt","1.1.3 for 2021-2022 @t1",
"e","t","","59","1655251134536","Circle.kt","1.1.3 for 2021-2022 @t1",
"k","t",,"60","1655251134537","Circle.kt","1.1.3 for 2021-2022 @t1",
"e"," ","","60","1655251134553","Circle.kt","1.1.3 for 2021-2022 @t1",
"e",""," ","60","1655251137440","Circle.kt","1.1.3 for 2021-2022 @t1",
"e","","    val color: String = """"
    
    
    val xPos: Int = 0
    val yPos: Int = 0","69","1655251137440","Circle.kt","1.1.3 for 2021-2022 @t1",
"e","","
","69","1655251137612","Circle.kt","1.1.3 for 2021-2022 @t1",
"e",""," ","72","1655251138591","Circle.kt","1.1.3 for 2021-2022 @t1",
"e","","   
","69","1655251138592","Circle.kt","1.1.3 for 2021-2022 @t1",
"e","","    ","64","1655251151549","Circle.kt","1.1.3 for 2021-2022 @t1",
