"e","","No Phanon history found: /Users/josephditton/school/summer2022/5700/MicrosoftPiant/src/main/kotlin/ui/showyourwork/showyourwork.log Player unable to render
","0","1654043785746","MainViewModel.kt","1.1.3 for 2021-2022 @t1",
"e","","","0","1654043785746","MainViewModel.kt","1.1.3 for 2021-2022 @t1",
"e","","No Phanon history found: /Users/josephditton/school/summer2022/5700/MicrosoftPiant/src/main/kotlin/ui/showyourwork/showyourwork.log Player unable to render
","0","1654043785752","Controls.kt","1.1.3 for 2021-2022 @t1",
"e","","","0","1654043785752","Controls.kt","1.1.3 for 2021-2022 @t1",
"e","","No Phanon history found: /Users/josephditton/school/summer2022/5700/MicrosoftPiant/src/main/kotlin/ui/showyourwork/showyourwork.log Player unable to render
","0","1654043785752","IDE.kt","1.1.3 for 2021-2022 @t1",
"e","","","0","1654043785752","IDE.kt","1.1.3 for 2021-2022 @t1",
"e","","No Phanon history found: /Users/josephditton/school/summer2022/5700/MicrosoftPiant/src/main/kotlin/ui/showyourwork/showyourwork.log Player unable to render
","0","1654043785752","Tape.kt","1.1.3 for 2021-2022 @t1",
"e","","","0","1654043785752","Tape.kt","1.1.3 for 2021-2022 @t1",
"e","","No Phanon history found: /Users/josephditton/school/summer2022/5700/MicrosoftPiant/src/main/kotlin/ui/showyourwork/showyourwork.log Player unable to render
","0","1654043785752","IDEViewModel.kt","1.1.3 for 2021-2022 @t1",
"e","","","0","1654043785752","IDEViewModel.kt","1.1.3 for 2021-2022 @t1",
"e","","No Phanon history found: /Users/josephditton/school/summer2022/5700/MicrosoftPiant/src/main/kotlin/ui/showyourwork/showyourwork.log Player unable to render
","0","1654043785803","TrackerView.kt","1.1.3 for 2021-2022 @t1",
"e","","","0","1654043785803","TrackerView.kt","1.1.3 for 2021-2022 @t1",
"e","","No Phanon history found: /Users/josephditton/school/summer2022/5700/MicrosoftPiant/src/main/kotlin/ui/showyourwork/showyourwork.log Player unable to render
","0","1654043786100","MainViewModel.kt","1.1.3 for 2021-2022 @t1",
"e","","","0","1654043786100","MainViewModel.kt","1.1.3 for 2021-2022 @t1",
"e","","No Phanon history found: /Users/josephditton/school/summer2022/5700/MicrosoftPiant/src/main/kotlin/ui/showyourwork/showyourwork.log Player unable to render
","0","1654043786107","Controls.kt","1.1.3 for 2021-2022 @t1",
"e","","","0","1654043786107","Controls.kt","1.1.3 for 2021-2022 @t1",
"e","","No Phanon history found: /Users/josephditton/school/summer2022/5700/MicrosoftPiant/src/main/kotlin/ui/showyourwork/showyourwork.log Player unable to render
","0","1654043786107","IDE.kt","1.1.3 for 2021-2022 @t1",
"e","","","0","1654043786107","IDE.kt","1.1.3 for 2021-2022 @t1",
"e","","No Phanon history found: /Users/josephditton/school/summer2022/5700/MicrosoftPiant/src/main/kotlin/ui/showyourwork/showyourwork.log Player unable to render
","0","1654043786108","Tape.kt","1.1.3 for 2021-2022 @t1",
"e","","","0","1654043786108","Tape.kt","1.1.3 for 2021-2022 @t1",
"e","","No Phanon history found: /Users/josephditton/school/summer2022/5700/MicrosoftPiant/src/main/kotlin/ui/showyourwork/showyourwork.log Player unable to render
","0","1654043786108","IDEViewModel.kt","1.1.3 for 2021-2022 @t1",
"e","","","0","1654043786108","IDEViewModel.kt","1.1.3 for 2021-2022 @t1",
"e","","No Phanon history found: /Users/josephditton/school/summer2022/5700/MicrosoftPiant/src/main/kotlin/ui/showyourwork/showyourwork.log Player unable to render
","0","1654043786160","TrackerView.kt","1.1.3 for 2021-2022 @t1",
"e","","","0","1654043786160","TrackerView.kt","1.1.3 for 2021-2022 @t1",
