"e","package TaxStrategy

class TaxStrategy {
}","","0","1654040746602","TaxStrategy.kt","1.1.3 for 2021-2022 @t1",
"e","","class","21","1654040752954","TaxStrategy.kt","1.1.3 for 2021-2022 @t1",
"e","i","","21","1654040752955","TaxStrategy.kt","1.1.3 for 2021-2022 @t1",
"k","i",,"22","1654040752956","TaxStrategy.kt","1.1.3 for 2021-2022 @t1",
"e","$","","22","1654040752963","TaxStrategy.kt","1.1.3 for 2021-2022 @t1",
"e","","$","22","1654040753009","TaxStrategy.kt","1.1.3 for 2021-2022 @t1",
"e","n","","22","1654040753010","TaxStrategy.kt","1.1.3 for 2021-2022 @t1",
"k","n",,"23","1654040753012","TaxStrategy.kt","1.1.3 for 2021-2022 @t1",
"e","t","","23","1654040753061","TaxStrategy.kt","1.1.3 for 2021-2022 @t1",
"k","t",,"24","1654040753065","TaxStrategy.kt","1.1.3 for 2021-2022 @t1",
"e","e","","24","1654040753138","TaxStrategy.kt","1.1.3 for 2021-2022 @t1",
"k","e",,"25","1654040753141","TaxStrategy.kt","1.1.3 for 2021-2022 @t1",
"e","rface","","25","1654040753623","TaxStrategy.kt","1.1.3 for 2021-2022 @t1",
"e","
","","45","1654040754610","TaxStrategy.kt","1.1.3 for 2021-2022 @t1",
"e","    ","","45","1654040755073","TaxStrategy.kt","1.1.3 for 2021-2022 @t1",
"e","f","","49","1654040755616","TaxStrategy.kt","1.1.3 for 2021-2022 @t1",
"k","f",,"50","1654040755617","TaxStrategy.kt","1.1.3 for 2021-2022 @t1",
"e","$","","50","1654040755622","TaxStrategy.kt","1.1.3 for 2021-2022 @t1",
"e","","$","50","1654040755685","TaxStrategy.kt","1.1.3 for 2021-2022 @t1",
"e","u","","50","1654040755686","TaxStrategy.kt","1.1.3 for 2021-2022 @t1",
"k","u",,"51","1654040755688","TaxStrategy.kt","1.1.3 for 2021-2022 @t1",
"e","n","","51","1654040755833","TaxStrategy.kt","1.1.3 for 2021-2022 @t1",
"k","n",,"52","1654040755843","TaxStrategy.kt","1.1.3 for 2021-2022 @t1",
"e"," ","","52","1654040756274","TaxStrategy.kt","1.1.3 for 2021-2022 @t1",
"k"," ",,"53","1654040756275","TaxStrategy.kt","1.1.3 for 2021-2022 @t1",
"e","c","","53","1654040756527","TaxStrategy.kt","1.1.3 for 2021-2022 @t1",
"k","c",,"54","1654040756527","TaxStrategy.kt","1.1.3 for 2021-2022 @t1",
"e","X.f()$","","54","1654040756533","TaxStrategy.kt","1.1.3 for 2021-2022 @t1",
"e","","X.f()$","54","1654040756620","TaxStrategy.kt","1.1.3 for 2021-2022 @t1",
"e","a","","54","1654040756621","TaxStrategy.kt","1.1.3 for 2021-2022 @t1",
"k","a",,"55","1654040756624","TaxStrategy.kt","1.1.3 for 2021-2022 @t1",
"e","X.f()$","","55","1654040756629","TaxStrategy.kt","1.1.3 for 2021-2022 @t1",
"e","","X.f()$","55","1654040756741","TaxStrategy.kt","1.1.3 for 2021-2022 @t1",
"e","l","","55","1654040756742","TaxStrategy.kt","1.1.3 for 2021-2022 @t1",
"k","l",,"56","1654040756742","TaxStrategy.kt","1.1.3 for 2021-2022 @t1",
"e","c","","56","1654040756837","TaxStrategy.kt","1.1.3 for 2021-2022 @t1",
"k","c",,"57","1654040756838","TaxStrategy.kt","1.1.3 for 2021-2022 @t1",
"e","u","","57","1654040756954","TaxStrategy.kt","1.1.3 for 2021-2022 @t1",
"k","u",,"58","1654040756954","TaxStrategy.kt","1.1.3 for 2021-2022 @t1",
"e","l","","58","1654040757044","TaxStrategy.kt","1.1.3 for 2021-2022 @t1",
"k","l",,"59","1654040757044","TaxStrategy.kt","1.1.3 for 2021-2022 @t1",
"e","a","","59","1654040757118","TaxStrategy.kt","1.1.3 for 2021-2022 @t1",
"k","a",,"60","1654040757118","TaxStrategy.kt","1.1.3 for 2021-2022 @t1",
"e","t","","60","1654040757208","TaxStrategy.kt","1.1.3 for 2021-2022 @t1",
"k","t",,"61","1654040757209","TaxStrategy.kt","1.1.3 for 2021-2022 @t1",
"e","e","","61","1654040757516","TaxStrategy.kt","1.1.3 for 2021-2022 @t1",
"k","e",,"62","1654040757517","TaxStrategy.kt","1.1.3 for 2021-2022 @t1",
"e","T","","62","1654040757938","TaxStrategy.kt","1.1.3 for 2021-2022 @t1",
"k","T",,"63","1654040757939","TaxStrategy.kt","1.1.3 for 2021-2022 @t1",
"e","a","","63","1654040758073","TaxStrategy.kt","1.1.3 for 2021-2022 @t1",
"k","a",,"64","1654040758074","TaxStrategy.kt","1.1.3 for 2021-2022 @t1",
"e","x","","64","1654040758192","TaxStrategy.kt","1.1.3 for 2021-2022 @t1",
"k","x",,"65","1654040758193","TaxStrategy.kt","1.1.3 for 2021-2022 @t1",
"e","*","","65","1654040758493","TaxStrategy.kt","1.1.3 for 2021-2022 @t1",
"k","*",,"66","1654040758494","TaxStrategy.kt","1.1.3 for 2021-2022 @t1",
"e","(","","66","1654040758497","TaxStrategy.kt","1.1.3 for 2021-2022 @t1",
"e",")","","67","1654040758498","TaxStrategy.kt","1.1.3 for 2021-2022 @t1",
"k","(",,"67","1654040758500","TaxStrategy.kt","1.1.3 for 2021-2022 @t1",
"k",")",,"68","1654040758550","TaxStrategy.kt","1.1.3 for 2021-2022 @t1",
"e","","(","66","1654040759639","TaxStrategy.kt","1.1.3 for 2021-2022 @t1",
"e","",")","66","1654040759640","TaxStrategy.kt","1.1.3 for 2021-2022 @t1",
"e","","*","65","1654040760032","TaxStrategy.kt","1.1.3 for 2021-2022 @t1",
"e","(","","65","1654040760429","TaxStrategy.kt","1.1.3 for 2021-2022 @t1",
"e",")","","66","1654040760430","TaxStrategy.kt","1.1.3 for 2021-2022 @t1",
"k","(",,"66","1654040760432","TaxStrategy.kt","1.1.3 for 2021-2022 @t1",
"k",")",,"67","1654040760496","TaxStrategy.kt","1.1.3 for 2021-2022 @t1",
"e","d","","66","1654040761207","TaxStrategy.kt","1.1.3 for 2021-2022 @t1",
"k","d",,"67","1654040761207","TaxStrategy.kt","1.1.3 for 2021-2022 @t1",
"e","","lculateTax","55","1654040761212","TaxStrategy.kt","1.1.3 for 2021-2022 @t1",
"e","X.f","","55","1654040761213","TaxStrategy.kt","1.1.3 for 2021-2022 @t1",
"e","$","","60","1654040761214","TaxStrategy.kt","1.1.3 for 2021-2022 @t1",
"e","","X.f","55","1654040761213","TaxStrategy.kt","1.1.3 for 2021-2022 @t1",
"e","lculateTax","","55","1654040761214","TaxStrategy.kt","1.1.3 for 2021-2022 @t1",
"e","","$","67","1654040761294","TaxStrategy.kt","1.1.3 for 2021-2022 @t1",
"e","o","","67","1654040761295","TaxStrategy.kt","1.1.3 for 2021-2022 @t1",
"k","o",,"68","1654040761295","TaxStrategy.kt","1.1.3 for 2021-2022 @t1",
"e","$","","68","1654040761301","TaxStrategy.kt","1.1.3 for 2021-2022 @t1",
"e","","$","68","1654040761362","TaxStrategy.kt","1.1.3 for 2021-2022 @t1",
"e","u","","68","1654040761363","TaxStrategy.kt","1.1.3 for 2021-2022 @t1",
"k","u",,"69","1654040761362","TaxStrategy.kt","1.1.3 for 2021-2022 @t1",
"e","$","","69","1654040761368","TaxStrategy.kt","1.1.3 for 2021-2022 @t1",
"e","","$","69","1654040761503","TaxStrategy.kt","1.1.3 for 2021-2022 @t1",
"e","l","","69","1654040761504","TaxStrategy.kt","1.1.3 for 2021-2022 @t1",
"k","l",,"70","1654040761505","TaxStrategy.kt","1.1.3 for 2021-2022 @t1",
"e","$","","70","1654040761518","TaxStrategy.kt","1.1.3 for 2021-2022 @t1",
"e","","l$","69","1654040761762","TaxStrategy.kt","1.1.3 for 2021-2022 @t1",
"e","$","","69","1654040761772","TaxStrategy.kt","1.1.3 for 2021-2022 @t1",
"e","","u$","68","1654040761895","TaxStrategy.kt","1.1.3 for 2021-2022 @t1",
"e","$","","68","1654040761912","TaxStrategy.kt","1.1.3 for 2021-2022 @t1",
"e","","o$","67","1654040762035","TaxStrategy.kt","1.1.3 for 2021-2022 @t1",
"e","$","","67","1654040762042","TaxStrategy.kt","1.1.3 for 2021-2022 @t1",
"e","","d$","66","1654040762173","TaxStrategy.kt","1.1.3 for 2021-2022 @t1",
"e","t","","66","1654040779726","TaxStrategy.kt","1.1.3 for 2021-2022 @t1",
"k","t",,"67","1654040779727","TaxStrategy.kt","1.1.3 for 2021-2022 @t1",
"e","$","","67","1654040779732","TaxStrategy.kt","1.1.3 for 2021-2022 @t1",
"e","","$","67","1654040779848","TaxStrategy.kt","1.1.3 for 2021-2022 @t1",
"e","r","","67","1654040779849","TaxStrategy.kt","1.1.3 for 2021-2022 @t1",
"k","r",,"68","1654040779852","TaxStrategy.kt","1.1.3 for 2021-2022 @t1",
"e","$","","68","1654040779869","TaxStrategy.kt","1.1.3 for 2021-2022 @t1",
"e","","$","68","1654040779967","TaxStrategy.kt","1.1.3 for 2021-2022 @t1",
"e","a","","68","1654040779968","TaxStrategy.kt","1.1.3 for 2021-2022 @t1",
"k","a",,"69","1654040779969","TaxStrategy.kt","1.1.3 for 2021-2022 @t1",
"e","$","","69","1654040779978","TaxStrategy.kt","1.1.3 for 2021-2022 @t1",
"e","","$","69","1654040780088","TaxStrategy.kt","1.1.3 for 2021-2022 @t1",
"e","n","","69","1654040780089","TaxStrategy.kt","1.1.3 for 2021-2022 @t1",
"k","n",,"70","1654040780091","TaxStrategy.kt","1.1.3 for 2021-2022 @t1",
"e","$","","70","1654040780100","TaxStrategy.kt","1.1.3 for 2021-2022 @t1",
"e","","$","70","1654040780315","TaxStrategy.kt","1.1.3 for 2021-2022 @t1",
"e","s","","70","1654040780316","TaxStrategy.kt","1.1.3 for 2021-2022 @t1",
"k","s",,"71","1654040780321","TaxStrategy.kt","1.1.3 for 2021-2022 @t1",
"e","t","","71","1654040780630","TaxStrategy.kt","1.1.3 for 2021-2022 @t1",
"k","t",,"72","1654040780637","TaxStrategy.kt","1.1.3 for 2021-2022 @t1",
"e","","t","71","1654040780940","TaxStrategy.kt","1.1.3 for 2021-2022 @t1",
"e","a","","71","1654040781008","TaxStrategy.kt","1.1.3 for 2021-2022 @t1",
"k","a",,"72","1654040781011","TaxStrategy.kt","1.1.3 for 2021-2022 @t1",
"e","c","","72","1654040781138","TaxStrategy.kt","1.1.3 for 2021-2022 @t1",
"k","c",,"73","1654040781140","TaxStrategy.kt","1.1.3 for 2021-2022 @t1",
"e","t","","73","1654040781339","TaxStrategy.kt","1.1.3 for 2021-2022 @t1",
"k","t",,"74","1654040781342","TaxStrategy.kt","1.1.3 for 2021-2022 @t1",
"e","i","","74","1654040781385","TaxStrategy.kt","1.1.3 for 2021-2022 @t1",
"k","i",,"75","1654040781387","TaxStrategy.kt","1.1.3 for 2021-2022 @t1",
"e","o","","75","1654040781420","TaxStrategy.kt","1.1.3 for 2021-2022 @t1",
"k","o",,"76","1654040781423","TaxStrategy.kt","1.1.3 for 2021-2022 @t1",
"e","n","","76","1654040781480","TaxStrategy.kt","1.1.3 for 2021-2022 @t1",
"k","n",,"77","1654040781482","TaxStrategy.kt","1.1.3 for 2021-2022 @t1",
"e","A","","77","1654040781710","TaxStrategy.kt","1.1.3 for 2021-2022 @t1",
"k","A",,"78","1654040781714","TaxStrategy.kt","1.1.3 for 2021-2022 @t1",
"e","$","","78","1654040781727","TaxStrategy.kt","1.1.3 for 2021-2022 @t1",
"e","","$","78","1654040781897","TaxStrategy.kt","1.1.3 for 2021-2022 @t1",
"e","m","","78","1654040781898","TaxStrategy.kt","1.1.3 for 2021-2022 @t1",
"k","m",,"79","1654040781899","TaxStrategy.kt","1.1.3 for 2021-2022 @t1",
"e","$","","79","1654040781906","TaxStrategy.kt","1.1.3 for 2021-2022 @t1",
"e","","$","79","1654040782094","TaxStrategy.kt","1.1.3 for 2021-2022 @t1",
"e","o","","79","1654040782095","TaxStrategy.kt","1.1.3 for 2021-2022 @t1",
"k","o",,"80","1654040782095","TaxStrategy.kt","1.1.3 for 2021-2022 @t1",
"e","$","","80","1654040782101","TaxStrategy.kt","1.1.3 for 2021-2022 @t1",
"e","","$","80","1654040782177","TaxStrategy.kt","1.1.3 for 2021-2022 @t1",
"e","u","","80","1654040782178","TaxStrategy.kt","1.1.3 for 2021-2022 @t1",
"k","u",,"81","1654040782179","TaxStrategy.kt","1.1.3 for 2021-2022 @t1",
"e","$","","81","1654040782212","TaxStrategy.kt","1.1.3 for 2021-2022 @t1",
"e","","$","81","1654040782329","TaxStrategy.kt","1.1.3 for 2021-2022 @t1",
"e","n","","81","1654040782330","TaxStrategy.kt","1.1.3 for 2021-2022 @t1",
"k","n",,"82","1654040782332","TaxStrategy.kt","1.1.3 for 2021-2022 @t1",
"e","t","","82","1654040782629","TaxStrategy.kt","1.1.3 for 2021-2022 @t1",
"k","t",,"83","1654040782632","TaxStrategy.kt","1.1.3 for 2021-2022 @t1",
"e",":","","83","1654040783357","TaxStrategy.kt","1.1.3 for 2021-2022 @t1",
"k",":",,"84","1654040783359","TaxStrategy.kt","1.1.3 for 2021-2022 @t1",
"e"," ","","84","1654040783687","TaxStrategy.kt","1.1.3 for 2021-2022 @t1",
"k"," ",,"85","1654040783687","TaxStrategy.kt","1.1.3 for 2021-2022 @t1",
"e","D","","85","1654040787574","TaxStrategy.kt","1.1.3 for 2021-2022 @t1",
"k","D",,"86","1654040787574","TaxStrategy.kt","1.1.3 for 2021-2022 @t1",
"e","$","","86","1654040787582","TaxStrategy.kt","1.1.3 for 2021-2022 @t1",
"e","","$","86","1654040787678","TaxStrategy.kt","1.1.3 for 2021-2022 @t1",
"e","o","","86","1654040787679","TaxStrategy.kt","1.1.3 for 2021-2022 @t1",
"k","o",,"87","1654040787679","TaxStrategy.kt","1.1.3 for 2021-2022 @t1",
"e","$","","87","1654040787687","TaxStrategy.kt","1.1.3 for 2021-2022 @t1",
"e","","$","87","1654040787738","TaxStrategy.kt","1.1.3 for 2021-2022 @t1",
"e","u","","87","1654040787739","TaxStrategy.kt","1.1.3 for 2021-2022 @t1",
"k","u",,"88","1654040787739","TaxStrategy.kt","1.1.3 for 2021-2022 @t1",
"e","$","","88","1654040787746","TaxStrategy.kt","1.1.3 for 2021-2022 @t1",
"e","","$","88","1654040787868","TaxStrategy.kt","1.1.3 for 2021-2022 @t1",
"e","b","","88","1654040787869","TaxStrategy.kt","1.1.3 for 2021-2022 @t1",
"k","b",,"89","1654040787873","TaxStrategy.kt","1.1.3 for 2021-2022 @t1",
"e","l","","89","1654040787919","TaxStrategy.kt","1.1.3 for 2021-2022 @t1",
"k","l",,"90","1654040787924","TaxStrategy.kt","1.1.3 for 2021-2022 @t1",
"e","e","","90","1654040788014","TaxStrategy.kt","1.1.3 for 2021-2022 @t1",
"k","e",,"91","1654040788019","TaxStrategy.kt","1.1.3 for 2021-2022 @t1",
"e","package TaxStrategy

class CowabungaStrategy {
}","","0","1654040809770","CowabungaStrategy.kt","1.1.3 for 2021-2022 @t1",
"e",":","","44","1654040812117","CowabungaStrategy.kt","1.1.3 for 2021-2022 @t1",
"k",":",,"45","1654040812119","CowabungaStrategy.kt","1.1.3 for 2021-2022 @t1",
"e"," ","","45","1654040812244","CowabungaStrategy.kt","1.1.3 for 2021-2022 @t1",
"k"," ",,"46","1654040812245","CowabungaStrategy.kt","1.1.3 for 2021-2022 @t1",
"e","T","","46","1654040813224","CowabungaStrategy.kt","1.1.3 for 2021-2022 @t1",
"k","T",,"47","1654040813225","CowabungaStrategy.kt","1.1.3 for 2021-2022 @t1",
"e"," ","","48","1654040813234","CowabungaStrategy.kt","1.1.3 for 2021-2022 @t1",
"e",""," ","47","1654040813572","CowabungaStrategy.kt","1.1.3 for 2021-2022 @t1",
"e","a","","47","1654040813573","CowabungaStrategy.kt","1.1.3 for 2021-2022 @t1",
"k","a",,"48","1654040813578","CowabungaStrategy.kt","1.1.3 for 2021-2022 @t1",
"e"," ","","49","1654040813587","CowabungaStrategy.kt","1.1.3 for 2021-2022 @t1",
"e",""," ","48","1654040813718","CowabungaStrategy.kt","1.1.3 for 2021-2022 @t1",
"e","x","","48","1654040813719","CowabungaStrategy.kt","1.1.3 for 2021-2022 @t1",
"k","x",,"49","1654040813721","CowabungaStrategy.kt","1.1.3 for 2021-2022 @t1",
"e"," ","","50","1654040813732","CowabungaStrategy.kt","1.1.3 for 2021-2022 @t1",
"e",""," ","50","1654040813983","CowabungaStrategy.kt","1.1.3 for 2021-2022 @t1",
"e","Strategy","","49","1654040813985","CowabungaStrategy.kt","1.1.3 for 2021-2022 @t1",
"e","
","","60","1654040815539","CowabungaStrategy.kt","1.1.3 for 2021-2022 @t1",
"e","    ","","61","1654040815725","CowabungaStrategy.kt","1.1.3 for 2021-2022 @t1",
"e",""," ","64","1654040816452","CowabungaStrategy.kt","1.1.3 for 2021-2022 @t1",
"e","","   ","61","1654040816452","CowabungaStrategy.kt","1.1.3 for 2021-2022 @t1",
"e","override fun calculateTax(transactionAmount: kotlin.Double){TODO(""Not yet implemented"")
}","","59","1654040820733","CowabungaStrategy.kt","1.1.3 for 2021-2022 @t1",
"e","","kotlin","104","1654040820760","CowabungaStrategy.kt","1.1.3 for 2021-2022 @t1",
"e","",".","104","1654040820761","CowabungaStrategy.kt","1.1.3 for 2021-2022 @t1",
"e","
    ","","59","1654040820783","CowabungaStrategy.kt","1.1.3 for 2021-2022 @t1",
"e"," ","","116","1654040820783","CowabungaStrategy.kt","1.1.3 for 2021-2022 @t1",
"e","
        ","","118","1654040820784","CowabungaStrategy.kt","1.1.3 for 2021-2022 @t1",
"e","    ","","155","1654040820784","CowabungaStrategy.kt","1.1.3 for 2021-2022 @t1",
"e","","ide fun calculateTax(transactionAmount: Double) {
        TODO(""Not yet implemented"")","69","1654040823636","CowabungaStrategy.kt","1.1.3 for 2021-2022 @t1",
"e","ide fun calculateTax(transactionAmount: Double) {
        TODO(""Not yet implemented"")","","69","1654040824757","CowabungaStrategy.kt","1.1.3 for 2021-2022 @t1",
"e","","TODO(""Not yet implemented"")","127","1654040826248","CowabungaStrategy.kt","1.1.3 for 2021-2022 @t1",
"e","r","","127","1654040836385","CowabungaStrategy.kt","1.1.3 for 2021-2022 @t1",
"k","r",,"128","1654040836385","CowabungaStrategy.kt","1.1.3 for 2021-2022 @t1",
"e","","Strategy","49","1654040836392","CowabungaStrategy.kt","1.1.3 for 2021-2022 @t1",
"e"," ","","49","1654040836393","CowabungaStrategy.kt","1.1.3 for 2021-2022 @t1",
"e","$","","121","1654040836392","CowabungaStrategy.kt","1.1.3 for 2021-2022 @t1",
"e",""," ","49","1654040836392","CowabungaStrategy.kt","1.1.3 for 2021-2022 @t1",
"e","Strategy","","49","1654040836393","CowabungaStrategy.kt","1.1.3 for 2021-2022 @t1",
"e","","$","128","1654040836479","CowabungaStrategy.kt","1.1.3 for 2021-2022 @t1",
"e","e","","128","1654040836480","CowabungaStrategy.kt","1.1.3 for 2021-2022 @t1",
"k","e",,"129","1654040836479","CowabungaStrategy.kt","1.1.3 for 2021-2022 @t1",
"e","$","","129","1654040836486","CowabungaStrategy.kt","1.1.3 for 2021-2022 @t1",
"e","","e$","128","1654040836689","CowabungaStrategy.kt","1.1.3 for 2021-2022 @t1",
"e","$","","128","1654040836694","CowabungaStrategy.kt","1.1.3 for 2021-2022 @t1",
"e","","r$","127","1654040836872","CowabungaStrategy.kt","1.1.3 for 2021-2022 @t1",
"e","r","","127","1654040836988","CowabungaStrategy.kt","1.1.3 for 2021-2022 @t1",
"k","r",,"128","1654040836989","CowabungaStrategy.kt","1.1.3 for 2021-2022 @t1",
"e","e","","128","1654040837070","CowabungaStrategy.kt","1.1.3 for 2021-2022 @t1",
"k","e",,"129","1654040837071","CowabungaStrategy.kt","1.1.3 for 2021-2022 @t1",
"e","$","","129","1654040837078","CowabungaStrategy.kt","1.1.3 for 2021-2022 @t1",
"e","","$","129","1654040837155","CowabungaStrategy.kt","1.1.3 for 2021-2022 @t1",
"e","a","","129","1654040837156","CowabungaStrategy.kt","1.1.3 for 2021-2022 @t1",
"k","a",,"130","1654040837156","CowabungaStrategy.kt","1.1.3 for 2021-2022 @t1",
"e","$","","130","1654040837161","CowabungaStrategy.kt","1.1.3 for 2021-2022 @t1",
"e","","$","130","1654040837260","CowabungaStrategy.kt","1.1.3 for 2021-2022 @t1",
"e","u","","130","1654040837261","CowabungaStrategy.kt","1.1.3 for 2021-2022 @t1",
"k","u",,"131","1654040837261","CowabungaStrategy.kt","1.1.3 for 2021-2022 @t1",
"e","$","","131","1654040837269","CowabungaStrategy.kt","1.1.3 for 2021-2022 @t1",
"e","","$","131","1654040837454","CowabungaStrategy.kt","1.1.3 for 2021-2022 @t1",
"e","t","","131","1654040837455","CowabungaStrategy.kt","1.1.3 for 2021-2022 @t1",
"k","t",,"132","1654040837455","CowabungaStrategy.kt","1.1.3 for 2021-2022 @t1",
"e","$","","132","1654040837463","CowabungaStrategy.kt","1.1.3 for 2021-2022 @t1",
"e","","$","132","1654040837466","CowabungaStrategy.kt","1.1.3 for 2021-2022 @t1",
"e","n","","132","1654040837467","CowabungaStrategy.kt","1.1.3 for 2021-2022 @t1",
"k","n",,"133","1654040837467","CowabungaStrategy.kt","1.1.3 for 2021-2022 @t1",
"e","$","","133","1654040837472","CowabungaStrategy.kt","1.1.3 for 2021-2022 @t1",
"e","","n$","132","1654040837724","CowabungaStrategy.kt","1.1.3 for 2021-2022 @t1",
"e","$","","132","1654040837730","CowabungaStrategy.kt","1.1.3 for 2021-2022 @t1",
"e","","t$","131","1654040837853","CowabungaStrategy.kt","1.1.3 for 2021-2022 @t1",
"e","$","","131","1654040837860","CowabungaStrategy.kt","1.1.3 for 2021-2022 @t1",
"e","","u$","130","1654040837977","CowabungaStrategy.kt","1.1.3 for 2021-2022 @t1",
"e","$","","130","1654040837994","CowabungaStrategy.kt","1.1.3 for 2021-2022 @t1",
"e","","a$","129","1654040838097","CowabungaStrategy.kt","1.1.3 for 2021-2022 @t1",
"e","$","","129","1654040838110","CowabungaStrategy.kt","1.1.3 for 2021-2022 @t1",
"e","","e$","128","1654040838208","CowabungaStrategy.kt","1.1.3 for 2021-2022 @t1",
"e","$","","128","1654040838213","CowabungaStrategy.kt","1.1.3 for 2021-2022 @t1",
"e","","r$","127","1654040838316","CowabungaStrategy.kt","1.1.3 for 2021-2022 @t1",
"e","r","","127","1654040838828","CowabungaStrategy.kt","1.1.3 for 2021-2022 @t1",
"k","r",,"128","1654040838828","CowabungaStrategy.kt","1.1.3 for 2021-2022 @t1",
"e","e","","128","1654040838912","CowabungaStrategy.kt","1.1.3 for 2021-2022 @t1",
"k","e",,"129","1654040838913","CowabungaStrategy.kt","1.1.3 for 2021-2022 @t1",
"e","$","","129","1654040838917","CowabungaStrategy.kt","1.1.3 for 2021-2022 @t1",
"e","","$","129","1654040839435","CowabungaStrategy.kt","1.1.3 for 2021-2022 @t1",
"e","t","","129","1654040839436","CowabungaStrategy.kt","1.1.3 for 2021-2022 @t1",
"k","t",,"130","1654040839438","CowabungaStrategy.kt","1.1.3 for 2021-2022 @t1",
"e","u","","130","1654040839526","CowabungaStrategy.kt","1.1.3 for 2021-2022 @t1",
"k","u",,"131","1654040839529","CowabungaStrategy.kt","1.1.3 for 2021-2022 @t1",
"e","r","","131","1654040839653","CowabungaStrategy.kt","1.1.3 for 2021-2022 @t1",
"k","r",,"132","1654040839655","CowabungaStrategy.kt","1.1.3 for 2021-2022 @t1",
"e","n","","132","1654040839746","CowabungaStrategy.kt","1.1.3 for 2021-2022 @t1",
"k","n",,"133","1654040839751","CowabungaStrategy.kt","1.1.3 for 2021-2022 @t1",
"e"," ","","133","1654040839844","CowabungaStrategy.kt","1.1.3 for 2021-2022 @t1",
"k"," ",,"134","1654040839845","CowabungaStrategy.kt","1.1.3 for 2021-2022 @t1",
"e","t","","134","1654040842208","CowabungaStrategy.kt","1.1.3 for 2021-2022 @t1",
"k","t",,"135","1654040842209","CowabungaStrategy.kt","1.1.3 for 2021-2022 @t1",
"e","$","","135","1654040842215","CowabungaStrategy.kt","1.1.3 for 2021-2022 @t1",
"e","","$","135","1654040842413","CowabungaStrategy.kt","1.1.3 for 2021-2022 @t1",
"e","r","","135","1654040842414","CowabungaStrategy.kt","1.1.3 for 2021-2022 @t1",
"k","r",,"136","1654040842414","CowabungaStrategy.kt","1.1.3 for 2021-2022 @t1",
"e","$","","136","1654040842418","CowabungaStrategy.kt","1.1.3 for 2021-2022 @t1",
"e","","$","136","1654040842938","CowabungaStrategy.kt","1.1.3 for 2021-2022 @t1",
"e","ansactionAmount","","136","1654040842939","CowabungaStrategy.kt","1.1.3 for 2021-2022 @t1",
"e"," ","","151","1654040843288","CowabungaStrategy.kt","1.1.3 for 2021-2022 @t1",
"k"," ",,"152","1654040843289","CowabungaStrategy.kt","1.1.3 for 2021-2022 @t1",
"e","*","","152","1654040843890","CowabungaStrategy.kt","1.1.3 for 2021-2022 @t1",
"k","*",,"153","1654040843891","CowabungaStrategy.kt","1.1.3 for 2021-2022 @t1",
"e"," ","","153","1654040844018","CowabungaStrategy.kt","1.1.3 for 2021-2022 @t1",
"k"," ",,"154","1654040844018","CowabungaStrategy.kt","1.1.3 for 2021-2022 @t1",
"e","M","","154","1654040844450","CowabungaStrategy.kt","1.1.3 for 2021-2022 @t1",
"k","M",,"155","1654040844451","CowabungaStrategy.kt","1.1.3 for 2021-2022 @t1",
"e"," ","","155","1654040844455","CowabungaStrategy.kt","1.1.3 for 2021-2022 @t1",
"e",""," ","155","1654040844576","CowabungaStrategy.kt","1.1.3 for 2021-2022 @t1",
"e","a","","155","1654040844577","CowabungaStrategy.kt","1.1.3 for 2021-2022 @t1",
"k","a",,"156","1654040844580","CowabungaStrategy.kt","1.1.3 for 2021-2022 @t1",
"e"," ","","156","1654040844597","CowabungaStrategy.kt","1.1.3 for 2021-2022 @t1",
"e",""," ","156","1654040844659","CowabungaStrategy.kt","1.1.3 for 2021-2022 @t1",
"e","t","","156","1654040844660","CowabungaStrategy.kt","1.1.3 for 2021-2022 @t1",
"k","t",,"157","1654040844662","CowabungaStrategy.kt","1.1.3 for 2021-2022 @t1",
"e"," ","","157","1654040844670","CowabungaStrategy.kt","1.1.3 for 2021-2022 @t1",
"e",""," ","157","1654040844721","CowabungaStrategy.kt","1.1.3 for 2021-2022 @t1",
"e","h","","157","1654040844722","CowabungaStrategy.kt","1.1.3 for 2021-2022 @t1",
"k","h",,"158","1654040844723","CowabungaStrategy.kt","1.1.3 for 2021-2022 @t1",
"e"," ","","158","1654040844729","CowabungaStrategy.kt","1.1.3 for 2021-2022 @t1",
"e","","h ","157","1654040845363","CowabungaStrategy.kt","1.1.3 for 2021-2022 @t1",
"e"," ","","157","1654040845378","CowabungaStrategy.kt","1.1.3 for 2021-2022 @t1",
"e","","t ","156","1654040845499","CowabungaStrategy.kt","1.1.3 for 2021-2022 @t1",
"e"," ","","156","1654040845510","CowabungaStrategy.kt","1.1.3 for 2021-2022 @t1",
"e","","a ","155","1654040845631","CowabungaStrategy.kt","1.1.3 for 2021-2022 @t1",
"e"," ","","155","1654040845644","CowabungaStrategy.kt","1.1.3 for 2021-2022 @t1",
"e","","M ","154","1654040845780","CowabungaStrategy.kt","1.1.3 for 2021-2022 @t1",
"e","P","","154","1654040846177","CowabungaStrategy.kt","1.1.3 for 2021-2022 @t1",
"k","P",,"155","1654040846178","CowabungaStrategy.kt","1.1.3 for 2021-2022 @t1",
"e"," ","","155","1654040846183","CowabungaStrategy.kt","1.1.3 for 2021-2022 @t1",
"e",""," ","155","1654040846786","CowabungaStrategy.kt","1.1.3 for 2021-2022 @t1",
"e","i","","155","1654040846787","CowabungaStrategy.kt","1.1.3 for 2021-2022 @t1",
"k","i",,"156","1654040846789","CowabungaStrategy.kt","1.1.3 for 2021-2022 @t1",
"e"," ","","156","1654040846795","CowabungaStrategy.kt","1.1.3 for 2021-2022 @t1",
"e",""," ","156","1654040847435","CowabungaStrategy.kt","1.1.3 for 2021-2022 @t1",
"e","","i","155","1654040847436","CowabungaStrategy.kt","1.1.3 for 2021-2022 @t1",
"e","I","","155","1654040847437","CowabungaStrategy.kt","1.1.3 for 2021-2022 @t1",
"e","_root_ide_package_.kotlin.math.","","154","1654040847442","CowabungaStrategy.kt","1.1.3 for 2021-2022 @t1",
"e"," ","","187","1654040847443","CowabungaStrategy.kt","1.1.3 for 2021-2022 @t1",
"e","
 ","","19","1654040847474","CowabungaStrategy.kt","1.1.3 for 2021-2022 @t1",
"e","import kotlin.math.PI","","21","1654040847475","CowabungaStrategy.kt","1.1.3 for 2021-2022 @t1",
"e","","_root_ide_package_.kotlin.math.","177","1654040847498","CowabungaStrategy.kt","1.1.3 for 2021-2022 @t1",
"e",""," ","20","1654040847504","CowabungaStrategy.kt","1.1.3 for 2021-2022 @t1",
"e","
","","20","1654040847505","CowabungaStrategy.kt","1.1.3 for 2021-2022 @t1",
"e",""," ","179","1654040847506","CowabungaStrategy.kt","1.1.3 for 2021-2022 @t1",
"e",":","","92","1654040853295","TaxStrategy.kt","1.1.3 for 2021-2022 @t1",
"k",":",,"93","1654040853297","TaxStrategy.kt","1.1.3 for 2021-2022 @t1",
"e","",":
","92","1654040853300","TaxStrategy.kt","1.1.3 for 2021-2022 @t1",
"e","

","","21","1654040853300","TaxStrategy.kt","1.1.3 for 2021-2022 @t1",
"e","","

","21","1654040853430","TaxStrategy.kt","1.1.3 for 2021-2022 @t1",
"e",": 
","","92","1654040853430","TaxStrategy.kt","1.1.3 for 2021-2022 @t1",
"k"," ",,"94","1654040853430","TaxStrategy.kt","1.1.3 for 2021-2022 @t1",
"e","D","","94","1654040853588","TaxStrategy.kt","1.1.3 for 2021-2022 @t1",
"k","D",,"95","1654040853588","TaxStrategy.kt","1.1.3 for 2021-2022 @t1",
"e","$","","95","1654040853607","TaxStrategy.kt","1.1.3 for 2021-2022 @t1",
"e","","$","95","1654040853687","TaxStrategy.kt","1.1.3 for 2021-2022 @t1",
"e","o","","95","1654040853688","TaxStrategy.kt","1.1.3 for 2021-2022 @t1",
"k","o",,"96","1654040853688","TaxStrategy.kt","1.1.3 for 2021-2022 @t1",
"e","$","","96","1654040853708","TaxStrategy.kt","1.1.3 for 2021-2022 @t1",
"e","","$","96","1654040853776","TaxStrategy.kt","1.1.3 for 2021-2022 @t1",
"e","u","","96","1654040853777","TaxStrategy.kt","1.1.3 for 2021-2022 @t1",
"k","u",,"97","1654040853777","TaxStrategy.kt","1.1.3 for 2021-2022 @t1",
"e","$","","97","1654040853792","TaxStrategy.kt","1.1.3 for 2021-2022 @t1",
"e","","$","97","1654040853908","TaxStrategy.kt","1.1.3 for 2021-2022 @t1",
"e","b","","97","1654040853909","TaxStrategy.kt","1.1.3 for 2021-2022 @t1",
"k","b",,"98","1654040853913","TaxStrategy.kt","1.1.3 for 2021-2022 @t1",
"e","$","","98","1654040853960","TaxStrategy.kt","1.1.3 for 2021-2022 @t1",
"e","","$","98","1654040853969","TaxStrategy.kt","1.1.3 for 2021-2022 @t1",
"e","l","","98","1654040853970","TaxStrategy.kt","1.1.3 for 2021-2022 @t1",
"k","l",,"99","1654040853973","TaxStrategy.kt","1.1.3 for 2021-2022 @t1",
"e","$","","99","1654040853995","TaxStrategy.kt","1.1.3 for 2021-2022 @t1",
"e","","$","99","1654040854066","TaxStrategy.kt","1.1.3 for 2021-2022 @t1",
"e","e","","99","1654040854067","TaxStrategy.kt","1.1.3 for 2021-2022 @t1",
"k","e",,"100","1654040854071","TaxStrategy.kt","1.1.3 for 2021-2022 @t1",
"e","$","","100","1654040854096","TaxStrategy.kt","1.1.3 for 2021-2022 @t1",
"e",":","","139","1654040857196","CowabungaStrategy.kt","1.1.3 for 2021-2022 @t1",
"k",":",,"140","1654040857199","CowabungaStrategy.kt","1.1.3 for 2021-2022 @t1",
"e"," ","","140","1654040857342","CowabungaStrategy.kt","1.1.3 for 2021-2022 @t1",
"k"," ",,"141","1654040857342","CowabungaStrategy.kt","1.1.3 for 2021-2022 @t1",
"e","D","","141","1654040857488","CowabungaStrategy.kt","1.1.3 for 2021-2022 @t1",
"k","D",,"142","1654040857489","CowabungaStrategy.kt","1.1.3 for 2021-2022 @t1",
"e","","import kotlin.math.PI

","21","1654040857499","CowabungaStrategy.kt","1.1.3 for 2021-2022 @t1",
"e","$","","119","1654040857499","CowabungaStrategy.kt","1.1.3 for 2021-2022 @t1",
"e","import kotlin.math.PI

","","21","1654040857499","CowabungaStrategy.kt","1.1.3 for 2021-2022 @t1",
"e","","$","142","1654040857601","CowabungaStrategy.kt","1.1.3 for 2021-2022 @t1",
"e","o","","142","1654040857602","CowabungaStrategy.kt","1.1.3 for 2021-2022 @t1",
"k","o",,"143","1654040857602","CowabungaStrategy.kt","1.1.3 for 2021-2022 @t1",
"e","i","","143","1654040857606","CowabungaStrategy.kt","1.1.3 for 2021-2022 @t1",
"k","i",,"144","1654040857607","CowabungaStrategy.kt","1.1.3 for 2021-2022 @t1",
"e","$","","144","1654040857614","CowabungaStrategy.kt","1.1.3 for 2021-2022 @t1",
"e","","$","144","1654040857688","CowabungaStrategy.kt","1.1.3 for 2021-2022 @t1",
"e","u","","144","1654040857689","CowabungaStrategy.kt","1.1.3 for 2021-2022 @t1",
"k","u",,"145","1654040857688","CowabungaStrategy.kt","1.1.3 for 2021-2022 @t1",
"e","$","","145","1654040857696","CowabungaStrategy.kt","1.1.3 for 2021-2022 @t1",
"e","","u$","144","1654040857983","CowabungaStrategy.kt","1.1.3 for 2021-2022 @t1",
"e","","i","143","1654040858125","CowabungaStrategy.kt","1.1.3 for 2021-2022 @t1",
"e","u","","143","1654040858320","CowabungaStrategy.kt","1.1.3 for 2021-2022 @t1",
"k","u",,"144","1654040858321","CowabungaStrategy.kt","1.1.3 for 2021-2022 @t1",
"e","$","","144","1654040858329","CowabungaStrategy.kt","1.1.3 for 2021-2022 @t1",
"e","","u$","143","1654040858643","CowabungaStrategy.kt","1.1.3 for 2021-2022 @t1",
"e","$","","143","1654040858652","CowabungaStrategy.kt","1.1.3 for 2021-2022 @t1",
"e","","$","143","1654040858734","CowabungaStrategy.kt","1.1.3 for 2021-2022 @t1",
"e","b","","143","1654040858735","CowabungaStrategy.kt","1.1.3 for 2021-2022 @t1",
"k","b",,"144","1654040858738","CowabungaStrategy.kt","1.1.3 for 2021-2022 @t1",
"e","$","","144","1654040858746","CowabungaStrategy.kt","1.1.3 for 2021-2022 @t1",
"e","","$","144","1654040858821","CowabungaStrategy.kt","1.1.3 for 2021-2022 @t1",
"e","u","","144","1654040858822","CowabungaStrategy.kt","1.1.3 for 2021-2022 @t1",
"k","u",,"145","1654040858823","CowabungaStrategy.kt","1.1.3 for 2021-2022 @t1",
"e","$","","145","1654040858833","CowabungaStrategy.kt","1.1.3 for 2021-2022 @t1",
"e","","u$","144","1654040859217","CowabungaStrategy.kt","1.1.3 for 2021-2022 @t1",
"e","$","","144","1654040859230","CowabungaStrategy.kt","1.1.3 for 2021-2022 @t1",
"e","","b$","143","1654040859339","CowabungaStrategy.kt","1.1.3 for 2021-2022 @t1",
"e","$","","143","1654040859349","CowabungaStrategy.kt","1.1.3 for 2021-2022 @t1",
"e","","$","143","1654040859475","CowabungaStrategy.kt","1.1.3 for 2021-2022 @t1",
"e","u","","143","1654040859476","CowabungaStrategy.kt","1.1.3 for 2021-2022 @t1",
"k","u",,"144","1654040859477","CowabungaStrategy.kt","1.1.3 for 2021-2022 @t1",
"e","$","","144","1654040859483","CowabungaStrategy.kt","1.1.3 for 2021-2022 @t1",
"e","","$","144","1654040859557","CowabungaStrategy.kt","1.1.3 for 2021-2022 @t1",
"e","b","","144","1654040859558","CowabungaStrategy.kt","1.1.3 for 2021-2022 @t1",
"k","b",,"145","1654040859559","CowabungaStrategy.kt","1.1.3 for 2021-2022 @t1",
"e","$","","145","1654040859565","CowabungaStrategy.kt","1.1.3 for 2021-2022 @t1",
"e","","$","145","1654040859654","CowabungaStrategy.kt","1.1.3 for 2021-2022 @t1",
"e","l","","145","1654040859655","CowabungaStrategy.kt","1.1.3 for 2021-2022 @t1",
"k","l",,"146","1654040859656","CowabungaStrategy.kt","1.1.3 for 2021-2022 @t1",
"e","$","","146","1654040859662","CowabungaStrategy.kt","1.1.3 for 2021-2022 @t1",
"e","","$","146","1654040859752","CowabungaStrategy.kt","1.1.3 for 2021-2022 @t1",
"e","e","","146","1654040859753","CowabungaStrategy.kt","1.1.3 for 2021-2022 @t1",
"k","e",,"147","1654040859757","CowabungaStrategy.kt","1.1.3 for 2021-2022 @t1",
"e","(","","185","1654040876711","CowabungaStrategy.kt","1.1.3 for 2021-2022 @t1",
"k","(",,"186","1654040876713","CowabungaStrategy.kt","1.1.3 for 2021-2022 @t1",
"e","/","","188","1654040877609","CowabungaStrategy.kt","1.1.3 for 2021-2022 @t1",
"k","/",,"189","1654040877609","CowabungaStrategy.kt","1.1.3 for 2021-2022 @t1",
"e","1","","189","1654040877833","CowabungaStrategy.kt","1.1.3 for 2021-2022 @t1",
"k","1",,"190","1654040877834","CowabungaStrategy.kt","1.1.3 for 2021-2022 @t1",
"e","$","","190","1654040877846","CowabungaStrategy.kt","1.1.3 for 2021-2022 @t1",
"e","","$","190","1654040877915","CowabungaStrategy.kt","1.1.3 for 2021-2022 @t1",
"e","0","","190","1654040877916","CowabungaStrategy.kt","1.1.3 for 2021-2022 @t1",
"k","0",,"191","1654040877916","CowabungaStrategy.kt","1.1.3 for 2021-2022 @t1",
"e","0","","191","1654040878018","CowabungaStrategy.kt","1.1.3 for 2021-2022 @t1",
"k","0",,"192","1654040878018","CowabungaStrategy.kt","1.1.3 for 2021-2022 @t1",
"e",".","","192","1654040878714","CowabungaStrategy.kt","1.1.3 for 2021-2022 @t1",
"k",".",,"193","1654040878716","CowabungaStrategy.kt","1.1.3 for 2021-2022 @t1",
"e","$","","193","1654040878720","CowabungaStrategy.kt","1.1.3 for 2021-2022 @t1",
"e","","$","193","1654040878926","CowabungaStrategy.kt","1.1.3 for 2021-2022 @t1",
"e","0","","193","1654040878927","CowabungaStrategy.kt","1.1.3 for 2021-2022 @t1",
"k","0",,"194","1654040878948","CowabungaStrategy.kt","1.1.3 for 2021-2022 @t1",
"e",")","","194","1654040879667","CowabungaStrategy.kt","1.1.3 for 2021-2022 @t1",
"k",")",,"195","1654040879668","CowabungaStrategy.kt","1.1.3 for 2021-2022 @t1",
"e","package TaxStrategy

class YourMom {
}","","0","1654040900316","YourMom.kt","1.1.3 for 2021-2022 @t1",
"e",":","","34","1654040902594","YourMom.kt","1.1.3 for 2021-2022 @t1",
"k",":",,"35","1654040902596","YourMom.kt","1.1.3 for 2021-2022 @t1",
"e"," ","","35","1654040902725","YourMom.kt","1.1.3 for 2021-2022 @t1",
"k"," ",,"36","1654040902726","YourMom.kt","1.1.3 for 2021-2022 @t1",
"e","T","","36","1654040905732","YourMom.kt","1.1.3 for 2021-2022 @t1",
"k","T",,"37","1654040905734","YourMom.kt","1.1.3 for 2021-2022 @t1",
"e"," ","","38","1654040905740","YourMom.kt","1.1.3 for 2021-2022 @t1",
"e",""," ","37","1654040906086","YourMom.kt","1.1.3 for 2021-2022 @t1",
"e","a","","37","1654040906087","YourMom.kt","1.1.3 for 2021-2022 @t1",
"k","a",,"38","1654040906093","YourMom.kt","1.1.3 for 2021-2022 @t1",
"e"," ","","39","1654040906101","YourMom.kt","1.1.3 for 2021-2022 @t1",
"e",""," ","38","1654040906233","YourMom.kt","1.1.3 for 2021-2022 @t1",
"e","x","","38","1654040906234","YourMom.kt","1.1.3 for 2021-2022 @t1",
"k","x",,"39","1654040906235","YourMom.kt","1.1.3 for 2021-2022 @t1",
"e"," ","","40","1654040906243","YourMom.kt","1.1.3 for 2021-2022 @t1",
"e",""," ","40","1654040906460","YourMom.kt","1.1.3 for 2021-2022 @t1",
"e","Strategy","","39","1654040906461","YourMom.kt","1.1.3 for 2021-2022 @t1",
"e","override fun calculateTax(transactionAmount: kotlin.Double): kotlin.Double{TODO(""Not yet implemented"")
}","","49","1654040911009","YourMom.kt","1.1.3 for 2021-2022 @t1",
"e","","kotlin","94","1654040911020","YourMom.kt","1.1.3 for 2021-2022 @t1",
"e","",".","94","1654040911021","YourMom.kt","1.1.3 for 2021-2022 @t1",
"e","","kotlin","103","1654040911022","YourMom.kt","1.1.3 for 2021-2022 @t1",
"e","",".","103","1654040911023","YourMom.kt","1.1.3 for 2021-2022 @t1",
"e","
    ","","49","1654040911028","YourMom.kt","1.1.3 for 2021-2022 @t1",
"e"," ","","114","1654040911029","YourMom.kt","1.1.3 for 2021-2022 @t1",
"e","
        ","","116","1654040911030","YourMom.kt","1.1.3 for 2021-2022 @t1",
"e","    ","","153","1654040911031","YourMom.kt","1.1.3 for 2021-2022 @t1",
"e","","TODO(""Not yet implemented"")","125","1654040914127","YourMom.kt","1.1.3 for 2021-2022 @t1",
"e","r","","125","1654040914663","YourMom.kt","1.1.3 for 2021-2022 @t1",
"k","r",,"126","1654040914664","YourMom.kt","1.1.3 for 2021-2022 @t1",
"e","","Strategy","39","1654040914683","YourMom.kt","1.1.3 for 2021-2022 @t1",
"e"," ","","39","1654040914684","YourMom.kt","1.1.3 for 2021-2022 @t1",
"e","$","","119","1654040914683","YourMom.kt","1.1.3 for 2021-2022 @t1",
"e",""," ","39","1654040914683","YourMom.kt","1.1.3 for 2021-2022 @t1",
"e","Strategy","","39","1654040914684","YourMom.kt","1.1.3 for 2021-2022 @t1",
"e","","$","126","1654040914790","YourMom.kt","1.1.3 for 2021-2022 @t1",
"e","e","","126","1654040914791","YourMom.kt","1.1.3 for 2021-2022 @t1",
"k","e",,"127","1654040914791","YourMom.kt","1.1.3 for 2021-2022 @t1",
"e","$","","127","1654040914798","YourMom.kt","1.1.3 for 2021-2022 @t1",
"e","","$","127","1654040914838","YourMom.kt","1.1.3 for 2021-2022 @t1",
"e","t","","127","1654040914839","YourMom.kt","1.1.3 for 2021-2022 @t1",
"k","t",,"128","1654040914838","YourMom.kt","1.1.3 for 2021-2022 @t1",
"e","$","","128","1654040914842","YourMom.kt","1.1.3 for 2021-2022 @t1",
"e","","$","128","1654040914935","YourMom.kt","1.1.3 for 2021-2022 @t1",
"e","u","","128","1654040914936","YourMom.kt","1.1.3 for 2021-2022 @t1",
"k","u",,"129","1654040914936","YourMom.kt","1.1.3 for 2021-2022 @t1",
"e","$","","129","1654040914941","YourMom.kt","1.1.3 for 2021-2022 @t1",
"e","","$","129","1654040915023","YourMom.kt","1.1.3 for 2021-2022 @t1",
"e","r","","129","1654040915024","YourMom.kt","1.1.3 for 2021-2022 @t1",
"k","r",,"130","1654040915023","YourMom.kt","1.1.3 for 2021-2022 @t1",
"e","$","","130","1654040915027","YourMom.kt","1.1.3 for 2021-2022 @t1",
"e","","$","130","1654040915092","YourMom.kt","1.1.3 for 2021-2022 @t1",
"e","n","","130","1654040915093","YourMom.kt","1.1.3 for 2021-2022 @t1",
"k","n",,"131","1654040915093","YourMom.kt","1.1.3 for 2021-2022 @t1",
"e","$","","131","1654040915097","YourMom.kt","1.1.3 for 2021-2022 @t1",
"e","","$","131","1654040915518","YourMom.kt","1.1.3 for 2021-2022 @t1",
"e"," ","","131","1654040915519","YourMom.kt","1.1.3 for 2021-2022 @t1",
"k"," ",,"132","1654040915519","YourMom.kt","1.1.3 for 2021-2022 @t1",
"e",".","","132","1654040923239","YourMom.kt","1.1.3 for 2021-2022 @t1",
"k",".",,"133","1654040923241","YourMom.kt","1.1.3 for 2021-2022 @t1",
"e","$","","133","1654040923245","YourMom.kt","1.1.3 for 2021-2022 @t1",
"e","","$","133","1654040923852","YourMom.kt","1.1.3 for 2021-2022 @t1",
"e","1","","133","1654040923853","YourMom.kt","1.1.3 for 2021-2022 @t1",
"k","1",,"134","1654040923866","YourMom.kt","1.1.3 for 2021-2022 @t1",
"e","$","","134","1654040923873","YourMom.kt","1.1.3 for 2021-2022 @t1",
"e","","$","134","1654040924048","YourMom.kt","1.1.3 for 2021-2022 @t1",
"e","7","","134","1654040924049","YourMom.kt","1.1.3 for 2021-2022 @t1",
"k","7",,"135","1654040924049","YourMom.kt","1.1.3 for 2021-2022 @t1",
"e"," ","","135","1654040925002","YourMom.kt","1.1.3 for 2021-2022 @t1",
"k"," ",,"136","1654040925003","YourMom.kt","1.1.3 for 2021-2022 @t1",
"e","+","","136","1654040926066","YourMom.kt","1.1.3 for 2021-2022 @t1",
"k","+",,"137","1654040926067","YourMom.kt","1.1.3 for 2021-2022 @t1",
"e"," ","","137","1654040926552","YourMom.kt","1.1.3 for 2021-2022 @t1",
"k"," ",,"138","1654040926553","YourMom.kt","1.1.3 for 2021-2022 @t1",
"e","t","","138","1654040927025","YourMom.kt","1.1.3 for 2021-2022 @t1",
"k","t",,"139","1654040927025","YourMom.kt","1.1.3 for 2021-2022 @t1",
"e"," ","","139","1654040927030","YourMom.kt","1.1.3 for 2021-2022 @t1",
"e",""," ","139","1654040927189","YourMom.kt","1.1.3 for 2021-2022 @t1",
"e","r","","139","1654040927190","YourMom.kt","1.1.3 for 2021-2022 @t1",
"k","r",,"140","1654040927190","YourMom.kt","1.1.3 for 2021-2022 @t1",
"e"," ","","140","1654040927196","YourMom.kt","1.1.3 for 2021-2022 @t1",
"e",""," ","140","1654040927774","YourMom.kt","1.1.3 for 2021-2022 @t1",
"e","ansactionAmount","","140","1654040927775","YourMom.kt","1.1.3 for 2021-2022 @t1",
"e"," ","","155","1654040928492","YourMom.kt","1.1.3 for 2021-2022 @t1",
"k"," ",,"156","1654040928492","YourMom.kt","1.1.3 for 2021-2022 @t1",
"e","*","","156","1654040928767","YourMom.kt","1.1.3 for 2021-2022 @t1",
"k","*",,"157","1654040928767","YourMom.kt","1.1.3 for 2021-2022 @t1",
"e"," ","","157","1654040928913","YourMom.kt","1.1.3 for 2021-2022 @t1",
"k"," ",,"158","1654040928913","YourMom.kt","1.1.3 for 2021-2022 @t1",
"e",".","","158","1654040929436","YourMom.kt","1.1.3 for 2021-2022 @t1",
"k",".",,"159","1654040929437","YourMom.kt","1.1.3 for 2021-2022 @t1",
"e","$","","159","1654040929445","YourMom.kt","1.1.3 for 2021-2022 @t1",
"e","","$","159","1654040930030","YourMom.kt","1.1.3 for 2021-2022 @t1",
"e","0","","159","1654040930031","YourMom.kt","1.1.3 for 2021-2022 @t1",
"k","0",,"160","1654040930049","YourMom.kt","1.1.3 for 2021-2022 @t1",
"e","$","","160","1654040930054","YourMom.kt","1.1.3 for 2021-2022 @t1",
"e","","$","160","1654040930185","YourMom.kt","1.1.3 for 2021-2022 @t1",
"e","0","","160","1654040930186","YourMom.kt","1.1.3 for 2021-2022 @t1",
"k","0",,"161","1654040930186","YourMom.kt","1.1.3 for 2021-2022 @t1",
"e","0","","161","1654040930365","YourMom.kt","1.1.3 for 2021-2022 @t1",
"k","0",,"162","1654040930365","YourMom.kt","1.1.3 for 2021-2022 @t1",
"e","1","","162","1654040930639","YourMom.kt","1.1.3 for 2021-2022 @t1",
"k","1",,"163","1654040930640","YourMom.kt","1.1.3 for 2021-2022 @t1",
"e","package TaxStrategy

class ClownTown {
}","","0","1654040945210","ClownTown.kt","1.1.3 for 2021-2022 @t1",
"e","Strategy","","34","1654040957695","YourMom.kt","1.1.3 for 2021-2022 @t1",
"e","Strategy","","36","1654040965334","ClownTown.kt","1.1.3 for 2021-2022 @t1",
"e","package TaxStrategy

class ClownTownStrategy {

}","","0","1654040967702","ClownTownStrategy.kt","1.1.3 for 2021-2022 @t1",
"e","    ","","47","1654040967704","ClownTownStrategy.kt","1.1.3 for 2021-2022 @t1",
"e",":","","44","1654040969312","ClownTownStrategy.kt","1.1.3 for 2021-2022 @t1",
"k",":",,"45","1654040969313","ClownTownStrategy.kt","1.1.3 for 2021-2022 @t1",
"e"," ","","45","1654040969495","ClownTownStrategy.kt","1.1.3 for 2021-2022 @t1",
"k"," ",,"46","1654040969495","ClownTownStrategy.kt","1.1.3 for 2021-2022 @t1",
"e","T","","46","1654040969698","ClownTownStrategy.kt","1.1.3 for 2021-2022 @t1",
"k","T",,"47","1654040969699","ClownTownStrategy.kt","1.1.3 for 2021-2022 @t1",
"e"," ","","48","1654040969707","ClownTownStrategy.kt","1.1.3 for 2021-2022 @t1",
"e",""," ","47","1654040969873","ClownTownStrategy.kt","1.1.3 for 2021-2022 @t1",
"e","a","","47","1654040969874","ClownTownStrategy.kt","1.1.3 for 2021-2022 @t1",
"k","a",,"48","1654040969879","ClownTownStrategy.kt","1.1.3 for 2021-2022 @t1",
"e"," ","","49","1654040969890","ClownTownStrategy.kt","1.1.3 for 2021-2022 @t1",
"e",""," ","49","1654040970349","ClownTownStrategy.kt","1.1.3 for 2021-2022 @t1",
"e","xStrategy","","48","1654040970350","ClownTownStrategy.kt","1.1.3 for 2021-2022 @t1",
"e","override fun calculateTax(transactionAmount: kotlin.Double): kotlin.Double{TODO(""Not yet implemented"")
}","","59","1654040974078","ClownTownStrategy.kt","1.1.3 for 2021-2022 @t1",
"e","","kotlin","104","1654040974090","ClownTownStrategy.kt","1.1.3 for 2021-2022 @t1",
"e","",".","104","1654040974092","ClownTownStrategy.kt","1.1.3 for 2021-2022 @t1",
"e","","kotlin","113","1654040974094","ClownTownStrategy.kt","1.1.3 for 2021-2022 @t1",
"e","",".","113","1654040974095","ClownTownStrategy.kt","1.1.3 for 2021-2022 @t1",
"e","
    ","","59","1654040974100","ClownTownStrategy.kt","1.1.3 for 2021-2022 @t1",
"e"," ","","124","1654040974101","ClownTownStrategy.kt","1.1.3 for 2021-2022 @t1",
"e","
        ","","126","1654040974102","ClownTownStrategy.kt","1.1.3 for 2021-2022 @t1",
"e","    ","","163","1654040974103","ClownTownStrategy.kt","1.1.3 for 2021-2022 @t1",
"e","","    ","169","1654040974104","ClownTownStrategy.kt","1.1.3 for 2021-2022 @t1",
"e","","TODO(""Not yet implemented"")","135","1654040977103","ClownTownStrategy.kt","1.1.3 for 2021-2022 @t1",
"e","a","","135","1654040980338","ClownTownStrategy.kt","1.1.3 for 2021-2022 @t1",
"k","a",,"136","1654040980338","ClownTownStrategy.kt","1.1.3 for 2021-2022 @t1",
"e","","xStrategy","48","1654040980345","ClownTownStrategy.kt","1.1.3 for 2021-2022 @t1",
"e"," ","","48","1654040980346","ClownTownStrategy.kt","1.1.3 for 2021-2022 @t1",
"e","$","","128","1654040980345","ClownTownStrategy.kt","1.1.3 for 2021-2022 @t1",
"e",""," ","48","1654040980345","ClownTownStrategy.kt","1.1.3 for 2021-2022 @t1",
"e","xStrategy","","48","1654040980346","ClownTownStrategy.kt","1.1.3 for 2021-2022 @t1",
"e","","$","136","1654040980374","ClownTownStrategy.kt","1.1.3 for 2021-2022 @t1",
"e","s","","136","1654040980375","ClownTownStrategy.kt","1.1.3 for 2021-2022 @t1",
"k","s",,"137","1654040980375","ClownTownStrategy.kt","1.1.3 for 2021-2022 @t1",
"e","$","","137","1654040980382","ClownTownStrategy.kt","1.1.3 for 2021-2022 @t1",
"e","","$","137","1654040980429","ClownTownStrategy.kt","1.1.3 for 2021-2022 @t1",
"e","d","","137","1654040980430","ClownTownStrategy.kt","1.1.3 for 2021-2022 @t1",
"k","d",,"138","1654040980429","ClownTownStrategy.kt","1.1.3 for 2021-2022 @t1",
"e","$","","138","1654040980433","ClownTownStrategy.kt","1.1.3 for 2021-2022 @t1",
"e","","$","138","1654040980486","ClownTownStrategy.kt","1.1.3 for 2021-2022 @t1",
"e","f","","138","1654040980487","ClownTownStrategy.kt","1.1.3 for 2021-2022 @t1",
"k","f",,"139","1654040980487","ClownTownStrategy.kt","1.1.3 for 2021-2022 @t1",
"e","$","","139","1654040980491","ClownTownStrategy.kt","1.1.3 for 2021-2022 @t1",
"e","","f$","138","1654040980560","ClownTownStrategy.kt","1.1.3 for 2021-2022 @t1",
"e","$","","138","1654040980564","ClownTownStrategy.kt","1.1.3 for 2021-2022 @t1",
"e","","d$","137","1654040980693","ClownTownStrategy.kt","1.1.3 for 2021-2022 @t1",
"e","$","","137","1654040980698","ClownTownStrategy.kt","1.1.3 for 2021-2022 @t1",
"e","","s$","136","1654040980819","ClownTownStrategy.kt","1.1.3 for 2021-2022 @t1",
"e","$","","136","1654040980833","ClownTownStrategy.kt","1.1.3 for 2021-2022 @t1",
"e","","a$","135","1654040980938","ClownTownStrategy.kt","1.1.3 for 2021-2022 @t1",
"e",""," ","134","1654040983070","ClownTownStrategy.kt","1.1.3 for 2021-2022 @t1",
"e","","   
    ","131","1654040983071","ClownTownStrategy.kt","1.1.3 for 2021-2022 @t1",
"e","    
","","127","1654040983617","ClownTownStrategy.kt","1.1.3 for 2021-2022 @t1",
"e","    ","","131","1654040983618","ClownTownStrategy.kt","1.1.3 for 2021-2022 @t1",
"e","a","","135","1654040984551","ClownTownStrategy.kt","1.1.3 for 2021-2022 @t1",
"k","a",,"136","1654040984551","ClownTownStrategy.kt","1.1.3 for 2021-2022 @t1",
"e","s","","136","1654040984609","ClownTownStrategy.kt","1.1.3 for 2021-2022 @t1",
"k","s",,"137","1654040984610","ClownTownStrategy.kt","1.1.3 for 2021-2022 @t1",
"e","$","","137","1654040984613","ClownTownStrategy.kt","1.1.3 for 2021-2022 @t1",
"e","","$","137","1654040984647","ClownTownStrategy.kt","1.1.3 for 2021-2022 @t1",
"e","d","","137","1654040984648","ClownTownStrategy.kt","1.1.3 for 2021-2022 @t1",
"k","d",,"138","1654040984648","ClownTownStrategy.kt","1.1.3 for 2021-2022 @t1",
"e","$","","138","1654040984653","ClownTownStrategy.kt","1.1.3 for 2021-2022 @t1",
"e","","$","138","1654040984740","ClownTownStrategy.kt","1.1.3 for 2021-2022 @t1",
"e","f","","138","1654040984741","ClownTownStrategy.kt","1.1.3 for 2021-2022 @t1",
"k","f",,"139","1654040984740","ClownTownStrategy.kt","1.1.3 for 2021-2022 @t1",
"e","$","","139","1654040984745","ClownTownStrategy.kt","1.1.3 for 2021-2022 @t1",
"e","","f$","138","1654040984809","ClownTownStrategy.kt","1.1.3 for 2021-2022 @t1",
"e","$","","138","1654040984815","ClownTownStrategy.kt","1.1.3 for 2021-2022 @t1",
"e","","d$","137","1654040984946","ClownTownStrategy.kt","1.1.3 for 2021-2022 @t1",
"e","$","","137","1654040984950","ClownTownStrategy.kt","1.1.3 for 2021-2022 @t1",
"e","","s$","136","1654040985087","ClownTownStrategy.kt","1.1.3 for 2021-2022 @t1",
"e","$","","136","1654040985099","ClownTownStrategy.kt","1.1.3 for 2021-2022 @t1",
"e","","a$","135","1654040985218","ClownTownStrategy.kt","1.1.3 for 2021-2022 @t1",
"e",".","","135","1654040988887","ClownTownStrategy.kt","1.1.3 for 2021-2022 @t1",
"k",".",,"136","1654040988888","ClownTownStrategy.kt","1.1.3 for 2021-2022 @t1",
"e","$","","136","1654040988893","ClownTownStrategy.kt","1.1.3 for 2021-2022 @t1",
"e","",".$","135","1654040989381","ClownTownStrategy.kt","1.1.3 for 2021-2022 @t1",
"e","t","","135","1654040991130","ClownTownStrategy.kt","1.1.3 for 2021-2022 @t1",
"k","t",,"136","1654040991131","ClownTownStrategy.kt","1.1.3 for 2021-2022 @t1",
"e","$","","136","1654040991137","ClownTownStrategy.kt","1.1.3 for 2021-2022 @t1",
"e","","$","136","1654040991266","ClownTownStrategy.kt","1.1.3 for 2021-2022 @t1",
"e","r","","136","1654040991267","ClownTownStrategy.kt","1.1.3 for 2021-2022 @t1",
"k","r",,"137","1654040991269","ClownTownStrategy.kt","1.1.3 for 2021-2022 @t1",
"e","$","","137","1654040991279","ClownTownStrategy.kt","1.1.3 for 2021-2022 @t1",
"e","","$","137","1654040991326","ClownTownStrategy.kt","1.1.3 for 2021-2022 @t1",
"e","a","","137","1654040991327","ClownTownStrategy.kt","1.1.3 for 2021-2022 @t1",
"k","a",,"138","1654040991328","ClownTownStrategy.kt","1.1.3 for 2021-2022 @t1",
"e","$","","138","1654040991334","ClownTownStrategy.kt","1.1.3 for 2021-2022 @t1",
"e","","$","138","1654040991421","ClownTownStrategy.kt","1.1.3 for 2021-2022 @t1",
"e","n","","138","1654040991422","ClownTownStrategy.kt","1.1.3 for 2021-2022 @t1",
"k","n",,"139","1654040991424","ClownTownStrategy.kt","1.1.3 for 2021-2022 @t1",
"e","$","","139","1654040991433","ClownTownStrategy.kt","1.1.3 for 2021-2022 @t1",
"e","","$","139","1654040991743","ClownTownStrategy.kt","1.1.3 for 2021-2022 @t1",
"e","sactionAmount","","139","1654040991744","ClownTownStrategy.kt","1.1.3 for 2021-2022 @t1",
"e",".","","152","1654040992001","ClownTownStrategy.kt","1.1.3 for 2021-2022 @t1",
"k",".",,"153","1654040992003","ClownTownStrategy.kt","1.1.3 for 2021-2022 @t1",
"e","$","","153","1654040992006","ClownTownStrategy.kt","1.1.3 for 2021-2022 @t1",
"e","",".$","152","1654040992382","ClownTownStrategy.kt","1.1.3 for 2021-2022 @t1",
"e","","t","151","1654040992879","ClownTownStrategy.kt","1.1.3 for 2021-2022 @t1",
"e","","n","150","1654040993130","ClownTownStrategy.kt","1.1.3 for 2021-2022 @t1",
"e","","u","149","1654040993163","ClownTownStrategy.kt","1.1.3 for 2021-2022 @t1",
"e","","o","148","1654040993196","ClownTownStrategy.kt","1.1.3 for 2021-2022 @t1",
"e","","m","147","1654040993229","ClownTownStrategy.kt","1.1.3 for 2021-2022 @t1",
"e","","A","146","1654040993263","ClownTownStrategy.kt","1.1.3 for 2021-2022 @t1",
"e","","n","145","1654040993296","ClownTownStrategy.kt","1.1.3 for 2021-2022 @t1",
"e","","o","144","1654040993330","ClownTownStrategy.kt","1.1.3 for 2021-2022 @t1",
"e","","i","143","1654040993364","ClownTownStrategy.kt","1.1.3 for 2021-2022 @t1",
"e","","t","142","1654040993397","ClownTownStrategy.kt","1.1.3 for 2021-2022 @t1",
"e","","c","141","1654040993431","ClownTownStrategy.kt","1.1.3 for 2021-2022 @t1",
"e","","a","140","1654040993464","ClownTownStrategy.kt","1.1.3 for 2021-2022 @t1",
"e","","s","139","1654040993498","ClownTownStrategy.kt","1.1.3 for 2021-2022 @t1",
"e","","n","138","1654040993533","ClownTownStrategy.kt","1.1.3 for 2021-2022 @t1",
"e","","a","137","1654040993567","ClownTownStrategy.kt","1.1.3 for 2021-2022 @t1",
"e","","r","136","1654040993711","ClownTownStrategy.kt","1.1.3 for 2021-2022 @t1",
"e","","t","135","1654040993849","ClownTownStrategy.kt","1.1.3 for 2021-2022 @t1",
"e","r","","135","1654040993898","ClownTownStrategy.kt","1.1.3 for 2021-2022 @t1",
"k","r",,"136","1654040993899","ClownTownStrategy.kt","1.1.3 for 2021-2022 @t1",
"e","$","","136","1654040993904","ClownTownStrategy.kt","1.1.3 for 2021-2022 @t1",
"e","","$","136","1654040993975","ClownTownStrategy.kt","1.1.3 for 2021-2022 @t1",
"e","e","","136","1654040993976","ClownTownStrategy.kt","1.1.3 for 2021-2022 @t1",
"k","e",,"137","1654040993976","ClownTownStrategy.kt","1.1.3 for 2021-2022 @t1",
"e","$","","137","1654040993980","ClownTownStrategy.kt","1.1.3 for 2021-2022 @t1",
"e","","$","137","1654040994074","ClownTownStrategy.kt","1.1.3 for 2021-2022 @t1",
"e","t","","137","1654040994075","ClownTownStrategy.kt","1.1.3 for 2021-2022 @t1",
"k","t",,"138","1654040994075","ClownTownStrategy.kt","1.1.3 for 2021-2022 @t1",
"e","$","","138","1654040994078","ClownTownStrategy.kt","1.1.3 for 2021-2022 @t1",
"e","","$","138","1654040994156","ClownTownStrategy.kt","1.1.3 for 2021-2022 @t1",
"e","u","","138","1654040994157","ClownTownStrategy.kt","1.1.3 for 2021-2022 @t1",
"k","u",,"139","1654040994157","ClownTownStrategy.kt","1.1.3 for 2021-2022 @t1",
"e","$","","139","1654040994161","ClownTownStrategy.kt","1.1.3 for 2021-2022 @t1",
"e","","$","139","1654040994242","ClownTownStrategy.kt","1.1.3 for 2021-2022 @t1",
"e","r","","139","1654040994243","ClownTownStrategy.kt","1.1.3 for 2021-2022 @t1",
"k","r",,"140","1654040994243","ClownTownStrategy.kt","1.1.3 for 2021-2022 @t1",
"e","$","","140","1654040994248","ClownTownStrategy.kt","1.1.3 for 2021-2022 @t1",
"e","","$","140","1654040994334","ClownTownStrategy.kt","1.1.3 for 2021-2022 @t1",
"e","n","","140","1654040994335","ClownTownStrategy.kt","1.1.3 for 2021-2022 @t1",
"k","n",,"141","1654040994335","ClownTownStrategy.kt","1.1.3 for 2021-2022 @t1",
"e","$","","141","1654040994339","ClownTownStrategy.kt","1.1.3 for 2021-2022 @t1",
"e","","$","141","1654040994398","ClownTownStrategy.kt","1.1.3 for 2021-2022 @t1",
"e"," ","","141","1654040994400","ClownTownStrategy.kt","1.1.3 for 2021-2022 @t1",
"k"," ",,"142","1654040994400","ClownTownStrategy.kt","1.1.3 for 2021-2022 @t1",
"e","t","","142","1654040994520","ClownTownStrategy.kt","1.1.3 for 2021-2022 @t1",
"k","t",,"143","1654040994521","ClownTownStrategy.kt","1.1.3 for 2021-2022 @t1",
"e","$","","143","1654040994527","ClownTownStrategy.kt","1.1.3 for 2021-2022 @t1",
"e","","$","143","1654040994649","ClownTownStrategy.kt","1.1.3 for 2021-2022 @t1",
"e","r","","143","1654040994650","ClownTownStrategy.kt","1.1.3 for 2021-2022 @t1",
"k","r",,"144","1654040994652","ClownTownStrategy.kt","1.1.3 for 2021-2022 @t1",
"e","$","","144","1654040994659","ClownTownStrategy.kt","1.1.3 for 2021-2022 @t1",
"e","","$","144","1654040994736","ClownTownStrategy.kt","1.1.3 for 2021-2022 @t1",
"e","a","","144","1654040994737","ClownTownStrategy.kt","1.1.3 for 2021-2022 @t1",
"k","a",,"145","1654040994738","ClownTownStrategy.kt","1.1.3 for 2021-2022 @t1",
"e","$","","145","1654040994744","ClownTownStrategy.kt","1.1.3 for 2021-2022 @t1",
"e","","$","145","1654040995001","ClownTownStrategy.kt","1.1.3 for 2021-2022 @t1",
"e","nsactionAmount","","145","1654040995002","ClownTownStrategy.kt","1.1.3 for 2021-2022 @t1",
"e"," ","","159","1654040995260","ClownTownStrategy.kt","1.1.3 for 2021-2022 @t1",
"k"," ",,"160","1654040995261","ClownTownStrategy.kt","1.1.3 for 2021-2022 @t1",
"e","*","","160","1654040995963","ClownTownStrategy.kt","1.1.3 for 2021-2022 @t1",
"k","*",,"161","1654040995963","ClownTownStrategy.kt","1.1.3 for 2021-2022 @t1",
"e"," ","","161","1654040996118","ClownTownStrategy.kt","1.1.3 for 2021-2022 @t1",
"k"," ",,"162","1654040996119","ClownTownStrategy.kt","1.1.3 for 2021-2022 @t1",
"e",".","","162","1654040997597","ClownTownStrategy.kt","1.1.3 for 2021-2022 @t1",
"k",".",,"163","1654040997598","ClownTownStrategy.kt","1.1.3 for 2021-2022 @t1",
"e","$","","163","1654040997602","ClownTownStrategy.kt","1.1.3 for 2021-2022 @t1",
"e","","$","163","1654040997705","ClownTownStrategy.kt","1.1.3 for 2021-2022 @t1",
"e","2","","163","1654040997706","ClownTownStrategy.kt","1.1.3 for 2021-2022 @t1",
"k","2",,"164","1654040997718","ClownTownStrategy.kt","1.1.3 for 2021-2022 @t1",
"e","$","","164","1654040997722","ClownTownStrategy.kt","1.1.3 for 2021-2022 @t1",
"e","","$","164","1654040997788","ClownTownStrategy.kt","1.1.3 for 2021-2022 @t1",
"e","5","","164","1654040997789","ClownTownStrategy.kt","1.1.3 for 2021-2022 @t1",
"k","5",,"165","1654040997789","ClownTownStrategy.kt","1.1.3 for 2021-2022 @t1",
"e"," ","","165","1654040998234","ClownTownStrategy.kt","1.1.3 for 2021-2022 @t1",
"k"," ",,"166","1654040998235","ClownTownStrategy.kt","1.1.3 for 2021-2022 @t1",
"e","+","","166","1654041000521","ClownTownStrategy.kt","1.1.3 for 2021-2022 @t1",
"k","+",,"167","1654041000522","ClownTownStrategy.kt","1.1.3 for 2021-2022 @t1",
"e"," ","","167","1654041000679","ClownTownStrategy.kt","1.1.3 for 2021-2022 @t1",
"k"," ",,"168","1654041000680","ClownTownStrategy.kt","1.1.3 for 2021-2022 @t1",
"e",".","","168","1654041002147","ClownTownStrategy.kt","1.1.3 for 2021-2022 @t1",
"k",".",,"169","1654041002149","ClownTownStrategy.kt","1.1.3 for 2021-2022 @t1",
"e","","25 + .","163","1654041002153","ClownTownStrategy.kt","1.1.3 for 2021-2022 @t1",
"e","$","","163","1654041002154","ClownTownStrategy.kt","1.1.3 for 2021-2022 @t1",
"e","","*","160","1654041002153","ClownTownStrategy.kt","1.1.3 for 2021-2022 @t1",
"e","+","","160","1654041002154","ClownTownStrategy.kt","1.1.3 for 2021-2022 @t1",
"e","* .25 ","","160","1654041002153","ClownTownStrategy.kt","1.1.3 for 2021-2022 @t1",
"e","","$","169","1654041002242","ClownTownStrategy.kt","1.1.3 for 2021-2022 @t1",
"e","6","","169","1654041002243","ClownTownStrategy.kt","1.1.3 for 2021-2022 @t1",
"k","6",,"170","1654041002250","ClownTownStrategy.kt","1.1.3 for 2021-2022 @t1",
"e","$","","170","1654041002255","ClownTownStrategy.kt","1.1.3 for 2021-2022 @t1",
"e","(","","162","1654041014675","ClownTownStrategy.kt","1.1.3 for 2021-2022 @t1",
"e","","$","171","1654041014675","ClownTownStrategy.kt","1.1.3 for 2021-2022 @t1",
"k","(",,"163","1654041014677","ClownTownStrategy.kt","1.1.3 for 2021-2022 @t1",
"e",")","","171","1654041017019","ClownTownStrategy.kt","1.1.3 for 2021-2022 @t1",
"k",")",,"172","1654041017021","ClownTownStrategy.kt","1.1.3 for 2021-2022 @t1",
"e","0","","170","1654041473688","ClownTownStrategy.kt","1.1.3 for 2021-2022 @t1",
"k","0",,"171","1654041473689","ClownTownStrategy.kt","1.1.3 for 2021-2022 @t1",
"e","$","","171","1654041473695","ClownTownStrategy.kt","1.1.3 for 2021-2022 @t1",
