"e","","No Phanon history found: /Users/josephditton/school/summer2022/5700/Iterators/src/main/kotlin/logic/showyourwork/showyourwork.log Player unable to render
","0","1654820033739","ShipmentEnded.kt","1.1.3 for 2021-2022 @t1",
"e","","","0","1654820033739","ShipmentEnded.kt","1.1.3 for 2021-2022 @t1",
"e","","No Phanon history found: /Users/josephditton/school/summer2022/5700/Iterators/src/main/kotlin/logic/showyourwork/showyourwork.log Player unable to render
","0","1654820033739","Shipment.kt","1.1.3 for 2021-2022 @t1",
"e","","","0","1654820033739","Shipment.kt","1.1.3 for 2021-2022 @t1",
"e","","No Phanon history found: /Users/josephditton/school/summer2022/5700/Iterators/src/main/kotlin/logic/showyourwork/showyourwork.log Player unable to render
","0","1654820033739","ShippingUpdateTranslator.kt","1.1.3 for 2021-2022 @t1",
"e","","","0","1654820033739","ShippingUpdateTranslator.kt","1.1.3 for 2021-2022 @t1",
"e","","No Phanon history found: /Users/josephditton/school/summer2022/5700/Iterators/src/main/kotlin/logic/showyourwork/showyourwork.log Player unable to render
","0","1654820033739","TrackingSimulator.kt","1.1.3 for 2021-2022 @t1",
"e","","","0","1654820033739","TrackingSimulator.kt","1.1.3 for 2021-2022 @t1",
"e","","No Phanon history found: /Users/josephditton/school/summer2022/5700/Iterators/src/main/kotlin/logic/showyourwork/showyourwork.log Player unable to render
","0","1654820033739","NoteAddedUpdate.kt","1.1.3 for 2021-2022 @t1",
"e","","","0","1654820033739","NoteAddedUpdate.kt","1.1.3 for 2021-2022 @t1",
"e","","No Phanon history found: /Users/josephditton/school/summer2022/5700/Iterators/src/main/kotlin/logic/showyourwork/showyourwork.log Player unable to render
","0","1654820033739","ShipmentDeliveryDateAdjustment.kt","1.1.3 for 2021-2022 @t1",
"e","","","0","1654820033739","ShipmentDeliveryDateAdjustment.kt","1.1.3 for 2021-2022 @t1",
"e","","No Phanon history found: /Users/josephditton/school/summer2022/5700/Iterators/src/main/kotlin/logic/showyourwork/showyourwork.log Player unable to render
","0","1654820033740","ShippingUpdate.kt","1.1.3 for 2021-2022 @t1",
"e","","","0","1654820033740","ShippingUpdate.kt","1.1.3 for 2021-2022 @t1",
"e","","No Phanon history found: /Users/josephditton/school/summer2022/5700/Iterators/src/main/kotlin/logic/showyourwork/showyourwork.log Player unable to render
","0","1654820033740","StatusUpdate.kt","1.1.3 for 2021-2022 @t1",
"e","","","0","1654820033740","StatusUpdate.kt","1.1.3 for 2021-2022 @t1",
"e","","No Phanon history found: /Users/josephditton/school/summer2022/5700/Iterators/src/main/kotlin/logic/showyourwork/showyourwork.log Player unable to render
","0","1654820033740","LocationUpdate.kt","1.1.3 for 2021-2022 @t1",
"e","","","0","1654820033740","LocationUpdate.kt","1.1.3 for 2021-2022 @t1",
"e","","No Phanon history found: /Users/josephditton/school/summer2022/5700/Iterators/src/main/kotlin/logic/showyourwork/showyourwork.log Player unable to render
","0","1654820033740","ShipmentCreated.kt","1.1.3 for 2021-2022 @t1",
"e","","","0","1654820033740","ShipmentCreated.kt","1.1.3 for 2021-2022 @t1",
"e","","No Phanon history found: /Users/josephditton/school/summer2022/5700/Iterators/src/main/kotlin/logic/showyourwork/showyourwork.log Player unable to render
","0","1654820033740","UpdateType.kt","1.1.3 for 2021-2022 @t1",
"e","","","0","1654820033740","UpdateType.kt","1.1.3 for 2021-2022 @t1",
"e","","No Phanon history found: /Users/josephditton/school/summer2022/5700/Iterators/src/main/kotlin/logic/showyourwork/showyourwork.log Player unable to render
","0","1654820033740","TrackerViewHelper.java","1.1.3 for 2021-2022 @t1",
"e","","","0","1654820033740","TrackerViewHelper.java","1.1.3 for 2021-2022 @t1",
"e","","No Phanon history found: /Users/josephditton/school/summer2022/5700/Iterators/src/main/kotlin/logic/showyourwork/showyourwork.log Player unable to render
","0","1654820033740","TrackerViewHelper.kt","1.1.3 for 2021-2022 @t1",
"e","","","0","1654820033740","TrackerViewHelper.kt","1.1.3 for 2021-2022 @t1",
"e","","No Phanon history found: /Users/josephditton/school/summer2022/5700/Iterators/src/main/kotlin/logic/showyourwork/showyourwork.log Player unable to render
","0","1654820033775","ShipmentEnded.kt","1.1.3 for 2021-2022 @t1",
"e","","","0","1654820033775","ShipmentEnded.kt","1.1.3 for 2021-2022 @t1",
"e","","No Phanon history found: /Users/josephditton/school/summer2022/5700/Iterators/src/main/kotlin/logic/showyourwork/showyourwork.log Player unable to render
","0","1654820033775","Shipment.kt","1.1.3 for 2021-2022 @t1",
"e","","","0","1654820033775","Shipment.kt","1.1.3 for 2021-2022 @t1",
"e","","No Phanon history found: /Users/josephditton/school/summer2022/5700/Iterators/src/main/kotlin/logic/showyourwork/showyourwork.log Player unable to render
","0","1654820033775","ShippingUpdateTranslator.kt","1.1.3 for 2021-2022 @t1",
"e","","","0","1654820033775","ShippingUpdateTranslator.kt","1.1.3 for 2021-2022 @t1",
"e","","No Phanon history found: /Users/josephditton/school/summer2022/5700/Iterators/src/main/kotlin/logic/showyourwork/showyourwork.log Player unable to render
","0","1654820033775","TrackingSimulator.kt","1.1.3 for 2021-2022 @t1",
"e","","","0","1654820033775","TrackingSimulator.kt","1.1.3 for 2021-2022 @t1",
"e","","No Phanon history found: /Users/josephditton/school/summer2022/5700/Iterators/src/main/kotlin/logic/showyourwork/showyourwork.log Player unable to render
","0","1654820033776","NoteAddedUpdate.kt","1.1.3 for 2021-2022 @t1",
"e","","","0","1654820033776","NoteAddedUpdate.kt","1.1.3 for 2021-2022 @t1",
"e","","No Phanon history found: /Users/josephditton/school/summer2022/5700/Iterators/src/main/kotlin/logic/showyourwork/showyourwork.log Player unable to render
","0","1654820033776","ShipmentDeliveryDateAdjustment.kt","1.1.3 for 2021-2022 @t1",
"e","","","0","1654820033776","ShipmentDeliveryDateAdjustment.kt","1.1.3 for 2021-2022 @t1",
"e","","No Phanon history found: /Users/josephditton/school/summer2022/5700/Iterators/src/main/kotlin/logic/showyourwork/showyourwork.log Player unable to render
","0","1654820033776","ShippingUpdate.kt","1.1.3 for 2021-2022 @t1",
"e","","","0","1654820033776","ShippingUpdate.kt","1.1.3 for 2021-2022 @t1",
"e","","No Phanon history found: /Users/josephditton/school/summer2022/5700/Iterators/src/main/kotlin/logic/showyourwork/showyourwork.log Player unable to render
","0","1654820033776","StatusUpdate.kt","1.1.3 for 2021-2022 @t1",
"e","","","0","1654820033776","StatusUpdate.kt","1.1.3 for 2021-2022 @t1",
"e","","No Phanon history found: /Users/josephditton/school/summer2022/5700/Iterators/src/main/kotlin/logic/showyourwork/showyourwork.log Player unable to render
","0","1654820033776","LocationUpdate.kt","1.1.3 for 2021-2022 @t1",
"e","","","0","1654820033776","LocationUpdate.kt","1.1.3 for 2021-2022 @t1",
"e","","No Phanon history found: /Users/josephditton/school/summer2022/5700/Iterators/src/main/kotlin/logic/showyourwork/showyourwork.log Player unable to render
","0","1654820033776","ShipmentCreated.kt","1.1.3 for 2021-2022 @t1",
"e","","","0","1654820033776","ShipmentCreated.kt","1.1.3 for 2021-2022 @t1",
"e","","No Phanon history found: /Users/josephditton/school/summer2022/5700/Iterators/src/main/kotlin/logic/showyourwork/showyourwork.log Player unable to render
","0","1654820033776","UpdateType.kt","1.1.3 for 2021-2022 @t1",
"e","","","0","1654820033776","UpdateType.kt","1.1.3 for 2021-2022 @t1",
"e","","No Phanon history found: /Users/josephditton/school/summer2022/5700/Iterators/src/main/kotlin/logic/showyourwork/showyourwork.log Player unable to render
","0","1654820033776","TrackerViewHelper.java","1.1.3 for 2021-2022 @t1",
"e","","","0","1654820033776","TrackerViewHelper.java","1.1.3 for 2021-2022 @t1",
"e","","No Phanon history found: /Users/josephditton/school/summer2022/5700/Iterators/src/main/kotlin/logic/showyourwork/showyourwork.log Player unable to render
","0","1654820033776","TrackerViewHelper.kt","1.1.3 for 2021-2022 @t1",
"e","","","0","1654820033777","TrackerViewHelper.kt","1.1.3 for 2021-2022 @t1",
