"a","Outside edit","","","1654040529224",".gitignore","1.1.3 for 2021-2022 @t1",
"a","Outside edit","","","1654040529225",".gitignore","1.1.3 for 2021-2022 @t1",
"e","","No Phanon history found: /Users/josephditton/school/summer2022/5700/TaxesPart2/showyourwork/showyourwork.log Player unable to render
","0","1654040529225",".gitignore","1.1.3 for 2021-2022 @t1",
"e","","","0","1654040529225",".gitignore","1.1.3 for 2021-2022 @t1",
"a","Outside edit","","","1654040529225","Main.kt","1.1.3 for 2021-2022 @t1",
"a","Outside edit","","","1654040529225","build.gradle.kts","1.1.3 for 2021-2022 @t1",
"e","","No Phanon history found: /Users/josephditton/school/summer2022/5700/TaxesPart2/showyourwork/showyourwork.log Player unable to render
","0","1654040529225","build.gradle.kts","1.1.3 for 2021-2022 @t1",
"e","import org.jetbrains.kotlin.gradle.tasks.KotlinCompile

plugins {
    kotlin(""jvm"") version ""1.5.10""
    application
}

group = ""me.josephditton""
version = ""1.0-SNAPSHOT""

repositories {
    mavenCentral()
}

dependencies {
    testImplementation(kotlin(""test""))
}

tasks.test {
    useJUnitPlatform()
}

tasks.withType<KotlinCompile> {
    kotlinOptions.jvmTarget = ""1.8""
}

application {
    mainClass.set(""MainKt"")
}","","0","1654040529225","build.gradle.kts","1.1.3 for 2021-2022 @t1",
"a","Outside edit","","","1654040529226","TrackingSimulator.java","1.1.3 for 2021-2022 @t1",
"a","Outside edit","","","1654040529226","TrackingSimulator.kt","1.1.3 for 2021-2022 @t1",
"a","Outside edit","","","1654040529226","ShippingUpdateTranslator.java","1.1.3 for 2021-2022 @t1",
"a","Outside edit","","","1654040529226","ShippingUpdateTranslator.kt","1.1.3 for 2021-2022 @t1",
"a","Outside edit","","","1654040529226","TrackingSimulator.kt","1.1.3 for 2021-2022 @t1",
"a","Outside edit","","","1654040529226","ShippingUpdateTranslator.kt","1.1.3 for 2021-2022 @t1",
"a","Outside edit","","","1654040529227","UpdateType.kt","1.1.3 for 2021-2022 @t1",
"a","Outside edit","","","1654040529227","NoteAddedUpdate.java","1.1.3 for 2021-2022 @t1",
"a","Outside edit","","","1654040529227","NoteAddedUpdate.kt","1.1.3 for 2021-2022 @t1",
"a","Outside edit","","","1654040529227","StatusUpdate.java","1.1.3 for 2021-2022 @t1",
"a","Outside edit","","","1654040529228","ShipmentEnded.java","1.1.3 for 2021-2022 @t1",
"a","Outside edit","","","1654040529228","ShipmentDeliveryDateUpdates.java","1.1.3 for 2021-2022 @t1",
"a","Outside edit","","","1654040529228","ShipmentDeliveryDateAdjustment.java","1.1.3 for 2021-2022 @t1",
"a","Outside edit","","","1654040529228","ShipmentCreated.java","1.1.3 for 2021-2022 @t1",
"a","Outside edit","","","1654040529228","LocationUpdate.java","1.1.3 for 2021-2022 @t1",
"a","Outside edit","","","1654040529228","LocationUpdate.kt","1.1.3 for 2021-2022 @t1",
"a","Outside edit","","","1654040529229","StatusUpdate.kt","1.1.3 for 2021-2022 @t1",
"a","Outside edit","","","1654040529229","ShipmentCreated.kt","1.1.3 for 2021-2022 @t1",
"a","Outside edit","","","1654040529229","ShipmentEnded.kt","1.1.3 for 2021-2022 @t1",
"a","Outside edit","","","1654040529229","ShipmentDeliveryDateAdjustment.kt","1.1.3 for 2021-2022 @t1",
"a","Outside edit","","","1654040529229","ShippingUpdate.java","1.1.3 for 2021-2022 @t1",
"a","Outside edit","","","1654040529230","ShippingUpdate.java","1.1.3 for 2021-2022 @t1",
"a","Outside edit","","","1654040529230","ShippingUpdate.kt","1.1.3 for 2021-2022 @t1",
"a","Outside edit","","","1654040529230","Shipment.java","1.1.3 for 2021-2022 @t1",
"a","Outside edit","","","1654040529230","Shipment.kt","1.1.3 for 2021-2022 @t1",
"a","Outside edit","","","1654040529230","UpdateTypeLogicalSwitchboard.kt","1.1.3 for 2021-2022 @t1",
"a","Outside edit","","","1654040529231","UpdateTypeLogicalSwitchboard.kt","1.1.3 for 2021-2022 @t1",
"a","Outside edit","","","1654040529231","UpdateTypeLogicalSwitchboard.kt","1.1.3 for 2021-2022 @t1",
"a","Outside edit","","","1654040529231","UpdateTypeLogicalSwitchboard.kt","1.1.3 for 2021-2022 @t1",
"a","Outside edit","","","1654040529231","ShipmentEnded.kt","1.1.3 for 2021-2022 @t1",
"a","Outside edit","","","1654040529231","Shipment.kt","1.1.3 for 2021-2022 @t1",
"a","Outside edit","","","1654040529232","ShippingUpdateTranslator.kt","1.1.3 for 2021-2022 @t1",
"a","Outside edit","","","1654040529232","TrackingSimulator.kt","1.1.3 for 2021-2022 @t1",
"a","Outside edit","","","1654040529232","NoteAddedUpdate.kt","1.1.3 for 2021-2022 @t1",
"a","Outside edit","","","1654040529232","ShipmentDeliveryDateAdjustment.kt","1.1.3 for 2021-2022 @t1",
"a","Outside edit","","","1654040529232","ShippingUpdate.kt","1.1.3 for 2021-2022 @t1",
"a","Outside edit","","","1654040529233","StatusUpdate.kt","1.1.3 for 2021-2022 @t1",
"a","Outside edit","","","1654040529233","LocationUpdate.kt","1.1.3 for 2021-2022 @t1",
"a","Outside edit","","","1654040529233","ShipmentCreated.kt","1.1.3 for 2021-2022 @t1",
"a","Outside edit","","","1654040529233","UpdateType.kt","1.1.3 for 2021-2022 @t1",
"a","Outside edit","","","1654040529233","TrackerViewHelper.java","1.1.3 for 2021-2022 @t1",
"a","Outside edit","","","1654040529233","TrackerViewHelper.kt","1.1.3 for 2021-2022 @t1",
"a","Outside edit","","","1654040529234","TrackingSimulatorTest.java","1.1.3 for 2021-2022 @t1",
"a","Outside edit","","","1654040529234","ShipmentTest.java","1.1.3 for 2021-2022 @t1",
"a","Outside edit","","","1654040529234","TrackerViewHelperTest.java","1.1.3 for 2021-2022 @t1",
"a","Outside edit","","","1654040529234","Ellipse.kt","1.1.3 for 2021-2022 @t1",
"a","Outside edit","","","1654040529234","TwoDShape.kt","1.1.3 for 2021-2022 @t1",
"a","Outside edit","","","1654040529235","Shape.kt","1.1.3 for 2021-2022 @t1",
"a","Outside edit","","","1654040529235","Rectangle.kt","1.1.3 for 2021-2022 @t1",
"a","Outside edit","","","1654040529235","Circle.kt","1.1.3 for 2021-2022 @t1",
"a","Outside edit","","","1654040529235","Triangle.kt","1.1.3 for 2021-2022 @t1",
"a","Outside edit","","","1654040529235","RectangleTest.java","1.1.3 for 2021-2022 @t1",
"a","Outside edit","","","1654040529235","build.gradle.kts","1.1.3 for 2021-2022 @t1",
"e","","No Phanon history found: /Users/josephditton/school/summer2022/5700/TaxesPart2/showyourwork/showyourwork.log Player unable to render
","0","1654040529235","build.gradle.kts","1.1.3 for 2021-2022 @t1",
"e","import org.jetbrains.kotlin.gradle.tasks.KotlinCompile

plugins {
    kotlin(""jvm"") version ""1.5.10""
    application
}

group = ""me.josephditton""
version = ""1.0-SNAPSHOT""

repositories {
    mavenCentral()
}

dependencies {
    testImplementation(kotlin(""test""))
}

tasks.test {
    useJUnitPlatform()
}

tasks.withType<KotlinCompile> {
    kotlinOptions.jvmTarget = ""1.8""
}

application {
    mainClass.set(""MainKt"")
}","","0","1654040529235","build.gradle.kts","1.1.3 for 2021-2022 @t1",
"a","Outside edit","","","1654040529236","RectangleTest.kt","1.1.3 for 2021-2022 @t1",
"a","Outside edit","","","1654040529236","PointTest.java","1.1.3 for 2021-2022 @t1",
"a","Outside edit","","","1654040529236","PointTest.kt","1.1.3 for 2021-2022 @t1",
"a","Outside edit","","","1654040529236","MyClass.kt","1.1.3 for 2021-2022 @t1",
"a","Outside edit","","","1654040529236","Point.kt","1.1.3 for 2021-2022 @t1",
"a","Outside edit","","","1654040529237","TriangleTest.kt","1.1.3 for 2021-2022 @t1",
"a","Outside edit","","","1654040529237","schedule.txt","1.1.3 for 2021-2022 @t1",
"a","Outside edit","","","1654040529237","Dog.kt","1.1.3 for 2021-2022 @t1",
"a","Outside edit","","","1654040529237","Main.kt","1.1.3 for 2021-2022 @t1",
"a","Outside edit","","","1654040529237","Animal.kt","1.1.3 for 2021-2022 @t1",
"a","Outside edit","","","1654040529238","Animal.kt","1.1.3 for 2021-2022 @t1",
"a","Outside edit","","","1654040529238","Dog.kt","1.1.3 for 2021-2022 @t1",
"a","Outside edit","","","1654040529238","MainKtTest.java","1.1.3 for 2021-2022 @t1",
"a","Outside edit","","","1654040529238","MainKtTest.kt","1.1.3 for 2021-2022 @t1",
"a","Outside edit","","","1654040529238","Tollbooth.kt","1.1.3 for 2021-2022 @t1",
"a","Outside edit","","","1654040529239","Car.kt","1.1.3 for 2021-2022 @t1",
"a","Outside edit","","","1654040529239","Lane.kt","1.1.3 for 2021-2022 @t1",
"a","Outside edit","","","1654040529239","LaneTest.java","1.1.3 for 2021-2022 @t1",
"a","Outside edit","","","1654040529239","LaneTest.kt","1.1.3 for 2021-2022 @t1",
"a","Outside edit","","","1654040529239","StateFactory.kt","1.1.3 for 2021-2022 @t1",
"a","Outside edit","","","1654040529240","Parser.kt","1.1.3 for 2021-2022 @t1",
"a","Outside edit","","","1654040529240","State.kt","1.1.3 for 2021-2022 @t1",
"a","Outside edit","","","1654040529240","InvalidState.kt","1.1.3 for 2021-2022 @t1",
"a","Outside edit","","","1654040529240","TuringMachine.kt","1.1.3 for 2021-2022 @t1",
"a","Outside edit","","","1654040529240","ProgramState.kt","1.1.3 for 2021-2022 @t1",
"a","Outside edit","","","1654040529240","AbortState.kt","1.1.3 for 2021-2022 @t1",
"a","Outside edit","","","1654040529241","ProgramStateTest.java","1.1.3 for 2021-2022 @t1",
"a","Outside edit","","","1654040529241","ProgramStateTest.kt","1.1.3 for 2021-2022 @t1",
"a","Outside edit","","","1654040529241","MainViewModel.kt","1.1.3 for 2021-2022 @t1",
"a","Outside edit","","","1654040529241","Main.kt","1.1.3 for 2021-2022 @t1",
"a","Outside edit","","","1654040529241","Controls.kt","1.1.3 for 2021-2022 @t1",
"a","Outside edit","","","1654040529242","IDE.kt","1.1.3 for 2021-2022 @t1",
"a","Outside edit","","","1654040529242","Tape.kt","1.1.3 for 2021-2022 @t1",
"a","Outside edit","","","1654040529242","IDEViewModel.kt","1.1.3 for 2021-2022 @t1",
"a","Outside edit","","","1654040529242","TuringMachineTest.kt","1.1.3 for 2021-2022 @t1",
"a","Outside edit","","","1654040529242",".gitignore","1.1.3 for 2021-2022 @t1",
"a","Outside edit","","","1654040529243","build.gradle.kts","1.1.3 for 2021-2022 @t1",
"e","","No Phanon history found: /Users/josephditton/school/summer2022/5700/TaxesPart2/showyourwork/showyourwork.log Player unable to render
","0","1654040529243","build.gradle.kts","1.1.3 for 2021-2022 @t1",
"e","import org.jetbrains.kotlin.gradle.tasks.KotlinCompile

plugins {
    kotlin(""jvm"") version ""1.5.10""
    application
}

group = ""me.josephditton""
version = ""1.0-SNAPSHOT""

repositories {
    mavenCentral()
}

dependencies {
    testImplementation(kotlin(""test""))
}

tasks.test {
    useJUnitPlatform()
}

tasks.withType<KotlinCompile> {
    kotlinOptions.jvmTarget = ""1.8""
}

application {
    mainClass.set(""MainKt"")
}","","0","1654040529243","build.gradle.kts","1.1.3 for 2021-2022 @t1",
"a","Outside edit","","","1654040529243",".gitignore","1.1.3 for 2021-2022 @t1",
"a","Outside edit","","","1654040529243","Shipment.kt","1.1.3 for 2021-2022 @t1",
"a","Outside edit","","","1654040529243","Simulator.kt","1.1.3 for 2021-2022 @t1",
"a","Outside edit","","","1654040529243","Update.kt","1.1.3 for 2021-2022 @t1",
"a","Outside edit","","","1654040529244","TrackerViewHelper.kt","1.1.3 for 2021-2022 @t1",
"a","Outside edit","","","1654040529244","Observable.kt","1.1.3 for 2021-2022 @t1",
"a","Outside edit","","","1654040529244","Observer.kt","1.1.3 for 2021-2022 @t1",
"a","Outside edit","","","1654040529245","UpdateStrategy.kt","1.1.3 for 2021-2022 @t1",
"a","Outside edit","","","1654040529245","ShipmentCreatedStrategy.kt","1.1.3 for 2021-2022 @t1",
"a","Outside edit","","","1654040529245","ShipmentDeliveredStrategy.kt","1.1.3 for 2021-2022 @t1",
"a","Outside edit","","","1654040529245","ShipmentLostStrategy.kt","1.1.3 for 2021-2022 @t1",
"a","Outside edit","","","1654040529246","ShipmentLocationUpdateStrategy.kt","1.1.3 for 2021-2022 @t1",
"a","Outside edit","","","1654040529246","ShipmentDelayedStrategy.kt","1.1.3 for 2021-2022 @t1",
"a","Outside edit","","","1654040529246","ShipmentCancelledStrategy.kt","1.1.3 for 2021-2022 @t1",
"a","Outside edit","","","1654040529246","ShipmentNoteAddedStrategy.kt","1.1.3 for 2021-2022 @t1",
"a","Outside edit","","","1654040529247","TrackingSimulator.kt","1.1.3 for 2021-2022 @t1",
"a","Outside edit","","","1654040529247","ShipmentShippedStrategy.kt","1.1.3 for 2021-2022 @t1",
"a","Outside edit","","","1654040529247","ShipmentUpdateStrategy.kt","1.1.3 for 2021-2022 @t1",
"a","Outside edit","","","1654040529247","ShipmentObserver.kt","1.1.3 for 2021-2022 @t1",
"a","Outside edit","","","1654040529248","TrackerView.kt","1.1.3 for 2021-2022 @t1",
"a","ShowYourWork Init","","","000","ShowYourWork Init","1.1.3 for 2021-2022 @t1",
