"e","","No Phanon history found: /Users/josephditton/school/summer2022/5700/TaxesPart2/src/main/kotlin/logic/showyourwork/showyourwork.log Player unable to render
","0","1654040529231","ShipmentEnded.kt","1.1.3 for 2021-2022 @t1",
"e","","","0","1654040529231","ShipmentEnded.kt","1.1.3 for 2021-2022 @t1",
"e","","No Phanon history found: /Users/josephditton/school/summer2022/5700/TaxesPart2/src/main/kotlin/logic/showyourwork/showyourwork.log Player unable to render
","0","1654040529231","Shipment.kt","1.1.3 for 2021-2022 @t1",
"e","","","0","1654040529231","Shipment.kt","1.1.3 for 2021-2022 @t1",
"e","","No Phanon history found: /Users/josephditton/school/summer2022/5700/TaxesPart2/src/main/kotlin/logic/showyourwork/showyourwork.log Player unable to render
","0","1654040529232","ShippingUpdateTranslator.kt","1.1.3 for 2021-2022 @t1",
"e","","","0","1654040529232","ShippingUpdateTranslator.kt","1.1.3 for 2021-2022 @t1",
"e","","No Phanon history found: /Users/josephditton/school/summer2022/5700/TaxesPart2/src/main/kotlin/logic/showyourwork/showyourwork.log Player unable to render
","0","1654040529232","TrackingSimulator.kt","1.1.3 for 2021-2022 @t1",
"e","","","0","1654040529232","TrackingSimulator.kt","1.1.3 for 2021-2022 @t1",
"e","","No Phanon history found: /Users/josephditton/school/summer2022/5700/TaxesPart2/src/main/kotlin/logic/showyourwork/showyourwork.log Player unable to render
","0","1654040529232","NoteAddedUpdate.kt","1.1.3 for 2021-2022 @t1",
"e","","","0","1654040529232","NoteAddedUpdate.kt","1.1.3 for 2021-2022 @t1",
"e","","No Phanon history found: /Users/josephditton/school/summer2022/5700/TaxesPart2/src/main/kotlin/logic/showyourwork/showyourwork.log Player unable to render
","0","1654040529232","ShipmentDeliveryDateAdjustment.kt","1.1.3 for 2021-2022 @t1",
"e","","","0","1654040529232","ShipmentDeliveryDateAdjustment.kt","1.1.3 for 2021-2022 @t1",
"e","","No Phanon history found: /Users/josephditton/school/summer2022/5700/TaxesPart2/src/main/kotlin/logic/showyourwork/showyourwork.log Player unable to render
","0","1654040529232","ShippingUpdate.kt","1.1.3 for 2021-2022 @t1",
"e","","","0","1654040529232","ShippingUpdate.kt","1.1.3 for 2021-2022 @t1",
"e","","No Phanon history found: /Users/josephditton/school/summer2022/5700/TaxesPart2/src/main/kotlin/logic/showyourwork/showyourwork.log Player unable to render
","0","1654040529233","StatusUpdate.kt","1.1.3 for 2021-2022 @t1",
"e","","","0","1654040529233","StatusUpdate.kt","1.1.3 for 2021-2022 @t1",
"e","","No Phanon history found: /Users/josephditton/school/summer2022/5700/TaxesPart2/src/main/kotlin/logic/showyourwork/showyourwork.log Player unable to render
","0","1654040529233","LocationUpdate.kt","1.1.3 for 2021-2022 @t1",
"e","","","0","1654040529233","LocationUpdate.kt","1.1.3 for 2021-2022 @t1",
"e","","No Phanon history found: /Users/josephditton/school/summer2022/5700/TaxesPart2/src/main/kotlin/logic/showyourwork/showyourwork.log Player unable to render
","0","1654040529233","ShipmentCreated.kt","1.1.3 for 2021-2022 @t1",
"e","","","0","1654040529233","ShipmentCreated.kt","1.1.3 for 2021-2022 @t1",
"e","","No Phanon history found: /Users/josephditton/school/summer2022/5700/TaxesPart2/src/main/kotlin/logic/showyourwork/showyourwork.log Player unable to render
","0","1654040529233","UpdateType.kt","1.1.3 for 2021-2022 @t1",
"e","","","0","1654040529233","UpdateType.kt","1.1.3 for 2021-2022 @t1",
"e","","No Phanon history found: /Users/josephditton/school/summer2022/5700/TaxesPart2/src/main/kotlin/logic/showyourwork/showyourwork.log Player unable to render
","0","1654040529233","TrackerViewHelper.java","1.1.3 for 2021-2022 @t1",
"e","","","0","1654040529233","TrackerViewHelper.java","1.1.3 for 2021-2022 @t1",
"e","","No Phanon history found: /Users/josephditton/school/summer2022/5700/TaxesPart2/src/main/kotlin/logic/showyourwork/showyourwork.log Player unable to render
","0","1654040529233","TrackerViewHelper.kt","1.1.3 for 2021-2022 @t1",
"e","","","0","1654040529233","TrackerViewHelper.kt","1.1.3 for 2021-2022 @t1",
