/src/main/kotlin/Main.kt
/src/main/kotlin/Solver.kt
/src/main/kotlin/puzzle/Puzzle.kt
/src/main/kotlin/puzzle/Cell.kt
/src/main/kotlin/puzzle/Row.kt
/src/main/kotlin/puzzle/Column.kt
/src/main/kotlin/puzzle/Block.kt
/src/main/kotlin/strategies/CellSolutionStrategy.kt
/src/main/kotlin/strategies/OnlyOnePlaceStrategy.kt
/src/main/kotlin/strategies/OnlyOnePossibilityStrategy.kt
/src/main/kotlin/strategies/TwinsStrategy.kt
/src/main/kotlin/strategies/GuessStrategy.kt
/src/main/kotlin/puzzle/Grid.kt
/src/main/kotlin/puzzlecomponents/Puzzle.kt
/src/main/kotlin/puzzlecomponents/Symbol.kt
/src/main/kotlin/puzzlecomponents/SymbolSet.kt
/src/main/kotlin/puzzlecomponents/Grid.kt
/src/main/kotlin/puzzlecomponents/PossibleSymbols.kt
/src/main/kotlin/puzzlecomponents/Cell.kt
/src/main/kotlin/puzzlecomponents/Row.kt
/src/main/kotlin/puzzlecomponents/Column.kt
/src/main/kotlin/puzzlecomponents/Block.kt
/src/SamplePuzzles/Output/Puzzle-9x9-0901.txt
/src/main/kotlin/puzzlecomponents/Solvable.kt
/src/main/kotlin/strategies/Statistics.kt
/src/main/Circle.kt
/src/main/kotlin/Circle.kt
/src/main/kotlin/ExtrinsicState.kt
tector/.idea/.gitignore
