"e","","No Phanon history found: /Users/josephditton/school/summer2022/FlyWeight/src/main/kotlin/puzzlecomponents/showyourwork/showyourwork.log Player unable to render
","0","1655250866098","Puzzle.kt","1.1.3 for 2021-2022 @t1",
"e","","","0","1655250866098","Puzzle.kt","1.1.3 for 2021-2022 @t1",
"e","","No Phanon history found: /Users/josephditton/school/summer2022/FlyWeight/src/main/kotlin/puzzlecomponents/showyourwork/showyourwork.log Player unable to render
","0","1655250866098","Symbol.kt","1.1.3 for 2021-2022 @t1",
"e","","","0","1655250866098","Symbol.kt","1.1.3 for 2021-2022 @t1",
"e","","No Phanon history found: /Users/josephditton/school/summer2022/FlyWeight/src/main/kotlin/puzzlecomponents/showyourwork/showyourwork.log Player unable to render
","0","1655250866099","SymbolSet.kt","1.1.3 for 2021-2022 @t1",
"e","","","0","1655250866099","SymbolSet.kt","1.1.3 for 2021-2022 @t1",
"e","","No Phanon history found: /Users/josephditton/school/summer2022/FlyWeight/src/main/kotlin/puzzlecomponents/showyourwork/showyourwork.log Player unable to render
","0","1655250866099","Grid.kt","1.1.3 for 2021-2022 @t1",
"e","","","0","1655250866099","Grid.kt","1.1.3 for 2021-2022 @t1",
"e","","No Phanon history found: /Users/josephditton/school/summer2022/FlyWeight/src/main/kotlin/puzzlecomponents/showyourwork/showyourwork.log Player unable to render
","0","1655250866099","PossibleSymbols.kt","1.1.3 for 2021-2022 @t1",
"e","","","0","1655250866099","PossibleSymbols.kt","1.1.3 for 2021-2022 @t1",
"e","","No Phanon history found: /Users/josephditton/school/summer2022/FlyWeight/src/main/kotlin/puzzlecomponents/showyourwork/showyourwork.log Player unable to render
","0","1655250866099","Cell.kt","1.1.3 for 2021-2022 @t1",
"e","","","0","1655250866099","Cell.kt","1.1.3 for 2021-2022 @t1",
"e","","No Phanon history found: /Users/josephditton/school/summer2022/FlyWeight/src/main/kotlin/puzzlecomponents/showyourwork/showyourwork.log Player unable to render
","0","1655250866099","Row.kt","1.1.3 for 2021-2022 @t1",
"e","","","0","1655250866099","Row.kt","1.1.3 for 2021-2022 @t1",
"e","","No Phanon history found: /Users/josephditton/school/summer2022/FlyWeight/src/main/kotlin/puzzlecomponents/showyourwork/showyourwork.log Player unable to render
","0","1655250866099","Column.kt","1.1.3 for 2021-2022 @t1",
"e","","","0","1655250866099","Column.kt","1.1.3 for 2021-2022 @t1",
"e","","No Phanon history found: /Users/josephditton/school/summer2022/FlyWeight/src/main/kotlin/puzzlecomponents/showyourwork/showyourwork.log Player unable to render
","0","1655250866100","Block.kt","1.1.3 for 2021-2022 @t1",
"e","","","0","1655250866100","Block.kt","1.1.3 for 2021-2022 @t1",
"e","","No Phanon history found: /Users/josephditton/school/summer2022/FlyWeight/src/main/kotlin/puzzlecomponents/showyourwork/showyourwork.log Player unable to render
","0","1655250866100","Solvable.kt","1.1.3 for 2021-2022 @t1",
"e","","","0","1655250866100","Solvable.kt","1.1.3 for 2021-2022 @t1",
