"e","","No Phanon history found: /Users/josephditton/school/summer2022/IntegerDetector/src/main/kotlin/puzzlecomponents/showyourwork/showyourwork.log Player unable to render
","0","1655255424974","Puzzle.kt","1.1.3 for 2021-2022 @t1",
"e","","","0","1655255424974","Puzzle.kt","1.1.3 for 2021-2022 @t1",
"e","","No Phanon history found: /Users/josephditton/school/summer2022/IntegerDetector/src/main/kotlin/puzzlecomponents/showyourwork/showyourwork.log Player unable to render
","0","1655255424974","Symbol.kt","1.1.3 for 2021-2022 @t1",
"e","","","0","1655255424974","Symbol.kt","1.1.3 for 2021-2022 @t1",
"e","","No Phanon history found: /Users/josephditton/school/summer2022/IntegerDetector/src/main/kotlin/puzzlecomponents/showyourwork/showyourwork.log Player unable to render
","0","1655255424974","SymbolSet.kt","1.1.3 for 2021-2022 @t1",
"e","","","0","1655255424974","SymbolSet.kt","1.1.3 for 2021-2022 @t1",
"e","","No Phanon history found: /Users/josephditton/school/summer2022/IntegerDetector/src/main/kotlin/puzzlecomponents/showyourwork/showyourwork.log Player unable to render
","0","1655255424974","Grid.kt","1.1.3 for 2021-2022 @t1",
"e","","","0","1655255424974","Grid.kt","1.1.3 for 2021-2022 @t1",
"e","","No Phanon history found: /Users/josephditton/school/summer2022/IntegerDetector/src/main/kotlin/puzzlecomponents/showyourwork/showyourwork.log Player unable to render
","0","1655255424974","PossibleSymbols.kt","1.1.3 for 2021-2022 @t1",
"e","","","0","1655255424975","PossibleSymbols.kt","1.1.3 for 2021-2022 @t1",
"e","","No Phanon history found: /Users/josephditton/school/summer2022/IntegerDetector/src/main/kotlin/puzzlecomponents/showyourwork/showyourwork.log Player unable to render
","0","1655255424975","Cell.kt","1.1.3 for 2021-2022 @t1",
"e","","","0","1655255424975","Cell.kt","1.1.3 for 2021-2022 @t1",
"e","","No Phanon history found: /Users/josephditton/school/summer2022/IntegerDetector/src/main/kotlin/puzzlecomponents/showyourwork/showyourwork.log Player unable to render
","0","1655255424975","Row.kt","1.1.3 for 2021-2022 @t1",
"e","","","0","1655255424975","Row.kt","1.1.3 for 2021-2022 @t1",
"e","","No Phanon history found: /Users/josephditton/school/summer2022/IntegerDetector/src/main/kotlin/puzzlecomponents/showyourwork/showyourwork.log Player unable to render
","0","1655255424975","Column.kt","1.1.3 for 2021-2022 @t1",
"e","","","0","1655255424975","Column.kt","1.1.3 for 2021-2022 @t1",
"e","","No Phanon history found: /Users/josephditton/school/summer2022/IntegerDetector/src/main/kotlin/puzzlecomponents/showyourwork/showyourwork.log Player unable to render
","0","1655255424975","Block.kt","1.1.3 for 2021-2022 @t1",
"e","","","0","1655255424975","Block.kt","1.1.3 for 2021-2022 @t1",
"e","","No Phanon history found: /Users/josephditton/school/summer2022/IntegerDetector/src/main/kotlin/puzzlecomponents/showyourwork/showyourwork.log Player unable to render
","0","1655255424976","Solvable.kt","1.1.3 for 2021-2022 @t1",
"e","","","0","1655255424976","Solvable.kt","1.1.3 for 2021-2022 @t1",
