"e","","No Phanon history found: /Users/josephditton/school/summer2022/5700/Iterators/src/main/kotlin/animals/showyourwork/showyourwork.log Player unable to render
","0","1654820033743","Animal.kt","1.1.3 for 2021-2022 @t1",
"e","","","0","1654820033743","Animal.kt","1.1.3 for 2021-2022 @t1",
"e","","No Phanon history found: /Users/josephditton/school/summer2022/5700/Iterators/src/main/kotlin/animals/showyourwork/showyourwork.log Player unable to render
","0","1654820033743","Dog.kt","1.1.3 for 2021-2022 @t1",
"e","","","0","1654820033743","Dog.kt","1.1.3 for 2021-2022 @t1",
"e","","No Phanon history found: /Users/josephditton/school/summer2022/5700/Iterators/src/main/kotlin/animals/showyourwork/showyourwork.log Player unable to render
","0","1654820033755","Animal.kt","1.1.3 for 2021-2022 @t1",
"e","","","0","1654820033755","Animal.kt","1.1.3 for 2021-2022 @t1",
"e","","No Phanon history found: /Users/josephditton/school/summer2022/5700/Iterators/src/main/kotlin/animals/showyourwork/showyourwork.log Player unable to render
","0","1654820033755","Dog.kt","1.1.3 for 2021-2022 @t1",
"e","","","0","1654820033755","Dog.kt","1.1.3 for 2021-2022 @t1",
"e","","No Phanon history found: /Users/josephditton/school/summer2022/5700/Iterators/src/main/kotlin/animals/showyourwork/showyourwork.log Player unable to render
","0","1654820033763","Animal.kt","1.1.3 for 2021-2022 @t1",
"e","","","0","1654820033763","Animal.kt","1.1.3 for 2021-2022 @t1",
"e","","No Phanon history found: /Users/josephditton/school/summer2022/5700/Iterators/src/main/kotlin/animals/showyourwork/showyourwork.log Player unable to render
","0","1654820033763","Dog.kt","1.1.3 for 2021-2022 @t1",
"e","","","0","1654820033763","Dog.kt","1.1.3 for 2021-2022 @t1",
"e","","No Phanon history found: /Users/josephditton/school/summer2022/5700/Iterators/src/main/kotlin/animals/showyourwork/showyourwork.log Player unable to render
","0","1654820033779","Animal.kt","1.1.3 for 2021-2022 @t1",
"e","","","0","1654820033779","Animal.kt","1.1.3 for 2021-2022 @t1",
"e","","No Phanon history found: /Users/josephditton/school/summer2022/5700/Iterators/src/main/kotlin/animals/showyourwork/showyourwork.log Player unable to render
","0","1654820033779","Dog.kt","1.1.3 for 2021-2022 @t1",
"e","","","0","1654820033779","Dog.kt","1.1.3 for 2021-2022 @t1",
