"e","","No Phanon history found: /Users/josephditton/school/summer2022/5700/Iterators/src/main/kotlin/state/showyourwork/showyourwork.log Player unable to render
","0","1654820033744","StateFactory.kt","1.1.3 for 2021-2022 @t1",
"e","","","0","1654820033744","StateFactory.kt","1.1.3 for 2021-2022 @t1",
"e","","No Phanon history found: /Users/josephditton/school/summer2022/5700/Iterators/src/main/kotlin/state/showyourwork/showyourwork.log Player unable to render
","0","1654820033744","State.kt","1.1.3 for 2021-2022 @t1",
"e","","","0","1654820033744","State.kt","1.1.3 for 2021-2022 @t1",
"e","","No Phanon history found: /Users/josephditton/school/summer2022/5700/Iterators/src/main/kotlin/state/showyourwork/showyourwork.log Player unable to render
","0","1654820033745","InvalidState.kt","1.1.3 for 2021-2022 @t1",
"e","","","0","1654820033745","InvalidState.kt","1.1.3 for 2021-2022 @t1",
"e","","No Phanon history found: /Users/josephditton/school/summer2022/5700/Iterators/src/main/kotlin/state/showyourwork/showyourwork.log Player unable to render
","0","1654820033745","ProgramState.kt","1.1.3 for 2021-2022 @t1",
"e","","","0","1654820033745","ProgramState.kt","1.1.3 for 2021-2022 @t1",
"e","","No Phanon history found: /Users/josephditton/school/summer2022/5700/Iterators/src/main/kotlin/state/showyourwork/showyourwork.log Player unable to render
","0","1654820033745","AbortState.kt","1.1.3 for 2021-2022 @t1",
"e","","","0","1654820033745","AbortState.kt","1.1.3 for 2021-2022 @t1",
"e","","No Phanon history found: /Users/josephditton/school/summer2022/5700/Iterators/src/main/kotlin/state/showyourwork/showyourwork.log Player unable to render
","0","1654820033756","StateFactory.kt","1.1.3 for 2021-2022 @t1",
"e","","","0","1654820033756","StateFactory.kt","1.1.3 for 2021-2022 @t1",
"e","","No Phanon history found: /Users/josephditton/school/summer2022/5700/Iterators/src/main/kotlin/state/showyourwork/showyourwork.log Player unable to render
","0","1654820033756","State.kt","1.1.3 for 2021-2022 @t1",
"e","","","0","1654820033756","State.kt","1.1.3 for 2021-2022 @t1",
"e","","No Phanon history found: /Users/josephditton/school/summer2022/5700/Iterators/src/main/kotlin/state/showyourwork/showyourwork.log Player unable to render
","0","1654820033756","InvalidState.kt","1.1.3 for 2021-2022 @t1",
"e","","","0","1654820033756","InvalidState.kt","1.1.3 for 2021-2022 @t1",
"e","","No Phanon history found: /Users/josephditton/school/summer2022/5700/Iterators/src/main/kotlin/state/showyourwork/showyourwork.log Player unable to render
","0","1654820033757","ProgramState.kt","1.1.3 for 2021-2022 @t1",
"e","","","0","1654820033757","ProgramState.kt","1.1.3 for 2021-2022 @t1",
"e","","No Phanon history found: /Users/josephditton/school/summer2022/5700/Iterators/src/main/kotlin/state/showyourwork/showyourwork.log Player unable to render
","0","1654820033757","AbortState.kt","1.1.3 for 2021-2022 @t1",
"e","","","0","1654820033757","AbortState.kt","1.1.3 for 2021-2022 @t1",
"e","","No Phanon history found: /Users/josephditton/school/summer2022/5700/Iterators/src/main/kotlin/state/showyourwork/showyourwork.log Player unable to render
","0","1654820033764","StateFactory.kt","1.1.3 for 2021-2022 @t1",
"e","","","0","1654820033764","StateFactory.kt","1.1.3 for 2021-2022 @t1",
"e","","No Phanon history found: /Users/josephditton/school/summer2022/5700/Iterators/src/main/kotlin/state/showyourwork/showyourwork.log Player unable to render
","0","1654820033764","State.kt","1.1.3 for 2021-2022 @t1",
"e","","","0","1654820033764","State.kt","1.1.3 for 2021-2022 @t1",
"e","","No Phanon history found: /Users/josephditton/school/summer2022/5700/Iterators/src/main/kotlin/state/showyourwork/showyourwork.log Player unable to render
","0","1654820033764","InvalidState.kt","1.1.3 for 2021-2022 @t1",
"e","","","0","1654820033764","InvalidState.kt","1.1.3 for 2021-2022 @t1",
"e","","No Phanon history found: /Users/josephditton/school/summer2022/5700/Iterators/src/main/kotlin/state/showyourwork/showyourwork.log Player unable to render
","0","1654820033764","ProgramState.kt","1.1.3 for 2021-2022 @t1",
"e","","","0","1654820033764","ProgramState.kt","1.1.3 for 2021-2022 @t1",
"e","","No Phanon history found: /Users/josephditton/school/summer2022/5700/Iterators/src/main/kotlin/state/showyourwork/showyourwork.log Player unable to render
","0","1654820033765","AbortState.kt","1.1.3 for 2021-2022 @t1",
"e","","","0","1654820033765","AbortState.kt","1.1.3 for 2021-2022 @t1",
"e","","No Phanon history found: /Users/josephditton/school/summer2022/5700/Iterators/src/main/kotlin/state/showyourwork/showyourwork.log Player unable to render
","0","1654820033768","StateFactory.kt","1.1.3 for 2021-2022 @t1",
"e","","","0","1654820033768","StateFactory.kt","1.1.3 for 2021-2022 @t1",
"e","","No Phanon history found: /Users/josephditton/school/summer2022/5700/Iterators/src/main/kotlin/state/showyourwork/showyourwork.log Player unable to render
","0","1654820033769","State.kt","1.1.3 for 2021-2022 @t1",
"e","","","0","1654820033769","State.kt","1.1.3 for 2021-2022 @t1",
"e","","No Phanon history found: /Users/josephditton/school/summer2022/5700/Iterators/src/main/kotlin/state/showyourwork/showyourwork.log Player unable to render
","0","1654820033769","InvalidState.kt","1.1.3 for 2021-2022 @t1",
"e","","","0","1654820033769","InvalidState.kt","1.1.3 for 2021-2022 @t1",
"e","","No Phanon history found: /Users/josephditton/school/summer2022/5700/Iterators/src/main/kotlin/state/showyourwork/showyourwork.log Player unable to render
","0","1654820033769","ProgramState.kt","1.1.3 for 2021-2022 @t1",
"e","","","0","1654820033769","ProgramState.kt","1.1.3 for 2021-2022 @t1",
"e","","No Phanon history found: /Users/josephditton/school/summer2022/5700/Iterators/src/main/kotlin/state/showyourwork/showyourwork.log Player unable to render
","0","1654820033769","AbortState.kt","1.1.3 for 2021-2022 @t1",
"e","","","0","1654820033769","AbortState.kt","1.1.3 for 2021-2022 @t1",
"e","","No Phanon history found: /Users/josephditton/school/summer2022/5700/Iterators/src/main/kotlin/state/showyourwork/showyourwork.log Player unable to render
","0","1654820033780","StateFactory.kt","1.1.3 for 2021-2022 @t1",
"e","","","0","1654820033780","StateFactory.kt","1.1.3 for 2021-2022 @t1",
"e","","No Phanon history found: /Users/josephditton/school/summer2022/5700/Iterators/src/main/kotlin/state/showyourwork/showyourwork.log Player unable to render
","0","1654820033780","State.kt","1.1.3 for 2021-2022 @t1",
"e","","","0","1654820033780","State.kt","1.1.3 for 2021-2022 @t1",
"e","","No Phanon history found: /Users/josephditton/school/summer2022/5700/Iterators/src/main/kotlin/state/showyourwork/showyourwork.log Player unable to render
","0","1654820033780","InvalidState.kt","1.1.3 for 2021-2022 @t1",
"e","","","0","1654820033780","InvalidState.kt","1.1.3 for 2021-2022 @t1",
"e","","No Phanon history found: /Users/josephditton/school/summer2022/5700/Iterators/src/main/kotlin/state/showyourwork/showyourwork.log Player unable to render
","0","1654820033781","ProgramState.kt","1.1.3 for 2021-2022 @t1",
"e","","","0","1654820033781","ProgramState.kt","1.1.3 for 2021-2022 @t1",
"e","","No Phanon history found: /Users/josephditton/school/summer2022/5700/Iterators/src/main/kotlin/state/showyourwork/showyourwork.log Player unable to render
","0","1654820033781","AbortState.kt","1.1.3 for 2021-2022 @t1",
"e","","","0","1654820033781","AbortState.kt","1.1.3 for 2021-2022 @t1",
