"e","","No Phanon history found: /Users/josephditton/school/summer2022/5700/Iterators/src/main/kotlin/ui/showyourwork/showyourwork.log Player unable to render
","0","1654820033745","MainViewModel.kt","1.1.3 for 2021-2022 @t1",
"e","","","0","1654820033745","MainViewModel.kt","1.1.3 for 2021-2022 @t1",
"e","","No Phanon history found: /Users/josephditton/school/summer2022/5700/Iterators/src/main/kotlin/ui/showyourwork/showyourwork.log Player unable to render
","0","1654820033746","Controls.kt","1.1.3 for 2021-2022 @t1",
"e","","","0","1654820033746","Controls.kt","1.1.3 for 2021-2022 @t1",
"e","","No Phanon history found: /Users/josephditton/school/summer2022/5700/Iterators/src/main/kotlin/ui/showyourwork/showyourwork.log Player unable to render
","0","1654820033746","IDE.kt","1.1.3 for 2021-2022 @t1",
"e","","","0","1654820033746","IDE.kt","1.1.3 for 2021-2022 @t1",
"e","","No Phanon history found: /Users/josephditton/school/summer2022/5700/Iterators/src/main/kotlin/ui/showyourwork/showyourwork.log Player unable to render
","0","1654820033746","Tape.kt","1.1.3 for 2021-2022 @t1",
"e","","","0","1654820033746","Tape.kt","1.1.3 for 2021-2022 @t1",
"e","","No Phanon history found: /Users/josephditton/school/summer2022/5700/Iterators/src/main/kotlin/ui/showyourwork/showyourwork.log Player unable to render
","0","1654820033746","IDEViewModel.kt","1.1.3 for 2021-2022 @t1",
"e","","","0","1654820033746","IDEViewModel.kt","1.1.3 for 2021-2022 @t1",
"e","","No Phanon history found: /Users/josephditton/school/summer2022/5700/Iterators/src/main/kotlin/ui/showyourwork/showyourwork.log Player unable to render
","0","1654820033749","TrackerView.kt","1.1.3 for 2021-2022 @t1",
"e","","","0","1654820033749","TrackerView.kt","1.1.3 for 2021-2022 @t1",
"e","","No Phanon history found: /Users/josephditton/school/summer2022/5700/Iterators/src/main/kotlin/ui/showyourwork/showyourwork.log Player unable to render
","0","1654820033757","MainViewModel.kt","1.1.3 for 2021-2022 @t1",
"e","","","0","1654820033757","MainViewModel.kt","1.1.3 for 2021-2022 @t1",
"e","","No Phanon history found: /Users/josephditton/school/summer2022/5700/Iterators/src/main/kotlin/ui/showyourwork/showyourwork.log Player unable to render
","0","1654820033757","Controls.kt","1.1.3 for 2021-2022 @t1",
"e","","","0","1654820033757","Controls.kt","1.1.3 for 2021-2022 @t1",
"e","","No Phanon history found: /Users/josephditton/school/summer2022/5700/Iterators/src/main/kotlin/ui/showyourwork/showyourwork.log Player unable to render
","0","1654820033758","IDE.kt","1.1.3 for 2021-2022 @t1",
"e","","","0","1654820033758","IDE.kt","1.1.3 for 2021-2022 @t1",
"e","","No Phanon history found: /Users/josephditton/school/summer2022/5700/Iterators/src/main/kotlin/ui/showyourwork/showyourwork.log Player unable to render
","0","1654820033758","Tape.kt","1.1.3 for 2021-2022 @t1",
"e","","","0","1654820033758","Tape.kt","1.1.3 for 2021-2022 @t1",
"e","","No Phanon history found: /Users/josephditton/school/summer2022/5700/Iterators/src/main/kotlin/ui/showyourwork/showyourwork.log Player unable to render
","0","1654820033758","IDEViewModel.kt","1.1.3 for 2021-2022 @t1",
"e","","","0","1654820033758","IDEViewModel.kt","1.1.3 for 2021-2022 @t1",
"e","","No Phanon history found: /Users/josephditton/school/summer2022/5700/Iterators/src/main/kotlin/ui/showyourwork/showyourwork.log Player unable to render
","0","1654820033761","TrackerView.kt","1.1.3 for 2021-2022 @t1",
"e","","","0","1654820033761","TrackerView.kt","1.1.3 for 2021-2022 @t1",
"e","","No Phanon history found: /Users/josephditton/school/summer2022/5700/Iterators/src/main/kotlin/ui/showyourwork/showyourwork.log Player unable to render
","0","1654820033765","MainViewModel.kt","1.1.3 for 2021-2022 @t1",
"e","","","0","1654820033765","MainViewModel.kt","1.1.3 for 2021-2022 @t1",
"e","","No Phanon history found: /Users/josephditton/school/summer2022/5700/Iterators/src/main/kotlin/ui/showyourwork/showyourwork.log Player unable to render
","0","1654820033765","Controls.kt","1.1.3 for 2021-2022 @t1",
"e","","","0","1654820033765","Controls.kt","1.1.3 for 2021-2022 @t1",
"e","","No Phanon history found: /Users/josephditton/school/summer2022/5700/Iterators/src/main/kotlin/ui/showyourwork/showyourwork.log Player unable to render
","0","1654820033765","IDE.kt","1.1.3 for 2021-2022 @t1",
"e","","","0","1654820033765","IDE.kt","1.1.3 for 2021-2022 @t1",
"e","","No Phanon history found: /Users/josephditton/school/summer2022/5700/Iterators/src/main/kotlin/ui/showyourwork/showyourwork.log Player unable to render
","0","1654820033765","Tape.kt","1.1.3 for 2021-2022 @t1",
"e","","","0","1654820033765","Tape.kt","1.1.3 for 2021-2022 @t1",
"e","","No Phanon history found: /Users/josephditton/school/summer2022/5700/Iterators/src/main/kotlin/ui/showyourwork/showyourwork.log Player unable to render
","0","1654820033765","IDEViewModel.kt","1.1.3 for 2021-2022 @t1",
"e","","","0","1654820033765","IDEViewModel.kt","1.1.3 for 2021-2022 @t1",
"e","","No Phanon history found: /Users/josephditton/school/summer2022/5700/Iterators/src/main/kotlin/ui/showyourwork/showyourwork.log Player unable to render
","0","1654820033768","TrackerView.kt","1.1.3 for 2021-2022 @t1",
"e","","","0","1654820033768","TrackerView.kt","1.1.3 for 2021-2022 @t1",
"e","","No Phanon history found: /Users/josephditton/school/summer2022/5700/Iterators/src/main/kotlin/ui/showyourwork/showyourwork.log Player unable to render
","0","1654820033769","MainViewModel.kt","1.1.3 for 2021-2022 @t1",
"e","","","0","1654820033769","MainViewModel.kt","1.1.3 for 2021-2022 @t1",
"e","","No Phanon history found: /Users/josephditton/school/summer2022/5700/Iterators/src/main/kotlin/ui/showyourwork/showyourwork.log Player unable to render
","0","1654820033770","Controls.kt","1.1.3 for 2021-2022 @t1",
"e","","","0","1654820033770","Controls.kt","1.1.3 for 2021-2022 @t1",
"e","","No Phanon history found: /Users/josephditton/school/summer2022/5700/Iterators/src/main/kotlin/ui/showyourwork/showyourwork.log Player unable to render
","0","1654820033770","IDE.kt","1.1.3 for 2021-2022 @t1",
"e","","","0","1654820033770","IDE.kt","1.1.3 for 2021-2022 @t1",
"e","","No Phanon history found: /Users/josephditton/school/summer2022/5700/Iterators/src/main/kotlin/ui/showyourwork/showyourwork.log Player unable to render
","0","1654820033770","Tape.kt","1.1.3 for 2021-2022 @t1",
"e","","","0","1654820033770","Tape.kt","1.1.3 for 2021-2022 @t1",
"e","","No Phanon history found: /Users/josephditton/school/summer2022/5700/Iterators/src/main/kotlin/ui/showyourwork/showyourwork.log Player unable to render
","0","1654820033770","IDEViewModel.kt","1.1.3 for 2021-2022 @t1",
"e","","","0","1654820033770","IDEViewModel.kt","1.1.3 for 2021-2022 @t1",
"e","","No Phanon history found: /Users/josephditton/school/summer2022/5700/Iterators/src/main/kotlin/ui/showyourwork/showyourwork.log Player unable to render
","0","1654820033781","MainViewModel.kt","1.1.3 for 2021-2022 @t1",
"e","","","0","1654820033781","MainViewModel.kt","1.1.3 for 2021-2022 @t1",
"e","","No Phanon history found: /Users/josephditton/school/summer2022/5700/Iterators/src/main/kotlin/ui/showyourwork/showyourwork.log Player unable to render
","0","1654820033781","Controls.kt","1.1.3 for 2021-2022 @t1",
"e","","","0","1654820033781","Controls.kt","1.1.3 for 2021-2022 @t1",
"e","","No Phanon history found: /Users/josephditton/school/summer2022/5700/Iterators/src/main/kotlin/ui/showyourwork/showyourwork.log Player unable to render
","0","1654820033781","IDE.kt","1.1.3 for 2021-2022 @t1",
"e","","","0","1654820033781","IDE.kt","1.1.3 for 2021-2022 @t1",
"e","","No Phanon history found: /Users/josephditton/school/summer2022/5700/Iterators/src/main/kotlin/ui/showyourwork/showyourwork.log Player unable to render
","0","1654820033782","Tape.kt","1.1.3 for 2021-2022 @t1",
"e","","","0","1654820033782","Tape.kt","1.1.3 for 2021-2022 @t1",
"e","","No Phanon history found: /Users/josephditton/school/summer2022/5700/Iterators/src/main/kotlin/ui/showyourwork/showyourwork.log Player unable to render
","0","1654820033782","IDEViewModel.kt","1.1.3 for 2021-2022 @t1",
"e","","","0","1654820033782","IDEViewModel.kt","1.1.3 for 2021-2022 @t1",
"e","","No Phanon history found: /Users/josephditton/school/summer2022/5700/Iterators/src/main/kotlin/ui/showyourwork/showyourwork.log Player unable to render
","0","1654820033785","TrackerView.kt","1.1.3 for 2021-2022 @t1",
"e","","","0","1654820033785","TrackerView.kt","1.1.3 for 2021-2022 @t1",
