"a","Outside edit","","","1653010469402","Main.kt","1.1.3 for 2021-2022 @t1",
"a","Outside edit","","","1653010469403","Shape.kt","1.1.3 for 2021-2022 @t1",
"a","Outside edit","","","1653010469403","Car.java","1.1.3 for 2021-2022 @t1",
"a","Outside edit","","","1653010469403",".gitignore","1.1.3 for 2021-2022 @t1",
"a","Outside edit","","","1653010469403",".gitignore","1.1.3 for 2021-2022 @t1",
"a","Outside edit","","","1653010469403","ViewHelper.kt","1.1.3 for 2021-2022 @t1",
"a","Outside edit","","","1653010469403","MathOperationStrategy.kt","1.1.3 for 2021-2022 @t1",
"a","Outside edit","","","1653010469403","PlusOperationStrategy.kt","1.1.3 for 2021-2022 @t1",
"a","Outside edit","","","1653010469403","MinusOperationStrategy.kt","1.1.3 for 2021-2022 @t1",
"a","Outside edit","","","1653010469404","DivideOperationStrategy.kt","1.1.3 for 2021-2022 @t1",
"a","Outside edit","","","1653010469404","MultiplyOperationStrategy.kt","1.1.3 for 2021-2022 @t1",
"a","Outside edit","","","1653010469404","ModOperationStrategy.kt","1.1.3 for 2021-2022 @t1",
"a","Outside edit","","","1653010469404","DivideOperationStrategy.kt","1.1.3 for 2021-2022 @t1",
"a","Outside edit","","","1653010469404","BitShiftLeftOperationStrategy.kt","1.1.3 for 2021-2022 @t1",
"a","Outside edit","","","1653010469404","MinusOperationStrategy.kt","1.1.3 for 2021-2022 @t1",
"a","Outside edit","","","1653010469404","PlusOperationStrategy.kt","1.1.3 for 2021-2022 @t1",
"a","Outside edit","","","1653010469404","MultiplyOperationStrategy.kt","1.1.3 for 2021-2022 @t1",
"a","Outside edit","","","1653010469405","ModOperationStrategy.kt","1.1.3 for 2021-2022 @t1",
"a","Outside edit","","","1653010469405","DivideOperationStrategy.kt","1.1.3 for 2021-2022 @t1",
"a","Outside edit","","","1653010469405","MathOperationStrategy.kt","1.1.3 for 2021-2022 @t1",
"a","Outside edit","","","1653010469405","Main.kt","1.1.3 for 2021-2022 @t1",
"a","Outside edit","","","1653010469405","Shape.kt","1.1.3 for 2021-2022 @t1",
"a","Outside edit","","","1653010469405","Car.java","1.1.3 for 2021-2022 @t1",
"a","Outside edit","","","1653010469405",".gitignore","1.1.3 for 2021-2022 @t1",
"a","Outside edit","","","1653010469406",".gitignore","1.1.3 for 2021-2022 @t1",
"a","Outside edit","","","1653010469406","User.kt","1.1.3 for 2021-2022 @t1",
"a","Outside edit","","","1653010469406","Main.kt","1.1.3 for 2021-2022 @t1",
"a","Outside edit","","","1653010469406","Shape.kt","1.1.3 for 2021-2022 @t1",
"a","Outside edit","","","1653010469406","Car.java","1.1.3 for 2021-2022 @t1",
"a","Outside edit","","","1653010469406",".gitignore","1.1.3 for 2021-2022 @t1",
"a","Outside edit","","","1653010469406",".gitignore","1.1.3 for 2021-2022 @t1",
"a","Outside edit","","","1653010469406","ViewHelper.kt","1.1.3 for 2021-2022 @t1",
"a","Outside edit","","","1653010469407","MathOperationStrategy.kt","1.1.3 for 2021-2022 @t1",
"a","Outside edit","","","1653010469407","PlusOperationStrategy.kt","1.1.3 for 2021-2022 @t1",
"a","Outside edit","","","1653010469407","MinusOperationStrategy.kt","1.1.3 for 2021-2022 @t1",
"a","Outside edit","","","1653010469407","DivideOperationStrategy.kt","1.1.3 for 2021-2022 @t1",
"a","Outside edit","","","1653010469407","MultiplyOperationStrategy.kt","1.1.3 for 2021-2022 @t1",
"a","Outside edit","","","1653010469407","ModOperationStrategy.kt","1.1.3 for 2021-2022 @t1",
"a","Outside edit","","","1653010469407","DivideOperationStrategy.kt","1.1.3 for 2021-2022 @t1",
"a","Outside edit","","","1653010469408","BitShiftLeftOperationStrategy.kt","1.1.3 for 2021-2022 @t1",
"a","Outside edit","","","1653010469408","MinusOperationStrategy.kt","1.1.3 for 2021-2022 @t1",
"a","Outside edit","","","1653010469408","PlusOperationStrategy.kt","1.1.3 for 2021-2022 @t1",
"a","Outside edit","","","1653010469408","MultiplyOperationStrategy.kt","1.1.3 for 2021-2022 @t1",
"a","Outside edit","","","1653010469408","ModOperationStrategy.kt","1.1.3 for 2021-2022 @t1",
"a","Outside edit","","","1653010469408","DivideOperationStrategy.kt","1.1.3 for 2021-2022 @t1",
"a","Outside edit","","","1653010469408","MathOperationStrategy.kt","1.1.3 for 2021-2022 @t1",
"a","Outside edit","","","1653010469410","Observer.kt","1.1.3 for 2021-2022 @t1",
"a","Outside edit","","","1653010469410","Observable.kt","1.1.3 for 2021-2022 @t1",
"a","Outside edit","","","1653010469410","ViewHelper.kt","1.1.3 for 2021-2022 @t1",
"a","Outside edit","","","1653010469410","StopWatch.kt","1.1.3 for 2021-2022 @t1",
"a","Outside edit","","","1653010469411","Main.kt","1.1.3 for 2021-2022 @t1",
"a","Outside edit","","","1653010469411","Shape.kt","1.1.3 for 2021-2022 @t1",
"a","Outside edit","","","1653010469411","Car.java","1.1.3 for 2021-2022 @t1",
"a","Outside edit","","","1653010469411",".gitignore","1.1.3 for 2021-2022 @t1",
"a","Outside edit","","","1653010469411",".gitignore","1.1.3 for 2021-2022 @t1",
"a","Outside edit","","","1653010469411","ViewHelper.kt","1.1.3 for 2021-2022 @t1",
"a","Outside edit","","","1653010469411","MathOperationStrategy.kt","1.1.3 for 2021-2022 @t1",
"a","Outside edit","","","1653010469411","PlusOperationStrategy.kt","1.1.3 for 2021-2022 @t1",
"a","Outside edit","","","1653010469411","MinusOperationStrategy.kt","1.1.3 for 2021-2022 @t1",
"a","Outside edit","","","1653010469412","DivideOperationStrategy.kt","1.1.3 for 2021-2022 @t1",
"a","Outside edit","","","1653010469412","MultiplyOperationStrategy.kt","1.1.3 for 2021-2022 @t1",
"a","Outside edit","","","1653010469412","ModOperationStrategy.kt","1.1.3 for 2021-2022 @t1",
"a","Outside edit","","","1653010469412","DivideOperationStrategy.kt","1.1.3 for 2021-2022 @t1",
"a","Outside edit","","","1653010469412","BitShiftLeftOperationStrategy.kt","1.1.3 for 2021-2022 @t1",
"a","Outside edit","","","1653010469412","MinusOperationStrategy.kt","1.1.3 for 2021-2022 @t1",
"a","Outside edit","","","1653010469412","PlusOperationStrategy.kt","1.1.3 for 2021-2022 @t1",
"a","Outside edit","","","1653010469412","MultiplyOperationStrategy.kt","1.1.3 for 2021-2022 @t1",
"a","Outside edit","","","1653010469413","ModOperationStrategy.kt","1.1.3 for 2021-2022 @t1",
"a","Outside edit","","","1653010469413","DivideOperationStrategy.kt","1.1.3 for 2021-2022 @t1",
"a","Outside edit","","","1653010469413","MathOperationStrategy.kt","1.1.3 for 2021-2022 @t1",
"a","Outside edit","","","1653010469413","Main.kt","1.1.3 for 2021-2022 @t1",
"a","Outside edit","","","1653010469413","Shape.kt","1.1.3 for 2021-2022 @t1",
"a","Outside edit","","","1653010469413","Car.java","1.1.3 for 2021-2022 @t1",
"a","Outside edit","","","1653010469413",".gitignore","1.1.3 for 2021-2022 @t1",
"a","Outside edit","","","1653010469413",".gitignore","1.1.3 for 2021-2022 @t1",
"a","Outside edit","","","1653010469413","User.kt","1.1.3 for 2021-2022 @t1",
"a","Outside edit","","","1653010469414","Main.kt","1.1.3 for 2021-2022 @t1",
"a","Outside edit","","","1653010469414","ViewHelper.kt","1.1.3 for 2021-2022 @t1",
"a","Outside edit","","","1653010469414","Observer.kt","1.1.3 for 2021-2022 @t1",
"a","Outside edit","","","1653010469414","Observable.kt","1.1.3 for 2021-2022 @t1",
"a","Outside edit","","","1653010469414","StopWatch.kt","1.1.3 for 2021-2022 @t1",
"a","Outside edit","","","1653010469414",".gitignore","1.1.3 for 2021-2022 @t1",
"a","ShowYourWork Init","","","000","ShowYourWork Init","1.1.3 for 2021-2022 @t1",
"e","import org.jetbrains.kotlin.gradle.tasks.KotlinCompile

plugins {
    kotlin(""jvm"") version ""1.5.10""
    application
}

group = ""me.josephditton""
version = ""1.0-SNAPSHOT""

repositories {
    mavenCentral()
}

dependencies {
    testImplementation(kotlin(""test""))
    
}

tasks.test {
    useJUnitPlatform()
}

tasks.withType<KotlinCompile> {
    kotlinOptions.jvmTarget = ""11""
}

application {
    mainClass.set(""MainKt"")
}","","0","1653010501807","build.gradle.kts","1.1.3 for 2021-2022 @t1",
"p","implementation 'org.jetbrains.kotlinx:kotlinx-coroutines-android:1.3.9'",,"267","1653010502007","build.gradle.kts","1.1.3 for 2021-2022 @t1",
"e","implementation 'org.jetbrains.kotlinx:kotlinx-coroutines-android:1.3.9'","","267","1653010502008","build.gradle.kts","1.1.3 for 2021-2022 @t1",
"e","","implementation 'org.jetbrains.kotlinx:kotlinx-coroutines-android:1.3.9'","267","1653010521549","build.gradle.kts","1.1.3 for 2021-2022 @t1",
"p","implementation(""org.jetbrains.kotlinx:kotlinx-coroutines-android:1.3.9"")",,"267","1653010522166","build.gradle.kts","1.1.3 for 2021-2022 @t1",
"e","implementation(""org.jetbrains.kotlinx:kotlinx-coroutines-android:1.3.9"")","","267","1653010522167","build.gradle.kts","1.1.3 for 2021-2022 @t1",
