"e","class Executable {
}","","0","1654103734745","Executable.kt","1.1.3 for 2021-2022 @t1",
"e",":","","16","1654103736674","Executable.kt","1.1.3 for 2021-2022 @t1",
"k",":",,"17","1654103736675","Executable.kt","1.1.3 for 2021-2022 @t1",
"e"," ","","17","1654103736838","Executable.kt","1.1.3 for 2021-2022 @t1",
"k"," ",,"18","1654103736838","Executable.kt","1.1.3 for 2021-2022 @t1",
"a","Backspace",,,"1654103737050","Executable.kt","1.1.3 for 2021-2022 @t1",
"e",""," ","17","1654103737051","Executable.kt","1.1.3 for 2021-2022 @t1",
"a","Backspace",,,"1654103737189","Executable.kt","1.1.3 for 2021-2022 @t1",
"e","",":","16","1654103737190","Executable.kt","1.1.3 for 2021-2022 @t1",
"e","(","","16","1654103737446","Executable.kt","1.1.3 for 2021-2022 @t1",
"e",")","","17","1654103737447","Executable.kt","1.1.3 for 2021-2022 @t1",
"k","(",,"17","1654103737448","Executable.kt","1.1.3 for 2021-2022 @t1",
"k",")",,"18","1654103737486","Executable.kt","1.1.3 for 2021-2022 @t1",
"a","Left",,,"1654103737739","Executable.kt","1.1.3 for 2021-2022 @t1",
"e","n","","17","1654103738019","Executable.kt","1.1.3 for 2021-2022 @t1",
"k","n",,"18","1654103738020","Executable.kt","1.1.3 for 2021-2022 @t1",
"e"," ","","18","1654103738030","Executable.kt","1.1.3 for 2021-2022 @t1",
"e",""," ","18","1654103738149","Executable.kt","1.1.3 for 2021-2022 @t1",
"e","a","","18","1654103738150","Executable.kt","1.1.3 for 2021-2022 @t1",
"k","a",,"19","1654103738150","Executable.kt","1.1.3 for 2021-2022 @t1",
"e","m","","19","1654103738155","Executable.kt","1.1.3 for 2021-2022 @t1",
"k","m",,"20","1654103738156","Executable.kt","1.1.3 for 2021-2022 @t1",
"e"," ","","20","1654103738161","Executable.kt","1.1.3 for 2021-2022 @t1",
"e",""," ","20","1654103738275","Executable.kt","1.1.3 for 2021-2022 @t1",
"e","e","","20","1654103738276","Executable.kt","1.1.3 for 2021-2022 @t1",
"k","e",,"21","1654103738277","Executable.kt","1.1.3 for 2021-2022 @t1",
"e"," ","","21","1654103738290","Executable.kt","1.1.3 for 2021-2022 @t1",
"e",""," ","21","1654103738713","Executable.kt","1.1.3 for 2021-2022 @t1",
"e",":","","21","1654103738714","Executable.kt","1.1.3 for 2021-2022 @t1",
"k",":",,"22","1654103738714","Executable.kt","1.1.3 for 2021-2022 @t1",
"e"," ","","22","1654103738819","Executable.kt","1.1.3 for 2021-2022 @t1",
"k"," ",,"23","1654103738820","Executable.kt","1.1.3 for 2021-2022 @t1",
"e","S","","23","1654103738943","Executable.kt","1.1.3 for 2021-2022 @t1",
"k","S",,"24","1654103738943","Executable.kt","1.1.3 for 2021-2022 @t1",
"e"," ","","24","1654103738960","Executable.kt","1.1.3 for 2021-2022 @t1",
"e",""," ","24","1654103739043","Executable.kt","1.1.3 for 2021-2022 @t1",
"e","T","","24","1654103739044","Executable.kt","1.1.3 for 2021-2022 @t1",
"k","T",,"25","1654103739044","Executable.kt","1.1.3 for 2021-2022 @t1",
"e"," ","","25","1654103739063","Executable.kt","1.1.3 for 2021-2022 @t1",
"e",""," ","25","1654103739157","Executable.kt","1.1.3 for 2021-2022 @t1",
"e","r","","25","1654103739158","Executable.kt","1.1.3 for 2021-2022 @t1",
"k","r",,"26","1654103739158","Executable.kt","1.1.3 for 2021-2022 @t1",
"e"," ","","26","1654103739174","Executable.kt","1.1.3 for 2021-2022 @t1",
"e",""," ","26","1654103739370","Executable.kt","1.1.3 for 2021-2022 @t1",
"e","i","","26","1654103739371","Executable.kt","1.1.3 for 2021-2022 @t1",
"k","i",,"27","1654103739372","Executable.kt","1.1.3 for 2021-2022 @t1",
"e"," ","","27","1654103739389","Executable.kt","1.1.3 for 2021-2022 @t1",
"e",""," ","27","1654103739460","Executable.kt","1.1.3 for 2021-2022 @t1",
"e","n","","27","1654103739461","Executable.kt","1.1.3 for 2021-2022 @t1",
"k","n",,"28","1654103739462","Executable.kt","1.1.3 for 2021-2022 @t1",
"e"," ","","28","1654103739477","Executable.kt","1.1.3 for 2021-2022 @t1",
"a","Backspace",,,"1654103739641","Executable.kt","1.1.3 for 2021-2022 @t1",
"e","","n ","27","1654103739642","Executable.kt","1.1.3 for 2021-2022 @t1",
"e"," ","","27","1654103739660","Executable.kt","1.1.3 for 2021-2022 @t1",
"a","Backspace",,,"1654103739783","Executable.kt","1.1.3 for 2021-2022 @t1",
"e","","i ","26","1654103739783","Executable.kt","1.1.3 for 2021-2022 @t1",
"e"," ","","26","1654103739804","Executable.kt","1.1.3 for 2021-2022 @t1",
"a","Backspace",,,"1654103739908","Executable.kt","1.1.3 for 2021-2022 @t1",
"e","","r ","25","1654103739909","Executable.kt","1.1.3 for 2021-2022 @t1",
"e"," ","","25","1654103739924","Executable.kt","1.1.3 for 2021-2022 @t1",
"a","Backspace",,,"1654103740020","Executable.kt","1.1.3 for 2021-2022 @t1",
"e","","T ","24","1654103740021","Executable.kt","1.1.3 for 2021-2022 @t1",
"e"," ","","24","1654103740035","Executable.kt","1.1.3 for 2021-2022 @t1",
"e",""," ","24","1654103740085","Executable.kt","1.1.3 for 2021-2022 @t1",
"e","t","","24","1654103740086","Executable.kt","1.1.3 for 2021-2022 @t1",
"k","t",,"25","1654103740086","Executable.kt","1.1.3 for 2021-2022 @t1",
"e"," ","","25","1654103740099","Executable.kt","1.1.3 for 2021-2022 @t1",
"e",""," ","25","1654103740224","Executable.kt","1.1.3 for 2021-2022 @t1",
"e","r","","25","1654103740225","Executable.kt","1.1.3 for 2021-2022 @t1",
"k","r",,"26","1654103740226","Executable.kt","1.1.3 for 2021-2022 @t1",
"e"," ","","26","1654103740241","Executable.kt","1.1.3 for 2021-2022 @t1",
"e",""," ","26","1654103740309","Executable.kt","1.1.3 for 2021-2022 @t1",
"e","i","","26","1654103740310","Executable.kt","1.1.3 for 2021-2022 @t1",
"k","i",,"27","1654103740311","Executable.kt","1.1.3 for 2021-2022 @t1",
"e"," ","","27","1654103740326","Executable.kt","1.1.3 for 2021-2022 @t1",
"e",""," ","27","1654103740371","Executable.kt","1.1.3 for 2021-2022 @t1",
"e","n","","27","1654103740372","Executable.kt","1.1.3 for 2021-2022 @t1",
"k","n",,"28","1654103740373","Executable.kt","1.1.3 for 2021-2022 @t1",
"e"," ","","28","1654103740399","Executable.kt","1.1.3 for 2021-2022 @t1",
"e",""," ","28","1654103740450","Executable.kt","1.1.3 for 2021-2022 @t1",
"e","g","","28","1654103740451","Executable.kt","1.1.3 for 2021-2022 @t1",
"k","g",,"29","1654103740452","Executable.kt","1.1.3 for 2021-2022 @t1",
"e"," ","","29","1654103740480","Executable.kt","1.1.3 for 2021-2022 @t1",
"e",""," ","29","1654103741148","Executable.kt","1.1.3 for 2021-2022 @t1",
"e",":","","30","1654103741149","Executable.kt","1.1.3 for 2021-2022 @t1",
"k",":",,"31","1654103741150","Executable.kt","1.1.3 for 2021-2022 @t1",
"e"," ","","31","1654103741248","Executable.kt","1.1.3 for 2021-2022 @t1",
"k"," ",,"32","1654103741249","Executable.kt","1.1.3 for 2021-2022 @t1",
"e","F","","32","1654103741893","Executable.kt","1.1.3 for 2021-2022 @t1",
"k","F",,"33","1654103741894","Executable.kt","1.1.3 for 2021-2022 @t1",
"e"," ","","29","1654103741902","Executable.kt","1.1.3 for 2021-2022 @t1",
"e","",":","31","1654103741903","Executable.kt","1.1.3 for 2021-2022 @t1",
"e"," ","","34","1654103741904","Executable.kt","1.1.3 for 2021-2022 @t1",
"e",":","","31","1654103741902","Executable.kt","1.1.3 for 2021-2022 @t1",
"e",""," ","29","1654103741902","Executable.kt","1.1.3 for 2021-2022 @t1",
"e",""," ","33","1654103742063","Executable.kt","1.1.3 for 2021-2022 @t1",
"e","i","","33","1654103742064","Executable.kt","1.1.3 for 2021-2022 @t1",
"k","i",,"34","1654103742065","Executable.kt","1.1.3 for 2021-2022 @t1",
"e"," ","","35","1654103742074","Executable.kt","1.1.3 for 2021-2022 @t1",
"e",""," ","34","1654103742152","Executable.kt","1.1.3 for 2021-2022 @t1",
"e","l","","34","1654103742153","Executable.kt","1.1.3 for 2021-2022 @t1",
"k","l",,"35","1654103742154","Executable.kt","1.1.3 for 2021-2022 @t1",
"e"," ","","36","1654103742159","Executable.kt","1.1.3 for 2021-2022 @t1",
"e",""," ","35","1654103742254","Executable.kt","1.1.3 for 2021-2022 @t1",
"e","e","","35","1654103742255","Executable.kt","1.1.3 for 2021-2022 @t1",
"k","e",,"36","1654103742255","Executable.kt","1.1.3 for 2021-2022 @t1",
"e"," ","","37","1654103742261","Executable.kt","1.1.3 for 2021-2022 @t1",
"a","Backspace",,,"1654103743288","Executable.kt","1.1.3 for 2021-2022 @t1",
"e","","e ","35","1654103743289","Executable.kt","1.1.3 for 2021-2022 @t1",
"e"," ","","36","1654103743304","Executable.kt","1.1.3 for 2021-2022 @t1",
"e",""," ","35","1654103743940","Executable.kt","1.1.3 for 2021-2022 @t1",
"e","e","","35","1654103743941","Executable.kt","1.1.3 for 2021-2022 @t1",
"k","e",,"36","1654103743947","Executable.kt","1.1.3 for 2021-2022 @t1",
"e","S","","36","1654103744175","Executable.kt","1.1.3 for 2021-2022 @t1",
"k","S",,"37","1654103744180","Executable.kt","1.1.3 for 2021-2022 @t1",
"e","y","","37","1654103746185","Executable.kt","1.1.3 for 2021-2022 @t1",
"k","y",,"38","1654103746189","Executable.kt","1.1.3 for 2021-2022 @t1",
"e","s","","38","1654103746287","Executable.kt","1.1.3 for 2021-2022 @t1",
"k","s",,"39","1654103746290","Executable.kt","1.1.3 for 2021-2022 @t1",
"a","Backspace",,,"1654103748235","Executable.kt","1.1.3 for 2021-2022 @t1",
"e","","s","38","1654103748236","Executable.kt","1.1.3 for 2021-2022 @t1",
"a","Backspace",,,"1654103749577","Executable.kt","1.1.3 for 2021-2022 @t1",
"e","","y","37","1654103749578","Executable.kt","1.1.3 for 2021-2022 @t1",
"a","Backspace",,,"1654103749741","Executable.kt","1.1.3 for 2021-2022 @t1",
"e","","S","36","1654103749742","Executable.kt","1.1.3 for 2021-2022 @t1",
"a","Backspace",,,"1654103749993","Executable.kt","1.1.3 for 2021-2022 @t1",
"e","","e","35","1654103749994","Executable.kt","1.1.3 for 2021-2022 @t1",
"a","Backspace",,,"1654103750025","Executable.kt","1.1.3 for 2021-2022 @t1",
"e","","l","34","1654103750026","Executable.kt","1.1.3 for 2021-2022 @t1",
"e"," ","","35","1654103750033","Executable.kt","1.1.3 for 2021-2022 @t1",
"a","Backspace",,,"1654103750059","Executable.kt","1.1.3 for 2021-2022 @t1",
"e","","i ","33","1654103750060","Executable.kt","1.1.3 for 2021-2022 @t1",
"e"," ","","34","1654103750069","Executable.kt","1.1.3 for 2021-2022 @t1",
"a","Backspace",,,"1654103750093","Executable.kt","1.1.3 for 2021-2022 @t1",
"e",""," F","31","1654103750094","Executable.kt","1.1.3 for 2021-2022 @t1",
"e","F","","32","1654103751107","Executable.kt","1.1.3 for 2021-2022 @t1",
"k","F",,"33","1654103751107","Executable.kt","1.1.3 for 2021-2022 @t1",
"e","y","","33","1654103751292","Executable.kt","1.1.3 for 2021-2022 @t1",
"k","y",,"34","1654103751294","Executable.kt","1.1.3 for 2021-2022 @t1",
"e"," ","","35","1654103751302","Executable.kt","1.1.3 for 2021-2022 @t1",
"a","Escape",,,"1654103751877","Executable.kt","1.1.3 for 2021-2022 @t1",
"a","Move",,,"1654103754303","Executable.kt","1.1.3 for 2021-2022 @t1",
"e","","class Executable(name: String): Fy  {
}","0","1654637191314","Executable.kt","1.1.3 for 2021-2022 @t1",
"e","","","0","1654637191314","Executable.kt","1.1.3 for 2021-2022 @t1",
