"a","Outside edit","","","1653614240867","Business.kt","1.1.3 for 2021-2022 @t1",
"a","Outside edit","","","1653614240867","Citizen.kt","1.1.3 for 2021-2022 @t1",
"a","Outside edit","","","1653614240868","Taxable.kt","1.1.3 for 2021-2022 @t1",
"a","Outside edit","","","1653614240868","View.kt","1.1.3 for 2021-2022 @t1",
"a","Outside edit","","","1653614240868","ContainerView.java","1.1.3 for 2021-2022 @t1",
"a","Outside edit","","","1653614240868",".gitignore","1.1.3 for 2021-2022 @t1",
"a","Outside edit","","","1653614240868","Main.java","1.1.3 for 2021-2022 @t1",
"a","Outside edit","","","1653614240868","Cache.java","1.1.3 for 2021-2022 @t1",
"a","Outside edit","","","1653614240868",".gitignore","1.1.3 for 2021-2022 @t1",
"a","Outside edit","","","1653614240869","Main.kt","1.1.3 for 2021-2022 @t1",
"a","Outside edit","","","1653614240869","build.gradle.kts","1.1.3 for 2021-2022 @t1",
"e","","No Phanon history found: /Users/josephditton/school/summer2022/5700/MicrosoftPiant/showyourwork/showyourwork.log Player unable to render
","0","1653614240869","build.gradle.kts","1.1.3 for 2021-2022 @t1",
"e","import org.jetbrains.compose.compose
import org.jetbrains.compose.desktop.application.dsl.TargetFormat
import org.jetbrains.kotlin.gradle.tasks.KotlinCompile

plugins {
    kotlin(""jvm"") version ""1.5.31""
    id(""org.jetbrains.compose"") version ""1.0.0""
}

group = ""me.josephditton""
version = ""1.0""

repositories {
    google()
    mavenCentral()
    maven(""https://maven.pkg.jetbrains.space/public/p/compose/dev"")
}

dependencies {
    testImplementation(kotlin(""test""))
    implementation(compose.desktop.currentOs)
}

tasks.test {
    useJUnitPlatform()
}

tasks.withType<KotlinCompile> {
    kotlinOptions.jvmTarget = ""11""
}

compose.desktop {
    application {
        mainClass = ""MainKt""
        nativeDistributions {
            targetFormats(TargetFormat.Dmg, TargetFormat.Msi, TargetFormat.Deb)
            packageName = ""MicrosoftPiant""
            packageVersion = ""1.0.0""
        }
    }
}","","0","1653614240869","build.gradle.kts","1.1.3 for 2021-2022 @t1",
"a","Outside edit","","","1653614240869","WebServer.kt","1.1.3 for 2021-2022 @t1",
"e","","No Phanon history found: /Users/josephditton/school/summer2022/5700/MicrosoftPiant/showyourwork/showyourwork.log Player unable to render
","0","1653614240869","WebServer.kt","1.1.3 for 2021-2022 @t1",
"e","","","0","1653614240869","WebServer.kt","1.1.3 for 2021-2022 @t1",
"a","Outside edit","","","1653614240869","WebServer.kt","1.1.3 for 2021-2022 @t1",
"a","Outside edit","","","1653614240869","WebServer.kt","1.1.3 for 2021-2022 @t1",
"a","ShowYourWork Init","","","000","ShowYourWork Init","1.1.3 for 2021-2022 @t1",
"a","Outside edit","","","1654043785493",".gitignore","1.1.3 for 2021-2022 @t1",
"a","Outside edit","","","1654043785503","Main.kt","1.1.3 for 2021-2022 @t1",
"a","Outside edit","","","1654043785608","ShippingUpdate.java","1.1.3 for 2021-2022 @t1",
"a","Outside edit","","","1654043785639","UpdateTypeLogicalSwitchboard.kt","1.1.3 for 2021-2022 @t1",
"a","Outside edit","","","1654043785639","UpdateTypeLogicalSwitchboard.kt","1.1.3 for 2021-2022 @t1",
"a","Outside edit","","","1654043785640","UpdateTypeLogicalSwitchboard.kt","1.1.3 for 2021-2022 @t1",
"a","Outside edit","","","1654043785640","ShipmentEnded.kt","1.1.3 for 2021-2022 @t1",
"a","Outside edit","","","1654043785640","Shipment.kt","1.1.3 for 2021-2022 @t1",
"a","Outside edit","","","1654043785640","ShippingUpdateTranslator.kt","1.1.3 for 2021-2022 @t1",
"a","Outside edit","","","1654043785640","TrackingSimulator.kt","1.1.3 for 2021-2022 @t1",
"a","Outside edit","","","1654043785640","NoteAddedUpdate.kt","1.1.3 for 2021-2022 @t1",
"a","Outside edit","","","1654043785640","ShipmentDeliveryDateAdjustment.kt","1.1.3 for 2021-2022 @t1",
"a","Outside edit","","","1654043785640","ShippingUpdate.kt","1.1.3 for 2021-2022 @t1",
"a","Outside edit","","","1654043785641","StatusUpdate.kt","1.1.3 for 2021-2022 @t1",
"a","Outside edit","","","1654043785641","LocationUpdate.kt","1.1.3 for 2021-2022 @t1",
"a","Outside edit","","","1654043785641","ShipmentCreated.kt","1.1.3 for 2021-2022 @t1",
"a","Outside edit","","","1654043785641","UpdateType.kt","1.1.3 for 2021-2022 @t1",
"a","Outside edit","","","1654043785641","TrackerViewHelper.java","1.1.3 for 2021-2022 @t1",
"a","Outside edit","","","1654043785641","TrackerViewHelper.kt","1.1.3 for 2021-2022 @t1",
"a","Outside edit","","","1654043785641","TrackingSimulatorTest.java","1.1.3 for 2021-2022 @t1",
"a","Outside edit","","","1654043785641","ShipmentTest.java","1.1.3 for 2021-2022 @t1",
"a","Outside edit","","","1654043785642","TrackerViewHelperTest.java","1.1.3 for 2021-2022 @t1",
"a","Outside edit","","","1654043785666","Rectangle.kt","1.1.3 for 2021-2022 @t1",
"a","Outside edit","","","1654043785737","Main.kt","1.1.3 for 2021-2022 @t1",
"a","Outside edit","","","1654043785744","Animal.kt","1.1.3 for 2021-2022 @t1",
"a","Outside edit","","","1654043785744","Dog.kt","1.1.3 for 2021-2022 @t1",
"a","Outside edit","","","1654043785744","MainKtTest.java","1.1.3 for 2021-2022 @t1",
"a","Outside edit","","","1654043785744","MainKtTest.kt","1.1.3 for 2021-2022 @t1",
"a","Outside edit","","","1654043785744","Tollbooth.kt","1.1.3 for 2021-2022 @t1",
"a","Outside edit","","","1654043785744","Car.kt","1.1.3 for 2021-2022 @t1",
"a","Outside edit","","","1654043785744","Lane.kt","1.1.3 for 2021-2022 @t1",
"a","Outside edit","","","1654043785744","LaneTest.java","1.1.3 for 2021-2022 @t1",
"a","Outside edit","","","1654043785745","LaneTest.kt","1.1.3 for 2021-2022 @t1",
"a","Outside edit","","","1654043785745","StateFactory.kt","1.1.3 for 2021-2022 @t1",
"a","Outside edit","","","1654043785745","Parser.kt","1.1.3 for 2021-2022 @t1",
"a","Outside edit","","","1654043785745","State.kt","1.1.3 for 2021-2022 @t1",
"a","Outside edit","","","1654043785745","InvalidState.kt","1.1.3 for 2021-2022 @t1",
"a","Outside edit","","","1654043785745","TuringMachine.kt","1.1.3 for 2021-2022 @t1",
"a","Outside edit","","","1654043785745","ProgramState.kt","1.1.3 for 2021-2022 @t1",
"a","Outside edit","","","1654043785745","AbortState.kt","1.1.3 for 2021-2022 @t1",
"a","Outside edit","","","1654043785746","ProgramStateTest.java","1.1.3 for 2021-2022 @t1",
"a","Outside edit","","","1654043785746","ProgramStateTest.kt","1.1.3 for 2021-2022 @t1",
"a","Outside edit","","","1654043785746","MainViewModel.kt","1.1.3 for 2021-2022 @t1",
"a","Outside edit","","","1654043785752","Main.kt","1.1.3 for 2021-2022 @t1",
"a","Outside edit","","","1654043785752","Controls.kt","1.1.3 for 2021-2022 @t1",
"a","Outside edit","","","1654043785752","IDE.kt","1.1.3 for 2021-2022 @t1",
"a","Outside edit","","","1654043785752","Tape.kt","1.1.3 for 2021-2022 @t1",
"a","Outside edit","","","1654043785752","IDEViewModel.kt","1.1.3 for 2021-2022 @t1",
"a","Outside edit","","","1654043785752","TuringMachineTest.kt","1.1.3 for 2021-2022 @t1",
"a","Outside edit","","","1654043785753",".gitignore","1.1.3 for 2021-2022 @t1",
"a","Outside edit","","","1654043785753",".gitignore","1.1.3 for 2021-2022 @t1",
"a","Outside edit","","","1654043785790","UpdateStrategy.kt","1.1.3 for 2021-2022 @t1",
"a","Outside edit","","","1654043785790","ShipmentCreatedStrategy.kt","1.1.3 for 2021-2022 @t1",
"a","Outside edit","","","1654043785791","ShipmentDeliveredStrategy.kt","1.1.3 for 2021-2022 @t1",
"a","Outside edit","","","1654043785791","ShipmentLostStrategy.kt","1.1.3 for 2021-2022 @t1",
"a","Outside edit","","","1654043785791","ShipmentLocationUpdateStrategy.kt","1.1.3 for 2021-2022 @t1",
"a","Outside edit","","","1654043785791","ShipmentDelayedStrategy.kt","1.1.3 for 2021-2022 @t1",
"a","Outside edit","","","1654043785791","ShipmentCancelledStrategy.kt","1.1.3 for 2021-2022 @t1",
"a","Outside edit","","","1654043785791","ShipmentNoteAddedStrategy.kt","1.1.3 for 2021-2022 @t1",
"a","Outside edit","","","1654043785798","ShipmentShippedStrategy.kt","1.1.3 for 2021-2022 @t1",
"a","Outside edit","","","1654043785798","ShipmentUpdateStrategy.kt","1.1.3 for 2021-2022 @t1",
"a","Outside edit","","","1654043785803","TrackerView.kt","1.1.3 for 2021-2022 @t1",
"a","Outside edit","","","1654043785828","TaxStrategy.kt","1.1.3 for 2021-2022 @t1",
"a","Outside edit","","","1654043785828","CowabungaStrategy.kt","1.1.3 for 2021-2022 @t1",
"a","Outside edit","","","1654043785828","YourMom.kt","1.1.3 for 2021-2022 @t1",
"a","Outside edit","","","1654043785828","ClownTown.kt","1.1.3 for 2021-2022 @t1",
"a","Outside edit","","","1654043785828","ClownTownStrategy.kt","1.1.3 for 2021-2022 @t1",
"a","Outside edit","","","1654043785854",".gitignore","1.1.3 for 2021-2022 @t1",
"a","Outside edit","","","1654043785862","Main.kt","1.1.3 for 2021-2022 @t1",
"a","Outside edit","","","1654043785968","ShippingUpdate.java","1.1.3 for 2021-2022 @t1",
"a","Outside edit","","","1654043785999","UpdateTypeLogicalSwitchboard.kt","1.1.3 for 2021-2022 @t1",
"a","Outside edit","","","1654043785999","UpdateTypeLogicalSwitchboard.kt","1.1.3 for 2021-2022 @t1",
"a","Outside edit","","","1654043786000","UpdateTypeLogicalSwitchboard.kt","1.1.3 for 2021-2022 @t1",
"a","Outside edit","","","1654043786000","ShipmentEnded.kt","1.1.3 for 2021-2022 @t1",
"a","Outside edit","","","1654043786000","Shipment.kt","1.1.3 for 2021-2022 @t1",
"a","Outside edit","","","1654043786000","ShippingUpdateTranslator.kt","1.1.3 for 2021-2022 @t1",
"a","Outside edit","","","1654043786000","TrackingSimulator.kt","1.1.3 for 2021-2022 @t1",
"a","Outside edit","","","1654043786001","NoteAddedUpdate.kt","1.1.3 for 2021-2022 @t1",
"a","Outside edit","","","1654043786001","ShipmentDeliveryDateAdjustment.kt","1.1.3 for 2021-2022 @t1",
"a","Outside edit","","","1654043786001","ShippingUpdate.kt","1.1.3 for 2021-2022 @t1",
"a","Outside edit","","","1654043786001","StatusUpdate.kt","1.1.3 for 2021-2022 @t1",
"a","Outside edit","","","1654043786001","LocationUpdate.kt","1.1.3 for 2021-2022 @t1",
"a","Outside edit","","","1654043786001","ShipmentCreated.kt","1.1.3 for 2021-2022 @t1",
"a","Outside edit","","","1654043786001","UpdateType.kt","1.1.3 for 2021-2022 @t1",
"a","Outside edit","","","1654043786001","TrackerViewHelper.java","1.1.3 for 2021-2022 @t1",
"a","Outside edit","","","1654043786001","TrackerViewHelper.kt","1.1.3 for 2021-2022 @t1",
"a","Outside edit","","","1654043786001","TrackingSimulatorTest.java","1.1.3 for 2021-2022 @t1",
"a","Outside edit","","","1654043786002","ShipmentTest.java","1.1.3 for 2021-2022 @t1",
"a","Outside edit","","","1654043786002","TrackerViewHelperTest.java","1.1.3 for 2021-2022 @t1",
"a","Outside edit","","","1654043786025","Rectangle.kt","1.1.3 for 2021-2022 @t1",
"a","Outside edit","","","1654043786092","Main.kt","1.1.3 for 2021-2022 @t1",
"a","Outside edit","","","1654043786099","Animal.kt","1.1.3 for 2021-2022 @t1",
"a","Outside edit","","","1654043786099","Dog.kt","1.1.3 for 2021-2022 @t1",
"a","Outside edit","","","1654043786099","MainKtTest.java","1.1.3 for 2021-2022 @t1",
"a","Outside edit","","","1654043786099","MainKtTest.kt","1.1.3 for 2021-2022 @t1",
"a","Outside edit","","","1654043786099","Tollbooth.kt","1.1.3 for 2021-2022 @t1",
"a","Outside edit","","","1654043786099","Car.kt","1.1.3 for 2021-2022 @t1",
"a","Outside edit","","","1654043786099","Lane.kt","1.1.3 for 2021-2022 @t1",
"a","Outside edit","","","1654043786099","LaneTest.java","1.1.3 for 2021-2022 @t1",
"a","Outside edit","","","1654043786099","LaneTest.kt","1.1.3 for 2021-2022 @t1",
"a","Outside edit","","","1654043786099","StateFactory.kt","1.1.3 for 2021-2022 @t1",
"a","Outside edit","","","1654043786100","Parser.kt","1.1.3 for 2021-2022 @t1",
"a","Outside edit","","","1654043786100","State.kt","1.1.3 for 2021-2022 @t1",
"a","Outside edit","","","1654043786100","InvalidState.kt","1.1.3 for 2021-2022 @t1",
"a","Outside edit","","","1654043786100","TuringMachine.kt","1.1.3 for 2021-2022 @t1",
"a","Outside edit","","","1654043786100","ProgramState.kt","1.1.3 for 2021-2022 @t1",
"a","Outside edit","","","1654043786100","AbortState.kt","1.1.3 for 2021-2022 @t1",
"a","Outside edit","","","1654043786100","ProgramStateTest.java","1.1.3 for 2021-2022 @t1",
"a","Outside edit","","","1654043786100","ProgramStateTest.kt","1.1.3 for 2021-2022 @t1",
"a","Outside edit","","","1654043786100","MainViewModel.kt","1.1.3 for 2021-2022 @t1",
"a","Outside edit","","","1654043786107","Main.kt","1.1.3 for 2021-2022 @t1",
"a","Outside edit","","","1654043786107","Controls.kt","1.1.3 for 2021-2022 @t1",
"a","Outside edit","","","1654043786107","IDE.kt","1.1.3 for 2021-2022 @t1",
"a","Outside edit","","","1654043786108","Tape.kt","1.1.3 for 2021-2022 @t1",
"a","Outside edit","","","1654043786108","IDEViewModel.kt","1.1.3 for 2021-2022 @t1",
"a","Outside edit","","","1654043786108","TuringMachineTest.kt","1.1.3 for 2021-2022 @t1",
"a","Outside edit","","","1654043786108",".gitignore","1.1.3 for 2021-2022 @t1",
"a","Outside edit","","","1654043786108",".gitignore","1.1.3 for 2021-2022 @t1",
"a","Outside edit","","","1654043786147","UpdateStrategy.kt","1.1.3 for 2021-2022 @t1",
"a","Outside edit","","","1654043786147","ShipmentCreatedStrategy.kt","1.1.3 for 2021-2022 @t1",
"a","Outside edit","","","1654043786147","ShipmentDeliveredStrategy.kt","1.1.3 for 2021-2022 @t1",
"a","Outside edit","","","1654043786147","ShipmentLostStrategy.kt","1.1.3 for 2021-2022 @t1",
"a","Outside edit","","","1654043786147","ShipmentLocationUpdateStrategy.kt","1.1.3 for 2021-2022 @t1",
"a","Outside edit","","","1654043786147","ShipmentDelayedStrategy.kt","1.1.3 for 2021-2022 @t1",
"a","Outside edit","","","1654043786147","ShipmentCancelledStrategy.kt","1.1.3 for 2021-2022 @t1",
"a","Outside edit","","","1654043786148","ShipmentNoteAddedStrategy.kt","1.1.3 for 2021-2022 @t1",
"a","Outside edit","","","1654043786154","ShipmentShippedStrategy.kt","1.1.3 for 2021-2022 @t1",
"a","Outside edit","","","1654043786154","ShipmentUpdateStrategy.kt","1.1.3 for 2021-2022 @t1",
"a","Outside edit","","","1654043786160","TrackerView.kt","1.1.3 for 2021-2022 @t1",
"a","ShowYourWork Init","","","000","ShowYourWork Init","1.1.3 for 2021-2022 @t1",
