"a","Outside edit","","","1655255424971","Main.kt","1.1.3 for 2021-2022 @t1",
"a","Outside edit","","","1655255424971","Solver.kt","1.1.3 for 2021-2022 @t1",
"a","Outside edit","","","1655255424971","Puzzle.kt","1.1.3 for 2021-2022 @t1",
"a","Outside edit","","","1655255424971","Cell.kt","1.1.3 for 2021-2022 @t1",
"a","Outside edit","","","1655255424971","Row.kt","1.1.3 for 2021-2022 @t1",
"a","Outside edit","","","1655255424972","Column.kt","1.1.3 for 2021-2022 @t1",
"a","Outside edit","","","1655255424972","Block.kt","1.1.3 for 2021-2022 @t1",
"a","Outside edit","","","1655255424973","CellSolutionStrategy.kt","1.1.3 for 2021-2022 @t1",
"a","Outside edit","","","1655255424973","OnlyOnePlaceStrategy.kt","1.1.3 for 2021-2022 @t1",
"a","Outside edit","","","1655255424973","OnlyOnePossibilityStrategy.kt","1.1.3 for 2021-2022 @t1",
"a","Outside edit","","","1655255424973","TwinsStrategy.kt","1.1.3 for 2021-2022 @t1",
"a","Outside edit","","","1655255424973","GuessStrategy.kt","1.1.3 for 2021-2022 @t1",
"a","Outside edit","","","1655255424974","Grid.kt","1.1.3 for 2021-2022 @t1",
"a","Outside edit","","","1655255424974","Puzzle.kt","1.1.3 for 2021-2022 @t1",
"a","Outside edit","","","1655255424974","Symbol.kt","1.1.3 for 2021-2022 @t1",
"a","Outside edit","","","1655255424974","SymbolSet.kt","1.1.3 for 2021-2022 @t1",
"a","Outside edit","","","1655255424974","Grid.kt","1.1.3 for 2021-2022 @t1",
"a","Outside edit","","","1655255424974","PossibleSymbols.kt","1.1.3 for 2021-2022 @t1",
"a","Outside edit","","","1655255424975","Cell.kt","1.1.3 for 2021-2022 @t1",
"a","Outside edit","","","1655255424975","Row.kt","1.1.3 for 2021-2022 @t1",
"a","Outside edit","","","1655255424975","Column.kt","1.1.3 for 2021-2022 @t1",
"a","Outside edit","","","1655255424975","Block.kt","1.1.3 for 2021-2022 @t1",
"a","Outside edit","","","1655255424976","Puzzle-9x9-0901.txt","1.1.3 for 2021-2022 @t1",
"a","Outside edit","","","1655255424976","Solvable.kt","1.1.3 for 2021-2022 @t1",
"a","Outside edit","","","1655255424976","Statistics.kt","1.1.3 for 2021-2022 @t1",
"a","Outside edit","","","1655255424976","Circle.kt","1.1.3 for 2021-2022 @t1",
"a","Outside edit","","","1655255424976","Circle.kt","1.1.3 for 2021-2022 @t1",
"a","Outside edit","","","1655255424976","ExtrinsicState.kt","1.1.3 for 2021-2022 @t1",
"a","Outside edit","","","1655255424977",".gitignore","1.1.3 for 2021-2022 @t1",
"a","ShowYourWork Init","","","000","ShowYourWork Init","1.1.3 for 2021-2022 @t1",
