"e","","No Phanon history found: /Users/josephditton/school/summer2022/5700/Decorator/src/main/showyourwork/showyourwork.log Player unable to render
","0","1653010469403","Shape.kt","1.1.3 for 2021-2022 @t1",
"e","","","0","1653010469403","Shape.kt","1.1.3 for 2021-2022 @t1",
"e","","No Phanon history found: /Users/josephditton/school/summer2022/5700/Decorator/src/main/showyourwork/showyourwork.log Player unable to render
","0","1653010469403","Car.java","1.1.3 for 2021-2022 @t1",
"e","","","0","1653010469403","Car.java","1.1.3 for 2021-2022 @t1",
"e","","No Phanon history found: /Users/josephditton/school/summer2022/5700/Decorator/src/main/showyourwork/showyourwork.log Player unable to render
","0","1653010469404","DivideOperationStrategy.kt","1.1.3 for 2021-2022 @t1",
"e","","","0","1653010469404","DivideOperationStrategy.kt","1.1.3 for 2021-2022 @t1",
"e","","No Phanon history found: /Users/josephditton/school/summer2022/5700/Decorator/src/main/showyourwork/showyourwork.log Player unable to render
","0","1653010469405","Shape.kt","1.1.3 for 2021-2022 @t1",
"e","","","0","1653010469405","Shape.kt","1.1.3 for 2021-2022 @t1",
"e","","No Phanon history found: /Users/josephditton/school/summer2022/5700/Decorator/src/main/showyourwork/showyourwork.log Player unable to render
","0","1653010469405","Car.java","1.1.3 for 2021-2022 @t1",
"e","","","0","1653010469405","Car.java","1.1.3 for 2021-2022 @t1",
"e","","No Phanon history found: /Users/josephditton/school/summer2022/5700/Decorator/src/main/showyourwork/showyourwork.log Player unable to render
","0","1653010469406","Shape.kt","1.1.3 for 2021-2022 @t1",
"e","","","0","1653010469406","Shape.kt","1.1.3 for 2021-2022 @t1",
"e","","No Phanon history found: /Users/josephditton/school/summer2022/5700/Decorator/src/main/showyourwork/showyourwork.log Player unable to render
","0","1653010469406","Car.java","1.1.3 for 2021-2022 @t1",
"e","","","0","1653010469406","Car.java","1.1.3 for 2021-2022 @t1",
"e","","No Phanon history found: /Users/josephditton/school/summer2022/5700/Decorator/src/main/showyourwork/showyourwork.log Player unable to render
","0","1653010469407","DivideOperationStrategy.kt","1.1.3 for 2021-2022 @t1",
"e","","","0","1653010469407","DivideOperationStrategy.kt","1.1.3 for 2021-2022 @t1",
"e","","No Phanon history found: /Users/josephditton/school/summer2022/5700/Decorator/src/main/showyourwork/showyourwork.log Player unable to render
","0","1653010469410","Observer.kt","1.1.3 for 2021-2022 @t1",
"e","","","0","1653010469410","Observer.kt","1.1.3 for 2021-2022 @t1",
"e","","No Phanon history found: /Users/josephditton/school/summer2022/5700/Decorator/src/main/showyourwork/showyourwork.log Player unable to render
","0","1653010469410","Observable.kt","1.1.3 for 2021-2022 @t1",
"e","","","0","1653010469410","Observable.kt","1.1.3 for 2021-2022 @t1",
"e","","No Phanon history found: /Users/josephditton/school/summer2022/5700/Decorator/src/main/showyourwork/showyourwork.log Player unable to render
","0","1653010469410","ViewHelper.kt","1.1.3 for 2021-2022 @t1",
"e","","","0","1653010469410","ViewHelper.kt","1.1.3 for 2021-2022 @t1",
"e","","No Phanon history found: /Users/josephditton/school/summer2022/5700/Decorator/src/main/showyourwork/showyourwork.log Player unable to render
","0","1653010469410","StopWatch.kt","1.1.3 for 2021-2022 @t1",
"e","","","0","1653010469410","StopWatch.kt","1.1.3 for 2021-2022 @t1",
"e","","No Phanon history found: /Users/josephditton/school/summer2022/5700/Decorator/src/main/showyourwork/showyourwork.log Player unable to render
","0","1653010469411","Shape.kt","1.1.3 for 2021-2022 @t1",
"e","","","0","1653010469411","Shape.kt","1.1.3 for 2021-2022 @t1",
"e","","No Phanon history found: /Users/josephditton/school/summer2022/5700/Decorator/src/main/showyourwork/showyourwork.log Player unable to render
","0","1653010469411","Car.java","1.1.3 for 2021-2022 @t1",
"e","","","0","1653010469411","Car.java","1.1.3 for 2021-2022 @t1",
"e","","No Phanon history found: /Users/josephditton/school/summer2022/5700/Decorator/src/main/showyourwork/showyourwork.log Player unable to render
","0","1653010469412","DivideOperationStrategy.kt","1.1.3 for 2021-2022 @t1",
"e","","","0","1653010469412","DivideOperationStrategy.kt","1.1.3 for 2021-2022 @t1",
"e","","No Phanon history found: /Users/josephditton/school/summer2022/5700/Decorator/src/main/showyourwork/showyourwork.log Player unable to render
","0","1653010469413","Shape.kt","1.1.3 for 2021-2022 @t1",
"e","","","0","1653010469413","Shape.kt","1.1.3 for 2021-2022 @t1",
"e","","No Phanon history found: /Users/josephditton/school/summer2022/5700/Decorator/src/main/showyourwork/showyourwork.log Player unable to render
","0","1653010469413","Car.java","1.1.3 for 2021-2022 @t1",
"e","","","0","1653010469413","Car.java","1.1.3 for 2021-2022 @t1",
