"e","","No Phanon history found: /Users/josephditton/school/summer2022/5700/Iterators/src/main/kotlin/Util/showyourwork/showyourwork.log Player unable to render
","0","1654820033738","UpdateTypeLogicalSwitchboard.kt","1.1.3 for 2021-2022 @t1",
"e","","","0","1654820033738","UpdateTypeLogicalSwitchboard.kt","1.1.3 for 2021-2022 @t1",
"e","","No Phanon history found: /Users/josephditton/school/summer2022/5700/Iterators/src/main/kotlin/Util/showyourwork/showyourwork.log Player unable to render
","0","1654820033775","UpdateTypeLogicalSwitchboard.kt","1.1.3 for 2021-2022 @t1",
"e","","","0","1654820033775","UpdateTypeLogicalSwitchboard.kt","1.1.3 for 2021-2022 @t1",
"e","","No Phanon history found: /Users/josephditton/school/summer2022/5700/Iterators/src/main/kotlin/util/showyourwork/showyourwork.log Player unable to render
","0","1654820033738","UpdateTypeLogicalSwitchboard.kt","1.1.3 for 2021-2022 @t1",
"e","","","0","1654820033738","UpdateTypeLogicalSwitchboard.kt","1.1.3 for 2021-2022 @t1",
"e","","No Phanon history found: /Users/josephditton/school/summer2022/5700/Iterators/src/main/kotlin/util/showyourwork/showyourwork.log Player unable to render
","0","1654820033744","Parser.kt","1.1.3 for 2021-2022 @t1",
"e","","","0","1654820033744","Parser.kt","1.1.3 for 2021-2022 @t1",
"e","","No Phanon history found: /Users/josephditton/school/summer2022/5700/Iterators/src/main/kotlin/util/showyourwork/showyourwork.log Player unable to render
","0","1654820033756","Parser.kt","1.1.3 for 2021-2022 @t1",
"e","","","0","1654820033756","Parser.kt","1.1.3 for 2021-2022 @t1",
"e","","No Phanon history found: /Users/josephditton/school/summer2022/5700/Iterators/src/main/kotlin/util/showyourwork/showyourwork.log Player unable to render
","0","1654820033764","Parser.kt","1.1.3 for 2021-2022 @t1",
"e","","","0","1654820033764","Parser.kt","1.1.3 for 2021-2022 @t1",
"e","","No Phanon history found: /Users/josephditton/school/summer2022/5700/Iterators/src/main/kotlin/util/showyourwork/showyourwork.log Player unable to render
","0","1654820033768","Parser.kt","1.1.3 for 2021-2022 @t1",
"e","","","0","1654820033769","Parser.kt","1.1.3 for 2021-2022 @t1",
"e","","No Phanon history found: /Users/josephditton/school/summer2022/5700/Iterators/src/main/kotlin/util/showyourwork/showyourwork.log Player unable to render
","0","1654820033775","UpdateTypeLogicalSwitchboard.kt","1.1.3 for 2021-2022 @t1",
"e","","","0","1654820033775","UpdateTypeLogicalSwitchboard.kt","1.1.3 for 2021-2022 @t1",
"e","","No Phanon history found: /Users/josephditton/school/summer2022/5700/Iterators/src/main/kotlin/util/showyourwork/showyourwork.log Player unable to render
","0","1654820033780","Parser.kt","1.1.3 for 2021-2022 @t1",
"e","","","0","1654820033780","Parser.kt","1.1.3 for 2021-2022 @t1",
