"e","","No Phanon history found: /Users/josephditton/school/summer2022/5700/StopWatch/src/main/kotlin/operationStrategies/showyourwork/showyourwork.log Player unable to render
","0","1653005245982","MinusOperationStrategy.kt","1.1.3 for 2021-2022 @t1",
"e","","","0","1653005245982","MinusOperationStrategy.kt","1.1.3 for 2021-2022 @t1",
"e","","No Phanon history found: /Users/josephditton/school/summer2022/5700/StopWatch/src/main/kotlin/operationStrategies/showyourwork/showyourwork.log Player unable to render
","0","1653005245982","PlusOperationStrategy.kt","1.1.3 for 2021-2022 @t1",
"e","","","0","1653005245982","PlusOperationStrategy.kt","1.1.3 for 2021-2022 @t1",
"e","","No Phanon history found: /Users/josephditton/school/summer2022/5700/StopWatch/src/main/kotlin/operationStrategies/showyourwork/showyourwork.log Player unable to render
","0","1653005245982","MultiplyOperationStrategy.kt","1.1.3 for 2021-2022 @t1",
"e","","","0","1653005245982","MultiplyOperationStrategy.kt","1.1.3 for 2021-2022 @t1",
"e","","No Phanon history found: /Users/josephditton/school/summer2022/5700/StopWatch/src/main/kotlin/operationStrategies/showyourwork/showyourwork.log Player unable to render
","0","1653005245982","ModOperationStrategy.kt","1.1.3 for 2021-2022 @t1",
"e","","","0","1653005245982","ModOperationStrategy.kt","1.1.3 for 2021-2022 @t1",
"e","","No Phanon history found: /Users/josephditton/school/summer2022/5700/StopWatch/src/main/kotlin/operationStrategies/showyourwork/showyourwork.log Player unable to render
","0","1653005245982","DivideOperationStrategy.kt","1.1.3 for 2021-2022 @t1",
"e","","","0","1653005245982","DivideOperationStrategy.kt","1.1.3 for 2021-2022 @t1",
"e","","No Phanon history found: /Users/josephditton/school/summer2022/5700/StopWatch/src/main/kotlin/operationStrategies/showyourwork/showyourwork.log Player unable to render
","0","1653005245982","MathOperationStrategy.kt","1.1.3 for 2021-2022 @t1",
"e","","","0","1653005245982","MathOperationStrategy.kt","1.1.3 for 2021-2022 @t1",
"e","","No Phanon history found: /Users/josephditton/school/summer2022/5700/StopWatch/src/main/kotlin/operationStrategies/showyourwork/showyourwork.log Player unable to render
","0","1653005245985","MinusOperationStrategy.kt","1.1.3 for 2021-2022 @t1",
"e","","","0","1653005245985","MinusOperationStrategy.kt","1.1.3 for 2021-2022 @t1",
"e","","No Phanon history found: /Users/josephditton/school/summer2022/5700/StopWatch/src/main/kotlin/operationStrategies/showyourwork/showyourwork.log Player unable to render
","0","1653005245985","PlusOperationStrategy.kt","1.1.3 for 2021-2022 @t1",
"e","","","0","1653005245985","PlusOperationStrategy.kt","1.1.3 for 2021-2022 @t1",
"e","","No Phanon history found: /Users/josephditton/school/summer2022/5700/StopWatch/src/main/kotlin/operationStrategies/showyourwork/showyourwork.log Player unable to render
","0","1653005245985","MultiplyOperationStrategy.kt","1.1.3 for 2021-2022 @t1",
"e","","","0","1653005245985","MultiplyOperationStrategy.kt","1.1.3 for 2021-2022 @t1",
"e","","No Phanon history found: /Users/josephditton/school/summer2022/5700/StopWatch/src/main/kotlin/operationStrategies/showyourwork/showyourwork.log Player unable to render
","0","1653005245985","ModOperationStrategy.kt","1.1.3 for 2021-2022 @t1",
"e","","","0","1653005245985","ModOperationStrategy.kt","1.1.3 for 2021-2022 @t1",
"e","","No Phanon history found: /Users/josephditton/school/summer2022/5700/StopWatch/src/main/kotlin/operationStrategies/showyourwork/showyourwork.log Player unable to render
","0","1653005245985","DivideOperationStrategy.kt","1.1.3 for 2021-2022 @t1",
"e","","","0","1653005245985","DivideOperationStrategy.kt","1.1.3 for 2021-2022 @t1",
"e","","No Phanon history found: /Users/josephditton/school/summer2022/5700/StopWatch/src/main/kotlin/operationStrategies/showyourwork/showyourwork.log Player unable to render
","0","1653005245985","MathOperationStrategy.kt","1.1.3 for 2021-2022 @t1",
"e","","","0","1653005245985","MathOperationStrategy.kt","1.1.3 for 2021-2022 @t1",
