"e","package animals

open abstract class Animal {
}","","0","1387808","Animal.kt","1.1.2 for 2021-2022 @t1","0"
"e","package animals

class Dog(var name: String = ""Fido""): Animal() {
    
    val color: String = ""Red""
    var age: Int = 10
        set(value) {
            if (value < 0) {
                field = 0
            } else {
                field = value
            }
        }

    private fun changeName() {
        name = ""I go changed""
    }


}","","0","1402349","Dog.kt","1.1.2 for 2021-2022 @t1","0"
"e","","    ","66","2099993","Dog.kt","1.1.2 for 2021-2022 @t1","0"
"a","Enter",,,"29306","Dog.kt","1.1.2 for 2021-2022 @t1","2"
"e","        
","","332","29396","Dog.kt","1.1.2 for 2021-2022 @t1","2"
"e","i","","340","29876","Dog.kt","1.1.2 for 2021-2022 @t1","2"
"k","i",,"341","29879","Dog.kt","1.1.2 for 2021-2022 @t1","2"
"e","s","","341","29937","Dog.kt","1.1.2 for 2021-2022 @t1","2"
"k","s",,"342","29938","Dog.kt","1.1.2 for 2021-2022 @t1","2"
"e","$","","342","30158","Dog.kt","1.1.2 for 2021-2022 @t1","2"
"e","","$","342","30606","Dog.kt","1.1.2 for 2021-2022 @t1","2"
"e","P","","342","30607","Dog.kt","1.1.2 for 2021-2022 @t1","2"
"k","P",,"343","30608","Dog.kt","1.1.2 for 2021-2022 @t1","2"
"e","$","","343","30618","Dog.kt","1.1.2 for 2021-2022 @t1","2"
"e","","$","343","30830","Dog.kt","1.1.2 for 2021-2022 @t1","2"
"e","h","","343","30831","Dog.kt","1.1.2 for 2021-2022 @t1","2"
"k","h",,"344","30831","Dog.kt","1.1.2 for 2021-2022 @t1","2"
"e","$","","344","30840","Dog.kt","1.1.2 for 2021-2022 @t1","2"
"e","","$","344","31108","Dog.kt","1.1.2 for 2021-2022 @t1","2"
"e","r","","344","31109","Dog.kt","1.1.2 for 2021-2022 @t1","2"
"k","r",,"345","31109","Dog.kt","1.1.2 for 2021-2022 @t1","2"
"e","$","","345","31117","Dog.kt","1.1.2 for 2021-2022 @t1","2"
"e","","$","345","31271","Dog.kt","1.1.2 for 2021-2022 @t1","2"
"e","a","","345","31272","Dog.kt","1.1.2 for 2021-2022 @t1","2"
"k","a",,"346","31271","Dog.kt","1.1.2 for 2021-2022 @t1","2"
"e","$","","346","31282","Dog.kt","1.1.2 for 2021-2022 @t1","2"
"e","","$","346","31456","Dog.kt","1.1.2 for 2021-2022 @t1","2"
"e","s","","346","31457","Dog.kt","1.1.2 for 2021-2022 @t1","2"
"k","s",,"347","31457","Dog.kt","1.1.2 for 2021-2022 @t1","2"
"e","$","","347","31465","Dog.kt","1.1.2 for 2021-2022 @t1","2"
"e","","$","347","31558","Dog.kt","1.1.2 for 2021-2022 @t1","2"
"e","e","","347","31559","Dog.kt","1.1.2 for 2021-2022 @t1","2"
"k","e",,"348","31559","Dog.kt","1.1.2 for 2021-2022 @t1","2"
"e","$","","348","31571","Dog.kt","1.1.2 for 2021-2022 @t1","2"
"a","Choose Lookup Item Replace",,,"33039","Dog.kt","1.1.2 for 2021-2022 @t1","2"
"e","","$","348","33044","Dog.kt","1.1.2 for 2021-2022 @t1","2"
"e","Palindrome","","348","33057","Dog.kt","1.1.2 for 2021-2022 @t1","2"
"e"," ","","358","33074","Dog.kt","1.1.2 for 2021-2022 @t1","2"
"e",""," ","358","33091","Dog.kt","1.1.2 for 2021-2022 @t1","2"
"e","()","","358","33095","Dog.kt","1.1.2 for 2021-2022 @t1","2"
"a","Import",,,"37293","Dog.kt","1.1.2 for 2021-2022 @t1","2"
"e","
 ","","15","37329","Dog.kt","1.1.2 for 2021-2022 @t1","2"
"e","import isPhrasePalindrome","","17","37338","Dog.kt","1.1.2 for 2021-2022 @t1","2"
"e",""," ","16","37410","Dog.kt","1.1.2 for 2021-2022 @t1","2"
"e","
","","16","37411","Dog.kt","1.1.2 for 2021-2022 @t1","2"
"e",";","","387","42790","Dog.kt","1.1.2 for 2021-2022 @t1","2"
"k",";",,"388","42791","Dog.kt","1.1.2 for 2021-2022 @t1","2"
"a","Left",,,"43094","Dog.kt","1.1.2 for 2021-2022 @t1","2"
"a","Left",,,"43199","Dog.kt","1.1.2 for 2021-2022 @t1","2"
"e","""","","386","44513","Dog.kt","1.1.2 for 2021-2022 @t1","2"
"e","""","","387","44515","Dog.kt","1.1.2 for 2021-2022 @t1","2"
"k","""",,"387","44518","Dog.kt","1.1.2 for 2021-2022 @t1","2"
"k","""",,"388","44636","Dog.kt","1.1.2 for 2021-2022 @t1","2"
"a","Left",,,"44842","Dog.kt","1.1.2 for 2021-2022 @t1","2"
"e","a","","387","45241","Dog.kt","1.1.2 for 2021-2022 @t1","2"
"k","a",,"388","45242","Dog.kt","1.1.2 for 2021-2022 @t1","2"
"e","s","","388","45302","Dog.kt","1.1.2 for 2021-2022 @t1","2"
"k","s",,"389","45303","Dog.kt","1.1.2 for 2021-2022 @t1","2"
"e","d","","389","45347","Dog.kt","1.1.2 for 2021-2022 @t1","2"
"k","d",,"390","45348","Dog.kt","1.1.2 for 2021-2022 @t1","2"
"e","f","","390","45393","Dog.kt","1.1.2 for 2021-2022 @t1","2"
"k","f",,"391","45393","Dog.kt","1.1.2 for 2021-2022 @t1","2"
"e","a","","391","45509","Dog.kt","1.1.2 for 2021-2022 @t1","2"
"k","a",,"392","45509","Dog.kt","1.1.2 for 2021-2022 @t1","2"
"e","s","","392","45532","Dog.kt","1.1.2 for 2021-2022 @t1","2"
"k","s",,"393","45533","Dog.kt","1.1.2 for 2021-2022 @t1","2"
"e","d","","393","45586","Dog.kt","1.1.2 for 2021-2022 @t1","2"
"k","d",,"394","45586","Dog.kt","1.1.2 for 2021-2022 @t1","2"
"e","f","","394","45613","Dog.kt","1.1.2 for 2021-2022 @t1","2"
"k","f",,"395","45613","Dog.kt","1.1.2 for 2021-2022 @t1","2"
"a","EditorChange",,,"162447","Dog.kt","1.1.2 for 2021-2022 @t1","2"
"a","EditorChange",,,"164314","Dog.kt","1.1.2 for 2021-2022 @t1","2"
"a","Remove redundant 'open' modifier",,,"169014","Dog.kt","1.1.2 for 2021-2022 @t1","2"
"e","","open","17","169022","Animal.kt","1.1.2 for 2021-2022 @t1","2"
"e",""," ","17","169024","Animal.kt","1.1.2 for 2021-2022 @t1","2"
"a","Left",,,"175262","Animal.kt","1.1.2 for 2021-2022 @t1","2"
"e","o","","17","175617","Animal.kt","1.1.2 for 2021-2022 @t1","2"
"k","o",,"18","175617","Animal.kt","1.1.2 for 2021-2022 @t1","2"
"e","$","","18","175628","Animal.kt","1.1.2 for 2021-2022 @t1","2"
"e","","$","18","175832","Animal.kt","1.1.2 for 2021-2022 @t1","2"
"e","p","","18","175833","Animal.kt","1.1.2 for 2021-2022 @t1","2"
"k","p",,"19","175838","Animal.kt","1.1.2 for 2021-2022 @t1","2"
"e","e","","19","175945","Animal.kt","1.1.2 for 2021-2022 @t1","2"
"k","e",,"20","175950","Animal.kt","1.1.2 for 2021-2022 @t1","2"
"e","n","","20","176025","Animal.kt","1.1.2 for 2021-2022 @t1","2"
"k","n",,"21","176053","Animal.kt","1.1.2 for 2021-2022 @t1","2"
"e"," ","","21","176254","Animal.kt","1.1.2 for 2021-2022 @t1","2"
"k"," ",,"22","176255","Animal.kt","1.1.2 for 2021-2022 @t1","2"
"a","Backspace",,,"188238","Animal.kt","1.1.2 for 2021-2022 @t1","2"
"e",""," ","21","188252","Animal.kt","1.1.2 for 2021-2022 @t1","2"
"a","Backspace",,,"188363","Animal.kt","1.1.2 for 2021-2022 @t1","2"
"e","","n","20","188365","Animal.kt","1.1.2 for 2021-2022 @t1","2"
"a","Backspace",,,"188479","Animal.kt","1.1.2 for 2021-2022 @t1","2"
"e","","e","19","188481","Animal.kt","1.1.2 for 2021-2022 @t1","2"
"a","Backspace",,,"188604","Animal.kt","1.1.2 for 2021-2022 @t1","2"
"e","","p","18","188606","Animal.kt","1.1.2 for 2021-2022 @t1","2"
"a","Backspace",,,"189659","Animal.kt","1.1.2 for 2021-2022 @t1","2"
"e","","o","17","189661","Animal.kt","1.1.2 for 2021-2022 @t1","2"
"a","EditorChange",,,"196537","Animal.kt","1.1.2 for 2021-2022 @t1","2"
"a","Backspace",,,"7163812","Dog.kt","1.1.2 for 2021-2022 @t1","2"
"e","","import isPhrasePalindrome","17","7163814","Dog.kt","1.1.2 for 2021-2022 @t1","2"
"a","Backspace",,,"7163948","Dog.kt","1.1.2 for 2021-2022 @t1","2"
"e","","
","18","7163949","Dog.kt","1.1.2 for 2021-2022 @t1","2"
"a","Deleting class animals.Dog",,,"7181417","Dog.kt","1.1.2 for 2021-2022 @t1","2"
"a","delete /Users/josephditton/school/summer2022/5700/Objects/src/main/kotlin/Main.kt",,,"7181571","Dog.kt","1.1.2 for 2021-2022 @t1","2"
"a","delete /Users/josephditton/school/summer2022/5700/Objects/src/main/kotlin/Main.kt",,,"7181579","Dog.kt","1.1.2 for 2021-2022 @t1","2"
