"a","Outside edit","","","1652832078681","Main.kt","1.1.3 for 2021-2022 @t1",
"a","Outside edit","","","1652832078681","Shape.kt","1.1.3 for 2021-2022 @t1",
"a","Outside edit","","","1652832078682","Car.java","1.1.3 for 2021-2022 @t1",
"a","Outside edit","","","1652832078682",".gitignore","1.1.3 for 2021-2022 @t1",
"a","ShowYourWork Init","","","000","ShowYourWork Init","1.1.3 for 2021-2022 @t1",
"a","Outside edit","","","1652834621808","Main.kt","1.1.3 for 2021-2022 @t1",
"a","Outside edit","","","1652834621809",".gitignore","1.1.3 for 2021-2022 @t1",
"a","ShowYourWork Init","","","000","ShowYourWork Init","1.1.3 for 2021-2022 @t1",
"a","Outside edit","","","1653002794960",".gitignore","1.1.3 for 2021-2022 @t1",
"a","Outside edit","","","1653002794961",".gitignore","1.1.3 for 2021-2022 @t1",
"a","Outside edit","","","1653002795015","MinusOperationStrategy.kt","1.1.3 for 2021-2022 @t1",
"a","Outside edit","","","1653002795015","PlusOperationStrategy.kt","1.1.3 for 2021-2022 @t1",
"a","Outside edit","","","1653002795015","MultiplyOperationStrategy.kt","1.1.3 for 2021-2022 @t1",
"a","Outside edit","","","1653002795016","ModOperationStrategy.kt","1.1.3 for 2021-2022 @t1",
"a","Outside edit","","","1653002795016","DivideOperationStrategy.kt","1.1.3 for 2021-2022 @t1",
"a","Outside edit","","","1653002795016","MathOperationStrategy.kt","1.1.3 for 2021-2022 @t1",
"a","Outside edit","","","1653002795024",".gitignore","1.1.3 for 2021-2022 @t1",
"a","Outside edit","","","1653002795025",".gitignore","1.1.3 for 2021-2022 @t1",
"a","ShowYourWork Init","","","000","ShowYourWork Init","1.1.3 for 2021-2022 @t1",
"a","Outside edit","","","1653006399663",".gitignore","1.1.3 for 2021-2022 @t1",
"a","Outside edit","","","1653006399664",".gitignore","1.1.3 for 2021-2022 @t1",
"a","Outside edit","","","1653006399723",".gitignore","1.1.3 for 2021-2022 @t1",
"a","Outside edit","","","1653006399723",".gitignore","1.1.3 for 2021-2022 @t1",
"a","Outside edit","","","1653006399729","User.kt","1.1.3 for 2021-2022 @t1",
"a","Outside edit","","","1653006399736",".gitignore","1.1.3 for 2021-2022 @t1",
"a","Outside edit","","","1653006399736",".gitignore","1.1.3 for 2021-2022 @t1",
"a","Outside edit","","","1653006399803",".gitignore","1.1.3 for 2021-2022 @t1",
"a","Outside edit","","","1653006399803",".gitignore","1.1.3 for 2021-2022 @t1",
"a","Outside edit","","","1653006399863",".gitignore","1.1.3 for 2021-2022 @t1",
"a","Outside edit","","","1653006399863",".gitignore","1.1.3 for 2021-2022 @t1",
"a","Outside edit","","","1653006399869","User.kt","1.1.3 for 2021-2022 @t1",
"a","ShowYourWork Init","","","000","ShowYourWork Init","1.1.3 for 2021-2022 @t1",
