/src/main/kotlin/Main.kt
/src/main/Shape.kt
/src/main/Car.java
ulator/.idea/.gitignore
tor/.idea/.gitignore
/src/main/kotlin/ViewHelper.kt
/src/main/kotlin/MathOperationStrategy.kt
/src/main/kotlin/PlusOperationStrategy.kt
/src/main/kotlin/MinusOperationStrategy.kt
/src/main/DivideOperationStrategy.kt
/src/main/kotlin/MultiplyOperationStrategy.kt
/src/main/kotlin/ModOperationStrategy.kt
/src/main/kotlin/DivideOperationStrategy.kt
/src/main/kotlin/BitShiftLeftOperationStrategy.kt
/src/main/kotlin/operationStrategies/MinusOperationStrategy.kt
/src/main/kotlin/operationStrategies/PlusOperationStrategy.kt
/src/main/kotlin/operationStrategies/MultiplyOperationStrategy.kt
/src/main/kotlin/operationStrategies/ModOperationStrategy.kt
/src/main/kotlin/operationStrategies/DivideOperationStrategy.kt
/src/main/kotlin/operationStrategies/MathOperationStrategy.kt
/src/main/kotlin/Main.kt
/src/main/Shape.kt
/src/main/Car.java
ulator/.idea/.gitignore
tor/.idea/.gitignore
/src/main/kotlin/User.kt
/src/main/kotlin/Main.kt
/src/main/Shape.kt
/src/main/Car.java
ulator/.idea/.gitignore
tor/.idea/.gitignore
/src/main/kotlin/ViewHelper.kt
/src/main/kotlin/MathOperationStrategy.kt
/src/main/kotlin/PlusOperationStrategy.kt
/src/main/kotlin/MinusOperationStrategy.kt
/src/main/DivideOperationStrategy.kt
/src/main/kotlin/MultiplyOperationStrategy.kt
/src/main/kotlin/ModOperationStrategy.kt
/src/main/kotlin/DivideOperationStrategy.kt
/src/main/kotlin/BitShiftLeftOperationStrategy.kt
/src/main/kotlin/operationStrategies/MinusOperationStrategy.kt
/src/main/kotlin/operationStrategies/PlusOperationStrategy.kt
/src/main/kotlin/operationStrategies/MultiplyOperationStrategy.kt
/src/main/kotlin/operationStrategies/ModOperationStrategy.kt
/src/main/kotlin/operationStrategies/DivideOperationStrategy.kt
/src/main/kotlin/operationStrategies/MathOperationStrategy.kt
gitignore
/src/main/Observer.kt
/src/main/Observable.kt
/src/main/ViewHelper.kt
/src/main/StopWatch.kt
/src/main/kotlin/Main.kt
/src/main/Shape.kt
/src/main/Car.java
ulator/.idea/.gitignore
tor/.idea/.gitignore
/src/main/kotlin/ViewHelper.kt
/src/main/kotlin/MathOperationStrategy.kt
/src/main/kotlin/PlusOperationStrategy.kt
/src/main/kotlin/MinusOperationStrategy.kt
/src/main/DivideOperationStrategy.kt
/src/main/kotlin/MultiplyOperationStrategy.kt
/src/main/kotlin/ModOperationStrategy.kt
/src/main/kotlin/DivideOperationStrategy.kt
/src/main/kotlin/BitShiftLeftOperationStrategy.kt
/src/main/kotlin/operationStrategies/MinusOperationStrategy.kt
/src/main/kotlin/operationStrategies/PlusOperationStrategy.kt
/src/main/kotlin/operationStrategies/MultiplyOperationStrategy.kt
/src/main/kotlin/operationStrategies/ModOperationStrategy.kt
/src/main/kotlin/operationStrategies/DivideOperationStrategy.kt
/src/main/kotlin/operationStrategies/MathOperationStrategy.kt
/src/main/kotlin/Main.kt
/src/main/Shape.kt
/src/main/Car.java
ulator/.idea/.gitignore
tor/.idea/.gitignore
/src/main/kotlin/User.kt
main/kotlin/Main.kt
main/kotlin/ViewHelper.kt
main/kotlin/Observer.kt
main/kotlin/Observable.kt
main/kotlin/StopWatch.kt
