"e","","No Phanon history found: /Users/josephditton/school/summer2022/5700/Iterators/src/main/kotlin/tollbooth/showyourwork/showyourwork.log Player unable to render
","0","1654820033743","Tollbooth.kt","1.1.3 for 2021-2022 @t1",
"e","","","0","1654820033744","Tollbooth.kt","1.1.3 for 2021-2022 @t1",
"e","","No Phanon history found: /Users/josephditton/school/summer2022/5700/Iterators/src/main/kotlin/tollbooth/showyourwork/showyourwork.log Player unable to render
","0","1654820033744","Car.kt","1.1.3 for 2021-2022 @t1",
"e","","","0","1654820033744","Car.kt","1.1.3 for 2021-2022 @t1",
"e","","No Phanon history found: /Users/josephditton/school/summer2022/5700/Iterators/src/main/kotlin/tollbooth/showyourwork/showyourwork.log Player unable to render
","0","1654820033744","Lane.kt","1.1.3 for 2021-2022 @t1",
"e","","","0","1654820033744","Lane.kt","1.1.3 for 2021-2022 @t1",
"e","","No Phanon history found: /Users/josephditton/school/summer2022/5700/Iterators/src/main/kotlin/tollbooth/showyourwork/showyourwork.log Player unable to render
","0","1654820033755","Tollbooth.kt","1.1.3 for 2021-2022 @t1",
"e","","","0","1654820033755","Tollbooth.kt","1.1.3 for 2021-2022 @t1",
"e","","No Phanon history found: /Users/josephditton/school/summer2022/5700/Iterators/src/main/kotlin/tollbooth/showyourwork/showyourwork.log Player unable to render
","0","1654820033756","Car.kt","1.1.3 for 2021-2022 @t1",
"e","","","0","1654820033756","Car.kt","1.1.3 for 2021-2022 @t1",
"e","","No Phanon history found: /Users/josephditton/school/summer2022/5700/Iterators/src/main/kotlin/tollbooth/showyourwork/showyourwork.log Player unable to render
","0","1654820033756","Lane.kt","1.1.3 for 2021-2022 @t1",
"e","","","0","1654820033756","Lane.kt","1.1.3 for 2021-2022 @t1",
"e","","No Phanon history found: /Users/josephditton/school/summer2022/5700/Iterators/src/main/kotlin/tollbooth/showyourwork/showyourwork.log Player unable to render
","0","1654820033763","Tollbooth.kt","1.1.3 for 2021-2022 @t1",
"e","","","0","1654820033763","Tollbooth.kt","1.1.3 for 2021-2022 @t1",
"e","","No Phanon history found: /Users/josephditton/school/summer2022/5700/Iterators/src/main/kotlin/tollbooth/showyourwork/showyourwork.log Player unable to render
","0","1654820033763","Car.kt","1.1.3 for 2021-2022 @t1",
"e","","","0","1654820033763","Car.kt","1.1.3 for 2021-2022 @t1",
"e","","No Phanon history found: /Users/josephditton/school/summer2022/5700/Iterators/src/main/kotlin/tollbooth/showyourwork/showyourwork.log Player unable to render
","0","1654820033764","Lane.kt","1.1.3 for 2021-2022 @t1",
"e","","","0","1654820033764","Lane.kt","1.1.3 for 2021-2022 @t1",
"e","","No Phanon history found: /Users/josephditton/school/summer2022/5700/Iterators/src/main/kotlin/tollbooth/showyourwork/showyourwork.log Player unable to render
","0","1654820033779","Tollbooth.kt","1.1.3 for 2021-2022 @t1",
"e","","","0","1654820033779","Tollbooth.kt","1.1.3 for 2021-2022 @t1",
"e","","No Phanon history found: /Users/josephditton/school/summer2022/5700/Iterators/src/main/kotlin/tollbooth/showyourwork/showyourwork.log Player unable to render
","0","1654820033780","Car.kt","1.1.3 for 2021-2022 @t1",
"e","","","0","1654820033780","Car.kt","1.1.3 for 2021-2022 @t1",
"e","","No Phanon history found: /Users/josephditton/school/summer2022/5700/Iterators/src/main/kotlin/tollbooth/showyourwork/showyourwork.log Player unable to render
","0","1654820033780","Lane.kt","1.1.3 for 2021-2022 @t1",
"e","","","0","1654820033780","Lane.kt","1.1.3 for 2021-2022 @t1",
