_compose/.idea/.gitignore
/.gitignore
/src/main/kotlin/Main.kt
/build.gradle.kts
/src/main/TrackingSimulator.java
/src/main/TrackingSimulator.kt
/src/main/ShippingUpdateTranslator.java
/src/main/ShippingUpdateTranslator.kt
/src/main/kotlin/TrackingSimulator.kt
/src/main/kotlin/ShippingUpdateTranslator.kt
/src/main/kotlin/UpdateType.kt
/src/main/kotlin/NoteAddedUpdate.java
/src/main/kotlin/NoteAddedUpdate.kt
/src/main/kotlin/StatusUpdate.java
/src/main/kotlin/ShipmentEnded.java
/src/main/kotlin/ShipmentDeliveryDateUpdates.java
/src/main/kotlin/ShipmentDeliveryDateAdjustment.java
/src/main/kotlin/ShipmentCreated.java
/src/main/kotlin/LocationUpdate.java
/src/main/kotlin/LocationUpdate.kt
/src/main/kotlin/StatusUpdate.kt
/src/main/kotlin/ShipmentCreated.kt
/src/main/kotlin/ShipmentEnded.kt
/src/main/kotlin/ShipmentDeliveryDateAdjustment.kt
/src/generatedFromUML/ShippingUpdate.java
/src/main/kotlin/ShippingUpdate.java
/src/main/kotlin/ShippingUpdate.kt
/src/main/kotlin/Shipment.java
/src/main/kotlin/Shipment.kt
/src/main/kotlin/UpdateTypeLogicalSwitchboard.kt
/src/main/kotlin/Util/UpdateTypeLogicalSwitchboard.kt
/src/main/kotlin/util/UpdateTypeLogicalSwitchboard.kt
/src/main/kotlin/util/updateTypeLogicalSwitchboard/UpdateTypeLogicalSwitchboard.kt
/src/main/kotlin/logic/ShipmentEnded.kt
/src/main/kotlin/logic/Shipment.kt
/src/main/kotlin/logic/ShippingUpdateTranslator.kt
/src/main/kotlin/logic/TrackingSimulator.kt
/src/main/kotlin/logic/NoteAddedUpdate.kt
/src/main/kotlin/logic/ShipmentDeliveryDateAdjustment.kt
/src/main/kotlin/logic/ShippingUpdate.kt
/src/main/kotlin/logic/StatusUpdate.kt
/src/main/kotlin/logic/LocationUpdate.kt
/src/main/kotlin/logic/ShipmentCreated.kt
/src/main/kotlin/logic/UpdateType.kt
/src/main/kotlin/logic/TrackerViewHelper.java
/src/main/kotlin/logic/TrackerViewHelper.kt
/src/test/kotlin/TrackingSimulatorTest.java
/src/test/kotlin/logic/ShipmentTest.java
/src/test/kotlin/logic/TrackerViewHelperTest.java
/src/main/kotlin/Ellipse.kt
/src/main/kotlin/TwoDShape.kt
/src/main/kotlin/Shape.kt
/src/main/kotlin/Rectangle.kt
/src/main/kotlin/Circle.kt
/src/main/kotlin/Triangle.kt
/src/main/kotlin/RectangleTest.java
/build.gradle.kts
/src/main/kotlin/RectangleTest.kt
/src/main/kotlin/PointTest.java
/src/main/kotlin/PointTest.kt
/src/main/kotlin/MyClass.kt
/src/main/kotlin/Point.kt
/src/main/kotlin/TriangleTest.kt
/src/main/schedule.txt
/src/main/kotlin/Dog.kt
/src/main/kotlin/Main.kt
/src/main/kotlin/Animal.kt
/src/main/kotlin/animals/Animal.kt
/src/main/kotlin/animals/Dog.kt
/src/test/kotlin/MainKtTest.java
/src/test/kotlin/MainKtTest.kt
/src/main/kotlin/tollbooth/Tollbooth.kt
/src/main/kotlin/tollbooth/Car.kt
/src/main/kotlin/tollbooth/Lane.kt
/src/test/kotlin/tollbooth/LaneTest.java
/src/test/kotlin/tollbooth/LaneTest.kt
/src/main/kotlin/state/StateFactory.kt
/src/main/kotlin/util/Parser.kt
/src/main/kotlin/state/State.kt
/src/main/kotlin/state/InvalidState.kt
/src/main/kotlin/turingmachine/TuringMachine.kt
/src/main/kotlin/state/ProgramState.kt
/src/main/kotlin/state/AbortState.kt
/src/test/kotlin/state/ProgramStateTest.java
/src/test/kotlin/state/ProgramStateTest.kt
/src/main/kotlin/ui/MainViewModel.kt
/src/main/kotlin/Main.kt
/src/main/kotlin/ui/Controls.kt
/src/main/kotlin/ui/IDE.kt
/src/main/kotlin/ui/Tape.kt
/src/main/kotlin/ui/IDEViewModel.kt
/src/test/kotlin/turingmachine/TuringMachineTest.kt
ator/.idea/.gitignore
/build.gradle.kts
/.idea/.gitignore
/src/main/kotlin/Shipment.kt
/src/main/kotlin/Simulator.kt
/src/main/kotlin/Update.kt
/src/main/kotlin/TrackerViewHelper.kt
/src/main/kotlin/Observable.kt
/src/main/kotlin/Observer.kt
/src/main/kotlin/UpdateStrategies/UpdateStrategy.kt
/src/main/kotlin/UpdateStrategies/ShipmentCreatedStrategy.kt
/src/main/kotlin/UpdateStrategies/ShipmentDeliveredStrategy.kt
/src/main/kotlin/UpdateStrategies/ShipmentLostStrategy.kt
/src/main/kotlin/UpdateStrategies/ShipmentLocationUpdateStrategy.kt
/src/main/kotlin/UpdateStrategies/ShipmentDelayedStrategy.kt
/src/main/kotlin/UpdateStrategies/ShipmentCancelledStrategy.kt
/src/main/kotlin/UpdateStrategies/ShipmentNoteAddedStrategy.kt
/src/main/kotlin/TrackingSimulator.kt
/src/main/kotlin/UpdateStrategies/ShipmentShippedStrategy.kt
/src/main/kotlin/UpdateStrategies/ShipmentUpdateStrategy.kt
/src/main/kotlin/ShipmentObserver.kt
/src/main/kotlin/ui/TrackerView.kt

/src/main/kotlin/Ellipse.kt
/src/main/kotlin/TwoDShape.kt
/src/main/kotlin/Shape.kt
/src/main/kotlin/Rectangle.kt
/src/main/kotlin/Circle.kt
/src/main/kotlin/Triangle.kt
/src/main/kotlin/RectangleTest.java
/build.gradle.kts
/src/main/kotlin/RectangleTest.kt
/src/main/kotlin/PointTest.java
/src/main/kotlin/PointTest.kt
/src/main/kotlin/MyClass.kt
/src/main/kotlin/Point.kt
/src/main/kotlin/TriangleTest.kt
/src/main/schedule.txt
/src/main/kotlin/CompositeShape.kt
/src/main/kotlin/Ellipse.kt
/src/main/kotlin/TwoDShape.kt
/src/main/kotlin/Shape.kt
/src/main/kotlin/Rectangle.kt
/src/main/kotlin/Circle.kt
/src/main/kotlin/Triangle.kt
/src/main/kotlin/RectangleTest.java
/build.gradle.kts
/src/main/kotlin/RectangleTest.kt
/src/main/kotlin/PointTest.java
/src/main/kotlin/PointTest.kt
/src/main/kotlin/MyClass.kt
/src/main/kotlin/Point.kt
/src/main/kotlin/TriangleTest.kt
/src/main/schedule.txt
/src/main/kotlin/Dog.kt
/src/main/kotlin/Main.kt
/src/main/kotlin/Animal.kt
/src/main/kotlin/animals/Animal.kt
/src/main/kotlin/animals/Dog.kt
/src/test/kotlin/MainKtTest.java
/src/test/kotlin/MainKtTest.kt
/src/main/kotlin/tollbooth/Tollbooth.kt
/src/main/kotlin/tollbooth/Car.kt
/src/main/kotlin/tollbooth/Lane.kt
/src/test/kotlin/tollbooth/LaneTest.java
/src/test/kotlin/tollbooth/LaneTest.kt
/src/main/kotlin/state/StateFactory.kt
/src/main/kotlin/util/Parser.kt
/src/main/kotlin/state/State.kt
/src/main/kotlin/state/InvalidState.kt
/src/main/kotlin/turingmachine/TuringMachine.kt
/src/main/kotlin/state/ProgramState.kt
/src/main/kotlin/state/AbortState.kt
/src/test/kotlin/state/ProgramStateTest.java
/src/test/kotlin/state/ProgramStateTest.kt
/src/main/kotlin/ui/MainViewModel.kt
/src/main/kotlin/Main.kt
/src/main/kotlin/ui/Controls.kt
/src/main/kotlin/ui/IDE.kt
/src/main/kotlin/ui/Tape.kt
/src/main/kotlin/ui/IDEViewModel.kt
/src/test/kotlin/turingmachine/TuringMachineTest.kt
ator/.idea/.gitignore
/build.gradle.kts
/.idea/.gitignore
/src/main/kotlin/Shipment.kt
/src/main/kotlin/Simulator.kt
/src/main/kotlin/Update.kt
/src/main/kotlin/TrackerViewHelper.kt
/src/main/kotlin/Observable.kt
/src/main/kotlin/Observer.kt
/src/main/kotlin/UpdateStrategies/UpdateStrategy.kt
/src/main/kotlin/UpdateStrategies/ShipmentCreatedStrategy.kt
/src/main/kotlin/UpdateStrategies/ShipmentDeliveredStrategy.kt
/src/main/kotlin/UpdateStrategies/ShipmentLostStrategy.kt
/src/main/kotlin/UpdateStrategies/ShipmentLocationUpdateStrategy.kt
/src/main/kotlin/UpdateStrategies/ShipmentDelayedStrategy.kt
/src/main/kotlin/UpdateStrategies/ShipmentCancelledStrategy.kt
/src/main/kotlin/UpdateStrategies/ShipmentNoteAddedStrategy.kt
/src/main/kotlin/TrackingSimulator.kt
/src/main/kotlin/UpdateStrategies/ShipmentShippedStrategy.kt
/src/main/kotlin/UpdateStrategies/ShipmentUpdateStrategy.kt
/src/main/kotlin/ShipmentObserver.kt
/src/main/kotlin/ui/TrackerView.kt
/src/main/kotlin/Ellipse.kt
/src/main/kotlin/TwoDShape.kt
/src/main/kotlin/Shape.kt
/src/main/kotlin/Rectangle.kt
/src/main/kotlin/Circle.kt
/src/main/kotlin/Triangle.kt
/src/main/kotlin/RectangleTest.java
/build.gradle.kts
/src/main/kotlin/RectangleTest.kt
/src/main/kotlin/PointTest.java
/src/main/kotlin/PointTest.kt
/src/main/kotlin/MyClass.kt
/src/main/kotlin/Point.kt
/src/main/kotlin/TriangleTest.kt
/src/main/schedule.txt
/src/main/kotlin/Dog.kt
/src/main/kotlin/Main.kt
/src/main/kotlin/Animal.kt
/src/main/kotlin/animals/Animal.kt
/src/main/kotlin/animals/Dog.kt
/src/test/kotlin/MainKtTest.java
/src/test/kotlin/MainKtTest.kt
/src/main/kotlin/tollbooth/Tollbooth.kt
/src/main/kotlin/tollbooth/Car.kt
/src/main/kotlin/tollbooth/Lane.kt
/src/test/kotlin/tollbooth/LaneTest.java
/src/test/kotlin/tollbooth/LaneTest.kt
/src/main/kotlin/state/StateFactory.kt
/src/main/kotlin/util/Parser.kt
/src/main/kotlin/state/State.kt
/src/main/kotlin/state/InvalidState.kt
/src/main/kotlin/turingmachine/TuringMachine.kt
/src/main/kotlin/state/ProgramState.kt
/src/main/kotlin/state/AbortState.kt
/src/test/kotlin/state/ProgramStateTest.java
/src/test/kotlin/state/ProgramStateTest.kt
/src/main/kotlin/ui/MainViewModel.kt
/src/main/kotlin/Main.kt
/src/main/kotlin/ui/Controls.kt
/src/main/kotlin/ui/IDE.kt
/src/main/kotlin/ui/Tape.kt
/src/main/kotlin/ui/IDEViewModel.kt
/src/test/kotlin/turingmachine/TuringMachineTest.kt
ator/.idea/.gitignore
/build.gradle.kts
/.idea/.gitignore
/src/main/kotlin/Shipment.kt
/src/main/kotlin/Simulator.kt
/src/main/kotlin/Update.kt
/src/main/kotlin/TrackerViewHelper.kt
/src/main/kotlin/Observable.kt
/src/main/kotlin/Observer.kt
/src/main/kotlin/UpdateStrategies/UpdateStrategy.kt
/src/main/kotlin/UpdateStrategies/ShipmentCreatedStrategy.kt
/src/main/kotlin/UpdateStrategies/ShipmentDeliveredStrategy.kt
/src/main/kotlin/UpdateStrategies/ShipmentLostStrategy.kt
/src/main/kotlin/UpdateStrategies/ShipmentLocationUpdateStrategy.kt
/src/main/kotlin/UpdateStrategies/ShipmentDelayedStrategy.kt
/src/main/kotlin/UpdateStrategies/ShipmentCancelledStrategy.kt
/src/main/kotlin/UpdateStrategies/ShipmentNoteAddedStrategy.kt
/src/main/kotlin/TrackingSimulator.kt
/src/main/kotlin/UpdateStrategies/ShipmentShippedStrategy.kt
/src/main/kotlin/UpdateStrategies/ShipmentUpdateStrategy.kt
/src/main/kotlin/ShipmentObserver.kt
/src/main/kotlin/ui/TrackerView.kt
/src/main/kotlin/state/StateFactory.kt
/src/main/kotlin/util/Parser.kt
/src/main/kotlin/state/State.kt
/src/main/kotlin/state/InvalidState.kt
/src/main/kotlin/turingmachine/TuringMachine.kt
/src/main/kotlin/state/ProgramState.kt
/src/main/kotlin/state/AbortState.kt
/src/test/kotlin/state/ProgramStateTest.java
/src/test/kotlin/state/ProgramStateTest.kt
/src/main/kotlin/ui/MainViewModel.kt
/src/main/kotlin/Main.kt
/src/main/kotlin/ui/Controls.kt
/src/main/kotlin/ui/IDE.kt
/src/main/kotlin/ui/Tape.kt
/src/main/kotlin/ui/IDEViewModel.kt
/src/test/kotlin/turingmachine/TuringMachineTest.kt
ator/.idea/.gitignore
ingSimulator/src/main/kotlin/ui/TrackerView.kt
ingSimulator/src/main/kotlin/TrackerViewHelper.kt
ingSimulator/src/main/kotlin/Main.kt
ingSimulator/src/main/kotlin/Shipment.kt
ingSimulator/src/main/kotlin/TrackingSimulator.kt
ingSimulator/src/main/kotlin/UpdateStrategies/ShipmentUpdateStrategy.kt
ingSimulator/src/main/kotlin/UpdateStrategies/ShipmentDeliveredStrategy.kt
_compose/.idea/.gitignore
/.gitignore
/src/main/kotlin/Main.kt
/build.gradle.kts
/src/main/TrackingSimulator.java
/src/main/TrackingSimulator.kt
/src/main/ShippingUpdateTranslator.java
/src/main/ShippingUpdateTranslator.kt
/src/main/kotlin/TrackingSimulator.kt
/src/main/kotlin/ShippingUpdateTranslator.kt
/src/main/kotlin/UpdateType.kt
/src/main/kotlin/NoteAddedUpdate.java
/src/main/kotlin/NoteAddedUpdate.kt
/src/main/kotlin/StatusUpdate.java
/src/main/kotlin/ShipmentEnded.java
/src/main/kotlin/ShipmentDeliveryDateUpdates.java
/src/main/kotlin/ShipmentDeliveryDateAdjustment.java
/src/main/kotlin/ShipmentCreated.java
/src/main/kotlin/LocationUpdate.java
/src/main/kotlin/LocationUpdate.kt
/src/main/kotlin/StatusUpdate.kt
/src/main/kotlin/ShipmentCreated.kt
/src/main/kotlin/ShipmentEnded.kt
/src/main/kotlin/ShipmentDeliveryDateAdjustment.kt
/src/generatedFromUML/ShippingUpdate.java
/src/main/kotlin/ShippingUpdate.java
/src/main/kotlin/ShippingUpdate.kt
/src/main/kotlin/Shipment.java
/src/main/kotlin/Shipment.kt
/src/main/kotlin/UpdateTypeLogicalSwitchboard.kt
/src/main/kotlin/Util/UpdateTypeLogicalSwitchboard.kt
/src/main/kotlin/util/UpdateTypeLogicalSwitchboard.kt
/src/main/kotlin/util/updateTypeLogicalSwitchboard/UpdateTypeLogicalSwitchboard.kt
/src/main/kotlin/logic/ShipmentEnded.kt
/src/main/kotlin/logic/Shipment.kt
/src/main/kotlin/logic/ShippingUpdateTranslator.kt
/src/main/kotlin/logic/TrackingSimulator.kt
/src/main/kotlin/logic/NoteAddedUpdate.kt
/src/main/kotlin/logic/ShipmentDeliveryDateAdjustment.kt
/src/main/kotlin/logic/ShippingUpdate.kt
/src/main/kotlin/logic/StatusUpdate.kt
/src/main/kotlin/logic/LocationUpdate.kt
/src/main/kotlin/logic/ShipmentCreated.kt
/src/main/kotlin/logic/UpdateType.kt
/src/main/kotlin/logic/TrackerViewHelper.java
/src/main/kotlin/logic/TrackerViewHelper.kt
/src/test/kotlin/TrackingSimulatorTest.java
/src/test/kotlin/logic/ShipmentTest.java
/src/test/kotlin/logic/TrackerViewHelperTest.java
/src/main/kotlin/Ellipse.kt
/src/main/kotlin/TwoDShape.kt
/src/main/kotlin/Shape.kt
/src/main/kotlin/Rectangle.kt
/src/main/kotlin/Circle.kt
/src/main/kotlin/Triangle.kt
/src/main/kotlin/RectangleTest.java
/build.gradle.kts
/src/main/kotlin/RectangleTest.kt
/src/main/kotlin/PointTest.java
/src/main/kotlin/PointTest.kt
/src/main/kotlin/MyClass.kt
/src/main/kotlin/Point.kt
/src/main/kotlin/TriangleTest.kt
/src/main/schedule.txt
/src/main/kotlin/Dog.kt
/src/main/kotlin/Main.kt
/src/main/kotlin/Animal.kt
/src/main/kotlin/animals/Animal.kt
/src/main/kotlin/animals/Dog.kt
/src/test/kotlin/MainKtTest.java
/src/test/kotlin/MainKtTest.kt
/src/main/kotlin/tollbooth/Tollbooth.kt
/src/main/kotlin/tollbooth/Car.kt
/src/main/kotlin/tollbooth/Lane.kt
/src/test/kotlin/tollbooth/LaneTest.java
/src/test/kotlin/tollbooth/LaneTest.kt
/src/main/kotlin/state/StateFactory.kt
/src/main/kotlin/util/Parser.kt
/src/main/kotlin/state/State.kt
/src/main/kotlin/state/InvalidState.kt
/src/main/kotlin/turingmachine/TuringMachine.kt
/src/main/kotlin/state/ProgramState.kt
/src/main/kotlin/state/AbortState.kt
/src/test/kotlin/state/ProgramStateTest.java
/src/test/kotlin/state/ProgramStateTest.kt
/src/main/kotlin/ui/MainViewModel.kt
/src/main/kotlin/Main.kt
/src/main/kotlin/ui/Controls.kt
/src/main/kotlin/ui/IDE.kt
/src/main/kotlin/ui/Tape.kt
/src/main/kotlin/ui/IDEViewModel.kt
/src/test/kotlin/turingmachine/TuringMachineTest.kt
ator/.idea/.gitignore
/build.gradle.kts
/.idea/.gitignore
/src/main/kotlin/Shipment.kt
/src/main/kotlin/Simulator.kt
/src/main/kotlin/Update.kt
/src/main/kotlin/TrackerViewHelper.kt
/src/main/kotlin/Observable.kt
/src/main/kotlin/Observer.kt
/src/main/kotlin/UpdateStrategies/UpdateStrategy.kt
/src/main/kotlin/UpdateStrategies/ShipmentCreatedStrategy.kt
/src/main/kotlin/UpdateStrategies/ShipmentDeliveredStrategy.kt
/src/main/kotlin/UpdateStrategies/ShipmentLostStrategy.kt
/src/main/kotlin/UpdateStrategies/ShipmentLocationUpdateStrategy.kt
/src/main/kotlin/UpdateStrategies/ShipmentDelayedStrategy.kt
/src/main/kotlin/UpdateStrategies/ShipmentCancelledStrategy.kt
/src/main/kotlin/UpdateStrategies/ShipmentNoteAddedStrategy.kt
/src/main/kotlin/TrackingSimulator.kt
/src/main/kotlin/UpdateStrategies/ShipmentShippedStrategy.kt
/src/main/kotlin/UpdateStrategies/ShipmentUpdateStrategy.kt
/src/main/kotlin/ShipmentObserver.kt
/src/main/kotlin/ui/TrackerView.kt

/src/main/kotlin/Iterator.kt
/src/main/kotlin/Student.kt
/src/main/kotlin/Account.kt
/src/main/kotlin/AccountListIterator.kt
/src/main/kotlin/Iterable.kt
/src/main/kotlin/MyCollection.kt
/src/main/kotlin/AccountTreeIterator.kt
