"e","class Business {
}","","0","1653608830725","Business.kt","1.1.3 for 2021-2022 @t1",
"a","Enter",,,"1653608833776","Business.kt","1.1.3 for 2021-2022 @t1",
"e","
","","17","1653608833830","Business.kt","1.1.3 for 2021-2022 @t1",
"e","    ","","17","1653608833852","Business.kt","1.1.3 for 2021-2022 @t1",
"a","Enter",,,"1653608833870","Business.kt","1.1.3 for 2021-2022 @t1",
"e","    
","","22","1653608833876","Business.kt","1.1.3 for 2021-2022 @t1",
"e","p","","26","1653608834332","Business.kt","1.1.3 for 2021-2022 @t1",
"k","p",,"27","1653608834334","Business.kt","1.1.3 for 2021-2022 @t1",
"e","a","","27","1653608834515","Business.kt","1.1.3 for 2021-2022 @t1",
"k","a",,"28","1653608834517","Business.kt","1.1.3 for 2021-2022 @t1",
"e","y","","28","1653608834520","Business.kt","1.1.3 for 2021-2022 @t1",
"k","y",,"29","1653608834521","Business.kt","1.1.3 for 2021-2022 @t1",
"e","$","","29","1653608834538","Business.kt","1.1.3 for 2021-2022 @t1",
"a","Backspace",,,"1653608835119","Business.kt","1.1.3 for 2021-2022 @t1",
"e","","y$","28","1653608835133","Business.kt","1.1.3 for 2021-2022 @t1",
"a","Backspace",,,"1653608835231","Business.kt","1.1.3 for 2021-2022 @t1",
"e","","a","27","1653608835233","Business.kt","1.1.3 for 2021-2022 @t1",
"a","Backspace",,,"1653608835637","Business.kt","1.1.3 for 2021-2022 @t1",
"e","","p","26","1653608835639","Business.kt","1.1.3 for 2021-2022 @t1",
"e","f","","26","1653608835723","Business.kt","1.1.3 for 2021-2022 @t1",
"k","f",,"27","1653608835724","Business.kt","1.1.3 for 2021-2022 @t1",
"e","$","","27","1653608835733","Business.kt","1.1.3 for 2021-2022 @t1",
"e","","$","27","1653608835856","Business.kt","1.1.3 for 2021-2022 @t1",
"e","u","","27","1653608835857","Business.kt","1.1.3 for 2021-2022 @t1",
"k","u",,"28","1653608835863","Business.kt","1.1.3 for 2021-2022 @t1",
"e","n","","28","1653608835922","Business.kt","1.1.3 for 2021-2022 @t1",
"k","n",,"29","1653608835927","Business.kt","1.1.3 for 2021-2022 @t1",
"e"," ","","29","1653608836062","Business.kt","1.1.3 for 2021-2022 @t1",
"k"," ",,"30","1653608836063","Business.kt","1.1.3 for 2021-2022 @t1",
"e","P","","30","1653608836411","Business.kt","1.1.3 for 2021-2022 @t1",
"k","P",,"31","1653608836412","Business.kt","1.1.3 for 2021-2022 @t1",
"e","X.f()$","","31","1653608836424","Business.kt","1.1.3 for 2021-2022 @t1",
"a","Backspace",,,"1653608836826","Business.kt","1.1.3 for 2021-2022 @t1",
"e","","PX.f()$","30","1653608836829","Business.kt","1.1.3 for 2021-2022 @t1",
"e","p","","30","1653608837018","Business.kt","1.1.3 for 2021-2022 @t1",
"k","p",,"31","1653608837018","Business.kt","1.1.3 for 2021-2022 @t1",
"e","X.f()$","","31","1653608837027","Business.kt","1.1.3 for 2021-2022 @t1",
"e","","X.f()$","31","1653608837117","Business.kt","1.1.3 for 2021-2022 @t1",
"e","a","","31","1653608837118","Business.kt","1.1.3 for 2021-2022 @t1",
"k","a",,"32","1653608837117","Business.kt","1.1.3 for 2021-2022 @t1",
"e","y","","32","1653608837209","Business.kt","1.1.3 for 2021-2022 @t1",
"k","y",,"33","1653608837210","Business.kt","1.1.3 for 2021-2022 @t1",
"a","Backspace",,,"1653608838215","Business.kt","1.1.3 for 2021-2022 @t1",
"e","","y","32","1653608838218","Business.kt","1.1.3 for 2021-2022 @t1",
"a","Backspace",,,"1653608838321","Business.kt","1.1.3 for 2021-2022 @t1",
"e","","a","31","1653608838323","Business.kt","1.1.3 for 2021-2022 @t1",
"a","Backspace",,,"1653608838443","Business.kt","1.1.3 for 2021-2022 @t1",
"e","","p","30","1653608838445","Business.kt","1.1.3 for 2021-2022 @t1",
"e","c","","30","1653608838628","Business.kt","1.1.3 for 2021-2022 @t1",
"k","c",,"31","1653608838629","Business.kt","1.1.3 for 2021-2022 @t1",
"e","X.f()$","","31","1653608838639","Business.kt","1.1.3 for 2021-2022 @t1",
"e","","X.f()$","31","1653608838703","Business.kt","1.1.3 for 2021-2022 @t1",
"e","o","","31","1653608838704","Business.kt","1.1.3 for 2021-2022 @t1",
"k","o",,"32","1653608838718","Business.kt","1.1.3 for 2021-2022 @t1",
"e","X.f()$","","32","1653608838725","Business.kt","1.1.3 for 2021-2022 @t1",
"e","","X.f()$","32","1653608838812","Business.kt","1.1.3 for 2021-2022 @t1",
"e","l","","32","1653608838813","Business.kt","1.1.3 for 2021-2022 @t1",
"k","l",,"33","1653608838813","Business.kt","1.1.3 for 2021-2022 @t1",
"e","l","","33","1653608838936","Business.kt","1.1.3 for 2021-2022 @t1",
"k","l",,"34","1653608838936","Business.kt","1.1.3 for 2021-2022 @t1",
"e","e","","34","1653608839032","Business.kt","1.1.3 for 2021-2022 @t1",
"k","e",,"35","1653608839032","Business.kt","1.1.3 for 2021-2022 @t1",
"e","c","","35","1653608839195","Business.kt","1.1.3 for 2021-2022 @t1",
"k","c",,"36","1653608839196","Business.kt","1.1.3 for 2021-2022 @t1",
"e","t","","36","1653608839571","Business.kt","1.1.3 for 2021-2022 @t1",
"k","t",,"37","1653608839572","Business.kt","1.1.3 for 2021-2022 @t1",
"e","T","","37","1653608839894","Business.kt","1.1.3 for 2021-2022 @t1",
"k","T",,"38","1653608839894","Business.kt","1.1.3 for 2021-2022 @t1",
"e","a","","38","1653608840358","Business.kt","1.1.3 for 2021-2022 @t1",
"k","a",,"39","1653608840359","Business.kt","1.1.3 for 2021-2022 @t1",
"e","x","","39","1653608840535","Business.kt","1.1.3 for 2021-2022 @t1",
"k","x",,"40","1653608840536","Business.kt","1.1.3 for 2021-2022 @t1",
"e","e","","40","1653608840768","Business.kt","1.1.3 for 2021-2022 @t1",
"k","e",,"41","1653608840768","Business.kt","1.1.3 for 2021-2022 @t1",
"e","s","","41","1653608841015","Business.kt","1.1.3 for 2021-2022 @t1",
"k","s",,"42","1653608841016","Business.kt","1.1.3 for 2021-2022 @t1",
"e","(","","42","1653608841287","Business.kt","1.1.3 for 2021-2022 @t1",
"e",")","","43","1653608841289","Business.kt","1.1.3 for 2021-2022 @t1",
"k","(",,"43","1653608841292","Business.kt","1.1.3 for 2021-2022 @t1",
"k",")",,"44","1653608841338","Business.kt","1.1.3 for 2021-2022 @t1",
"e"," ","","44","1653608841754","Business.kt","1.1.3 for 2021-2022 @t1",
"k"," ",,"45","1653608841755","Business.kt","1.1.3 for 2021-2022 @t1",
"e","{","","45","1653608841851","Business.kt","1.1.3 for 2021-2022 @t1",
"e","}","","46","1653608841852","Business.kt","1.1.3 for 2021-2022 @t1",
"k","{",,"46","1653608841855","Business.kt","1.1.3 for 2021-2022 @t1",
"k","}",,"47","1653608841902","Business.kt","1.1.3 for 2021-2022 @t1",
"a","Left",,,"1653608842109","Business.kt","1.1.3 for 2021-2022 @t1",
"a","Enter",,,"1653608842313","Business.kt","1.1.3 for 2021-2022 @t1",
"e","
    ","","46","1653608842316","Business.kt","1.1.3 for 2021-2022 @t1",
"e","    
","","47","1653608842318","Business.kt","1.1.3 for 2021-2022 @t1",
"e","    ","","51","1653608842319","Business.kt","1.1.3 for 2021-2022 @t1",
"e","p","","55","1653608843185","Business.kt","1.1.3 for 2021-2022 @t1",
"k","p",,"56","1653608843186","Business.kt","1.1.3 for 2021-2022 @t1",
"e","$","","56","1653608843196","Business.kt","1.1.3 for 2021-2022 @t1",
"e","","$","56","1653608843305","Business.kt","1.1.3 for 2021-2022 @t1",
"e","r","","56","1653608843306","Business.kt","1.1.3 for 2021-2022 @t1",
"k","r",,"57","1653608843305","Business.kt","1.1.3 for 2021-2022 @t1",
"e","$","","57","1653608843312","Business.kt","1.1.3 for 2021-2022 @t1",
"e","","$","57","1653608843373","Business.kt","1.1.3 for 2021-2022 @t1",
"e","i","","57","1653608843374","Business.kt","1.1.3 for 2021-2022 @t1",
"k","i",,"58","1653608843374","Business.kt","1.1.3 for 2021-2022 @t1",
"e","$","","58","1653608843380","Business.kt","1.1.3 for 2021-2022 @t1",
"e","","$","58","1653608843416","Business.kt","1.1.3 for 2021-2022 @t1",
"e","n","","58","1653608843417","Business.kt","1.1.3 for 2021-2022 @t1",
"k","n",,"59","1653608843417","Business.kt","1.1.3 for 2021-2022 @t1",
"e","$","","59","1653608843426","Business.kt","1.1.3 for 2021-2022 @t1",
"a","Tab",,,"1653608843480","Business.kt","1.1.3 for 2021-2022 @t1",
"e","","$","59","1653608843493","Business.kt","1.1.3 for 2021-2022 @t1",
"e","    ","","59","1653608843494","Business.kt","1.1.3 for 2021-2022 @t1",
"a","Backspace",,,"1653608843902","Business.kt","1.1.3 for 2021-2022 @t1",
"e",""," ","62","1653608844009","Business.kt","1.1.3 for 2021-2022 @t1",
"a","Backspace",,,"1653608844026","Business.kt","1.1.3 for 2021-2022 @t1",
"e",""," ","61","1653608844028","Business.kt","1.1.3 for 2021-2022 @t1",
"a","Backspace",,,"1653608844157","Business.kt","1.1.3 for 2021-2022 @t1",
"e",""," ","60","1653608844159","Business.kt","1.1.3 for 2021-2022 @t1",
"a","Backspace",,,"1653608844334","Business.kt","1.1.3 for 2021-2022 @t1",
"e",""," ","59","1653608844336","Business.kt","1.1.3 for 2021-2022 @t1",
"e","t","","59","1653608844438","Business.kt","1.1.3 for 2021-2022 @t1",
"k","t",,"60","1653608844439","Business.kt","1.1.3 for 2021-2022 @t1",
"e","$","","60","1653608844445","Business.kt","1.1.3 for 2021-2022 @t1",
"e","","$","60","1653608844602","Business.kt","1.1.3 for 2021-2022 @t1",
"e","l","","60","1653608844603","Business.kt","1.1.3 for 2021-2022 @t1",
"k","l",,"61","1653608844603","Business.kt","1.1.3 for 2021-2022 @t1",
"e","$","","61","1653608844609","Business.kt","1.1.3 for 2021-2022 @t1",
"e","","$","61","1653608844671","Business.kt","1.1.3 for 2021-2022 @t1",
"e","y","","61","1653608844672","Business.kt","1.1.3 for 2021-2022 @t1",
"k","y",,"62","1653608844672","Business.kt","1.1.3 for 2021-2022 @t1",
"e","$","","62","1653608844677","Business.kt","1.1.3 for 2021-2022 @t1",
"e","","$","62","1653608844855","Business.kt","1.1.3 for 2021-2022 @t1",
"e","n","","62","1653608844856","Business.kt","1.1.3 for 2021-2022 @t1",
"k","n",,"63","1653608844856","Business.kt","1.1.3 for 2021-2022 @t1",
"e","$","","63","1653608844862","Business.kt","1.1.3 for 2021-2022 @t1",
"a","Backspace",,,"1653608845085","Business.kt","1.1.3 for 2021-2022 @t1",
"e","","n$","62","1653608845087","Business.kt","1.1.3 for 2021-2022 @t1",
"e","$","","62","1653608845094","Business.kt","1.1.3 for 2021-2022 @t1",
"a","Backspace",,,"1653608845226","Business.kt","1.1.3 for 2021-2022 @t1",
"e","","y$","61","1653608845228","Business.kt","1.1.3 for 2021-2022 @t1",
"e","$","","61","1653608845234","Business.kt","1.1.3 for 2021-2022 @t1",
"e","","$","61","1653608845443","Business.kt","1.1.3 for 2021-2022 @t1",
"e","n","","61","1653608845444","Business.kt","1.1.3 for 2021-2022 @t1",
"k","n",,"62","1653608845450","Business.kt","1.1.3 for 2021-2022 @t1",
"e","$","","62","1653608845461","Business.kt","1.1.3 for 2021-2022 @t1",
"e","","$","62","1653608845729","Business.kt","1.1.3 for 2021-2022 @t1",
"e","(","","62","1653608845730","Business.kt","1.1.3 for 2021-2022 @t1",
"e",")","","63","1653608845731","Business.kt","1.1.3 for 2021-2022 @t1",
"k","(",,"63","1653608845733","Business.kt","1.1.3 for 2021-2022 @t1",
"k",")",,"64","1653608845771","Business.kt","1.1.3 for 2021-2022 @t1",
"a","Left",,,"1653608846047","Business.kt","1.1.3 for 2021-2022 @t1",
"e","""","","63","1653608846387","Business.kt","1.1.3 for 2021-2022 @t1",
"e","""","","64","1653608846389","Business.kt","1.1.3 for 2021-2022 @t1",
"k","""",,"64","1653608846389","Business.kt","1.1.3 for 2021-2022 @t1",
"k","""",,"65","1653608846504","Business.kt","1.1.3 for 2021-2022 @t1",
"a","Left",,,"1653608846682","Business.kt","1.1.3 for 2021-2022 @t1",
"e","C","","64","1653608846979","Business.kt","1.1.3 for 2021-2022 @t1",
"k","C",,"65","1653608846979","Business.kt","1.1.3 for 2021-2022 @t1",
"e","o","","65","1653608847073","Business.kt","1.1.3 for 2021-2022 @t1",
"k","o",,"66","1653608847073","Business.kt","1.1.3 for 2021-2022 @t1",
"e","l","","66","1653608847211","Business.kt","1.1.3 for 2021-2022 @t1",
"k","l",,"67","1653608847212","Business.kt","1.1.3 for 2021-2022 @t1",
"e","l","","67","1653608847303","Business.kt","1.1.3 for 2021-2022 @t1",
"k","l",,"68","1653608847304","Business.kt","1.1.3 for 2021-2022 @t1",
"e","e","","68","1653608847669","Business.kt","1.1.3 for 2021-2022 @t1",
"k","e",,"69","1653608847669","Business.kt","1.1.3 for 2021-2022 @t1",
"e","c","","69","1653608848023","Business.kt","1.1.3 for 2021-2022 @t1",
"k","c",,"70","1653608848024","Business.kt","1.1.3 for 2021-2022 @t1",
"e","t","","70","1653608848330","Business.kt","1.1.3 for 2021-2022 @t1",
"k","t",,"71","1653608848331","Business.kt","1.1.3 for 2021-2022 @t1",
"e"," ","","71","1653608848464","Business.kt","1.1.3 for 2021-2022 @t1",
"k"," ",,"72","1653608848464","Business.kt","1.1.3 for 2021-2022 @t1",
"e","t","","72","1653608848882","Business.kt","1.1.3 for 2021-2022 @t1",
"k","t",,"73","1653608848882","Business.kt","1.1.3 for 2021-2022 @t1",
"e","a","","73","1653608848991","Business.kt","1.1.3 for 2021-2022 @t1",
"k","a",,"74","1653608848992","Business.kt","1.1.3 for 2021-2022 @t1",
"e","x","","74","1653608849114","Business.kt","1.1.3 for 2021-2022 @t1",
"k","x",,"75","1653608849115","Business.kt","1.1.3 for 2021-2022 @t1",
"e","e","","75","1653608849295","Business.kt","1.1.3 for 2021-2022 @t1",
"k","e",,"76","1653608849295","Business.kt","1.1.3 for 2021-2022 @t1",
"e","s","","76","1653608849424","Business.kt","1.1.3 for 2021-2022 @t1",
"k","s",,"77","1653608849424","Business.kt","1.1.3 for 2021-2022 @t1",
"a","Right",,,"1653608849671","Business.kt","1.1.3 for 2021-2022 @t1",
"e","","    ","17","1653608849852","Business.kt","1.1.3 for 2021-2022 @t1",
"a","Kotlin Class/File",,,"1653608861474","Business.kt","1.1.3 for 2021-2022 @t1",
"e","class Citizen {
}","","0","1653608861483","Citizen.kt","1.1.3 for 2021-2022 @t1",
"a","Reformat",,,"1653608861628","Business.kt","1.1.3 for 2021-2022 @t1",
"a","Right",,,"1653608863335","Citizen.kt","1.1.3 for 2021-2022 @t1",
"a","Right",,,"1653608863479","Citizen.kt","1.1.3 for 2021-2022 @t1",
"a","Enter",,,"1653608863726","Citizen.kt","1.1.3 for 2021-2022 @t1",
"e","
","","16","1653608863728","Citizen.kt","1.1.3 for 2021-2022 @t1",
"e","    ","","16","1653608863729","Citizen.kt","1.1.3 for 2021-2022 @t1",
"a","Enter",,,"1653608863841","Citizen.kt","1.1.3 for 2021-2022 @t1",
"e","    
","","21","1653608863843","Citizen.kt","1.1.3 for 2021-2022 @t1",
"e","f","","25","1653608864028","Citizen.kt","1.1.3 for 2021-2022 @t1",
"k","f",,"26","1653608864029","Citizen.kt","1.1.3 for 2021-2022 @t1",
"e","$","","26","1653608864038","Citizen.kt","1.1.3 for 2021-2022 @t1",
"e","","$","26","1653608864086","Citizen.kt","1.1.3 for 2021-2022 @t1",
"e","u","","26","1653608864087","Citizen.kt","1.1.3 for 2021-2022 @t1",
"k","u",,"27","1653608864087","Citizen.kt","1.1.3 for 2021-2022 @t1",
"e","$","","27","1653608864093","Citizen.kt","1.1.3 for 2021-2022 @t1",
"e","","$","27","1653608864227","Citizen.kt","1.1.3 for 2021-2022 @t1",
"e","n","","27","1653608864228","Citizen.kt","1.1.3 for 2021-2022 @t1",
"k","n",,"28","1653608864232","Citizen.kt","1.1.3 for 2021-2022 @t1",
"e"," ","","28","1653608864612","Citizen.kt","1.1.3 for 2021-2022 @t1",
"k"," ",,"29","1653608864612","Citizen.kt","1.1.3 for 2021-2022 @t1",
"e","c","","29","1653608864799","Citizen.kt","1.1.3 for 2021-2022 @t1",
"k","c",,"30","1653608864800","Citizen.kt","1.1.3 for 2021-2022 @t1",
"e","X.f()$","","30","1653608864807","Citizen.kt","1.1.3 for 2021-2022 @t1",
"e","","X.f()$","30","1653608864913","Citizen.kt","1.1.3 for 2021-2022 @t1",
"e","o","","30","1653608864914","Citizen.kt","1.1.3 for 2021-2022 @t1",
"k","o",,"31","1653608864919","Citizen.kt","1.1.3 for 2021-2022 @t1",
"e","X.f()$","","31","1653608864925","Citizen.kt","1.1.3 for 2021-2022 @t1",
"e","","X.f()$","31","1653608865045","Citizen.kt","1.1.3 for 2021-2022 @t1",
"e","l","","31","1653608865046","Citizen.kt","1.1.3 for 2021-2022 @t1",
"k","l",,"32","1653608865046","Citizen.kt","1.1.3 for 2021-2022 @t1",
"e","l","","32","1653608865145","Citizen.kt","1.1.3 for 2021-2022 @t1",
"k","l",,"33","1653608865146","Citizen.kt","1.1.3 for 2021-2022 @t1",
"e","e","","33","1653608865240","Citizen.kt","1.1.3 for 2021-2022 @t1",
"k","e",,"34","1653608865241","Citizen.kt","1.1.3 for 2021-2022 @t1",
"a","Backspace",,,"1653608865455","Citizen.kt","1.1.3 for 2021-2022 @t1",
"e","","e","33","1653608865457","Citizen.kt","1.1.3 for 2021-2022 @t1",
"e","e","","33","1653608865774","Citizen.kt","1.1.3 for 2021-2022 @t1",
"k","e",,"34","1653608865774","Citizen.kt","1.1.3 for 2021-2022 @t1",
"e","X.f()$","","34","1653608865780","Citizen.kt","1.1.3 for 2021-2022 @t1",
"e","","X.f()$","34","1653608865918","Citizen.kt","1.1.3 for 2021-2022 @t1",
"e","c","","34","1653608865919","Citizen.kt","1.1.3 for 2021-2022 @t1",
"k","c",,"35","1653608865918","Citizen.kt","1.1.3 for 2021-2022 @t1",
"e","t","","35","1653608866112","Citizen.kt","1.1.3 for 2021-2022 @t1",
"k","t",,"36","1653608866112","Citizen.kt","1.1.3 for 2021-2022 @t1",
"e","T","","36","1653608866304","Citizen.kt","1.1.3 for 2021-2022 @t1",
"k","T",,"37","1653608866304","Citizen.kt","1.1.3 for 2021-2022 @t1",
"e","e","","37","1653608866430","Citizen.kt","1.1.3 for 2021-2022 @t1",
"k","e",,"38","1653608866431","Citizen.kt","1.1.3 for 2021-2022 @t1",
"e","x","","38","1653608866671","Citizen.kt","1.1.3 for 2021-2022 @t1",
"k","x",,"39","1653608866671","Citizen.kt","1.1.3 for 2021-2022 @t1",
"a","Backspace",,,"1653608867130","Citizen.kt","1.1.3 for 2021-2022 @t1",
"e","","x","38","1653608867131","Citizen.kt","1.1.3 for 2021-2022 @t1",
"a","Backspace",,,"1653608867245","Citizen.kt","1.1.3 for 2021-2022 @t1",
"e","","e","37","1653608867247","Citizen.kt","1.1.3 for 2021-2022 @t1",
"e","a","","37","1653608867299","Citizen.kt","1.1.3 for 2021-2022 @t1",
"k","a",,"38","1653608867299","Citizen.kt","1.1.3 for 2021-2022 @t1",
"e","X.f()$","","38","1653608867308","Citizen.kt","1.1.3 for 2021-2022 @t1",
"e","","X.f()$","38","1653608867445","Citizen.kt","1.1.3 for 2021-2022 @t1",
"e","x","","38","1653608867446","Citizen.kt","1.1.3 for 2021-2022 @t1",
"k","x",,"39","1653608867445","Citizen.kt","1.1.3 for 2021-2022 @t1",
"e","e","","39","1653608867642","Citizen.kt","1.1.3 for 2021-2022 @t1",
"k","e",,"40","1653608867642","Citizen.kt","1.1.3 for 2021-2022 @t1",
"e","s","","40","1653608867793","Citizen.kt","1.1.3 for 2021-2022 @t1",
"k","s",,"41","1653608867794","Citizen.kt","1.1.3 for 2021-2022 @t1",
"e","(","","41","1653608868155","Citizen.kt","1.1.3 for 2021-2022 @t1",
"e",")","","42","1653608868156","Citizen.kt","1.1.3 for 2021-2022 @t1",
"k","(",,"42","1653608868158","Citizen.kt","1.1.3 for 2021-2022 @t1",
"k",")",,"43","1653608868206","Citizen.kt","1.1.3 for 2021-2022 @t1",
"e"," ","","43","1653608868663","Citizen.kt","1.1.3 for 2021-2022 @t1",
"k"," ",,"44","1653608868663","Citizen.kt","1.1.3 for 2021-2022 @t1",
"e","{","","44","1653608868788","Citizen.kt","1.1.3 for 2021-2022 @t1",
"e","}","","45","1653608868789","Citizen.kt","1.1.3 for 2021-2022 @t1",
"k","{",,"45","1653608868791","Citizen.kt","1.1.3 for 2021-2022 @t1",
"k","}",,"46","1653608868847","Citizen.kt","1.1.3 for 2021-2022 @t1",
"a","Left",,,"1653608869051","Citizen.kt","1.1.3 for 2021-2022 @t1",
"a","Enter",,,"1653608869236","Citizen.kt","1.1.3 for 2021-2022 @t1",
"e","
    ","","45","1653608869238","Citizen.kt","1.1.3 for 2021-2022 @t1",
"e","    
","","46","1653608869240","Citizen.kt","1.1.3 for 2021-2022 @t1",
"e","    ","","50","1653608869241","Citizen.kt","1.1.3 for 2021-2022 @t1",
"a","Backspace",,,"1653608871357","Citizen.kt","1.1.3 for 2021-2022 @t1",
"e",""," ","19","1653608871363","Citizen.kt","1.1.3 for 2021-2022 @t1",
"e","","   
","16","1653608871364","Citizen.kt","1.1.3 for 2021-2022 @t1",
"a","Left",,,"1653608872961","Citizen.kt","1.1.3 for 2021-2022 @t1",
"a","Left",,,"1653608873072","Citizen.kt","1.1.3 for 2021-2022 @t1",
"e",":","","13","1653608873648","Citizen.kt","1.1.3 for 2021-2022 @t1",
"k",":",,"14","1653608873653","Citizen.kt","1.1.3 for 2021-2022 @t1",
"e"," ","","14","1653608873809","Citizen.kt","1.1.3 for 2021-2022 @t1",
"k"," ",,"15","1653608873809","Citizen.kt","1.1.3 for 2021-2022 @t1",
"e","B","","15","1653608873952","Citizen.kt","1.1.3 for 2021-2022 @t1",
"k","B",,"16","1653608873953","Citizen.kt","1.1.3 for 2021-2022 @t1",
"e","",": B","13","1653608873962","Citizen.kt","1.1.3 for 2021-2022 @t1",
"e","B  ","","14","1653608873962","Citizen.kt","1.1.3 for 2021-2022 @t1",
"e",":","","13","1653608873962","Citizen.kt","1.1.3 for 2021-2022 @t1",
"e",""," ","16","1653608874063","Citizen.kt","1.1.3 for 2021-2022 @t1",
"e","u","","16","1653608874064","Citizen.kt","1.1.3 for 2021-2022 @t1",
"k","u",,"17","1653608874063","Citizen.kt","1.1.3 for 2021-2022 @t1",
"e"," ","","18","1653608874071","Citizen.kt","1.1.3 for 2021-2022 @t1",
"e",""," ","17","1653608874147","Citizen.kt","1.1.3 for 2021-2022 @t1",
"e","s","","17","1653608874148","Citizen.kt","1.1.3 for 2021-2022 @t1",
"k","s",,"18","1653608874148","Citizen.kt","1.1.3 for 2021-2022 @t1",
"e"," ","","19","1653608874155","Citizen.kt","1.1.3 for 2021-2022 @t1",
"e",""," ","18","1653608874288","Citizen.kt","1.1.3 for 2021-2022 @t1",
"e","e","","18","1653608874289","Citizen.kt","1.1.3 for 2021-2022 @t1",
"k","e",,"19","1653608874290","Citizen.kt","1.1.3 for 2021-2022 @t1",
"e"," ","","20","1653608874296","Citizen.kt","1.1.3 for 2021-2022 @t1",
"a","Backspace",,,"1653608875069","Citizen.kt","1.1.3 for 2021-2022 @t1",
"e","","e ","18","1653608875073","Citizen.kt","1.1.3 for 2021-2022 @t1",
"e"," ","","19","1653608875084","Citizen.kt","1.1.3 for 2021-2022 @t1",
"e",""," ","18","1653608875264","Citizen.kt","1.1.3 for 2021-2022 @t1",
"e","i","","18","1653608875265","Citizen.kt","1.1.3 for 2021-2022 @t1",
"k","i",,"19","1653608875268","Citizen.kt","1.1.3 for 2021-2022 @t1",
"a","Choose Lookup Item Replace",,,"1653608875738","Citizen.kt","1.1.3 for 2021-2022 @t1",
"e","ness","","19","1653608875751","Citizen.kt","1.1.3 for 2021-2022 @t1",
"a","Down",,,"1653608876122","Citizen.kt","1.1.3 for 2021-2022 @t1",
"a","Down",,,"1653608876233","Citizen.kt","1.1.3 for 2021-2022 @t1",
"a","Down",,,"1653608876358","Citizen.kt","1.1.3 for 2021-2022 @t1",
"a","Up with Selection",,,"1653608876566","Citizen.kt","1.1.3 for 2021-2022 @t1",
"a","Up with Selection",,,"1653608876672","Citizen.kt","1.1.3 for 2021-2022 @t1",
"a","Move Caret to Line Start with Selection",,,"1653608876961","Citizen.kt","1.1.3 for 2021-2022 @t1",
"a","Backspace",,,"1653608877157","Citizen.kt","1.1.3 for 2021-2022 @t1",
"e","","fun collectTaxes() {
        
    }","30","1653608877161","Citizen.kt","1.1.3 for 2021-2022 @t1",
"a","Backspace",,,"1653608878044","Citizen.kt","1.1.3 for 2021-2022 @t1",
"e",""," ","29","1653608878046","Citizen.kt","1.1.3 for 2021-2022 @t1",
"e","","   
","26","1653608878047","Citizen.kt","1.1.3 for 2021-2022 @t1",
"a","Up",,,"1653608878466","Citizen.kt","1.1.3 for 2021-2022 @t1",
"a","Move Caret to Line End",,,"1653608878918","Citizen.kt","1.1.3 for 2021-2022 @t1",
"a","Left",,,"1653608879063","Citizen.kt","1.1.3 for 2021-2022 @t1",
"a","Left",,,"1653608879184","Citizen.kt","1.1.3 for 2021-2022 @t1",
"e","(","","23","1653608879691","Citizen.kt","1.1.3 for 2021-2022 @t1",
"e",")","","24","1653608879692","Citizen.kt","1.1.3 for 2021-2022 @t1",
"k","(",,"24","1653608879694","Citizen.kt","1.1.3 for 2021-2022 @t1",
"k",")",,"25","1653608879740","Citizen.kt","1.1.3 for 2021-2022 @t1",
"a","EditorChange",,,"1653608881426","Citizen.kt","1.1.3 for 2021-2022 @t1",
"e","o","","0","1653608882562","Business.kt","1.1.3 for 2021-2022 @t1",
"k","o",,"1","1653608882563","Business.kt","1.1.3 for 2021-2022 @t1",
"e","$","","1","1653608882571","Business.kt","1.1.3 for 2021-2022 @t1",
"e","","$","1","1653608882598","Business.kt","1.1.3 for 2021-2022 @t1",
"e","p","","1","1653608882599","Business.kt","1.1.3 for 2021-2022 @t1",
"k","p",,"2","1653608882599","Business.kt","1.1.3 for 2021-2022 @t1",
"e","$","","2","1653608882604","Business.kt","1.1.3 for 2021-2022 @t1",
"e","","$","2","1653608882707","Business.kt","1.1.3 for 2021-2022 @t1",
"e","e","","2","1653608882708","Business.kt","1.1.3 for 2021-2022 @t1",
"k","e",,"3","1653608882709","Business.kt","1.1.3 for 2021-2022 @t1",
"e","n","","3","1653608882784","Business.kt","1.1.3 for 2021-2022 @t1",
"k","n",,"4","1653608882794","Business.kt","1.1.3 for 2021-2022 @t1",
"e"," ","","4","1653608882910","Business.kt","1.1.3 for 2021-2022 @t1",
"k"," ",,"5","1653608882911","Business.kt","1.1.3 for 2021-2022 @t1",
"a","EditorChange",,,"1653608884163","Citizen.kt","1.1.3 for 2021-2022 @t1",
"a","Kotlin Class/File",,,"1653608910815","Citizen.kt","1.1.3 for 2021-2022 @t1",
"e","interface Taxable {
}","","0","1653608910835","Taxable.kt","1.1.3 for 2021-2022 @t1",
"a","Reformat",,,"1653608950312","Citizen.kt","1.1.3 for 2021-2022 @t1",
"a","EditorChange",,,"1653608951133","Citizen.kt","1.1.3 for 2021-2022 @t1",
"a","Backspace",,,"1653609126689","Business.kt","1.1.3 for 2021-2022 @t1",
"e","","
","22","1653609126693","Business.kt","1.1.3 for 2021-2022 @t1",
"a","Kotlin Class/File",,,"1653609138810","Business.kt","1.1.3 for 2021-2022 @t1",
"e","class View {
}","","0","1653609138833","View.kt","1.1.3 for 2021-2022 @t1",
"a","Reformat",,,"1653609140072","Business.kt","1.1.3 for 2021-2022 @t1",
"a","Creating class ContainerView",,,"1653609152237","Business.kt","1.1.3 for 2021-2022 @t1",
"a","Reformat",,,"1653609152500","Business.kt","1.1.3 for 2021-2022 @t1",
