"e","","No Phanon history found: /Users/josephditton/school/summer2022/5700/MicrosoftPiant/src/main/kotlin/logic/showyourwork/showyourwork.log Player unable to render
","0","1654043785640","ShipmentEnded.kt","1.1.3 for 2021-2022 @t1",
"e","","","0","1654043785640","ShipmentEnded.kt","1.1.3 for 2021-2022 @t1",
"e","","No Phanon history found: /Users/josephditton/school/summer2022/5700/MicrosoftPiant/src/main/kotlin/logic/showyourwork/showyourwork.log Player unable to render
","0","1654043785640","Shipment.kt","1.1.3 for 2021-2022 @t1",
"e","","","0","1654043785640","Shipment.kt","1.1.3 for 2021-2022 @t1",
"e","","No Phanon history found: /Users/josephditton/school/summer2022/5700/MicrosoftPiant/src/main/kotlin/logic/showyourwork/showyourwork.log Player unable to render
","0","1654043785640","ShippingUpdateTranslator.kt","1.1.3 for 2021-2022 @t1",
"e","","","0","1654043785640","ShippingUpdateTranslator.kt","1.1.3 for 2021-2022 @t1",
"e","","No Phanon history found: /Users/josephditton/school/summer2022/5700/MicrosoftPiant/src/main/kotlin/logic/showyourwork/showyourwork.log Player unable to render
","0","1654043785640","TrackingSimulator.kt","1.1.3 for 2021-2022 @t1",
"e","","","0","1654043785640","TrackingSimulator.kt","1.1.3 for 2021-2022 @t1",
"e","","No Phanon history found: /Users/josephditton/school/summer2022/5700/MicrosoftPiant/src/main/kotlin/logic/showyourwork/showyourwork.log Player unable to render
","0","1654043785640","NoteAddedUpdate.kt","1.1.3 for 2021-2022 @t1",
"e","","","0","1654043785640","NoteAddedUpdate.kt","1.1.3 for 2021-2022 @t1",
"e","","No Phanon history found: /Users/josephditton/school/summer2022/5700/MicrosoftPiant/src/main/kotlin/logic/showyourwork/showyourwork.log Player unable to render
","0","1654043785640","ShipmentDeliveryDateAdjustment.kt","1.1.3 for 2021-2022 @t1",
"e","","","0","1654043785640","ShipmentDeliveryDateAdjustment.kt","1.1.3 for 2021-2022 @t1",
"e","","No Phanon history found: /Users/josephditton/school/summer2022/5700/MicrosoftPiant/src/main/kotlin/logic/showyourwork/showyourwork.log Player unable to render
","0","1654043785640","ShippingUpdate.kt","1.1.3 for 2021-2022 @t1",
"e","","","0","1654043785640","ShippingUpdate.kt","1.1.3 for 2021-2022 @t1",
"e","","No Phanon history found: /Users/josephditton/school/summer2022/5700/MicrosoftPiant/src/main/kotlin/logic/showyourwork/showyourwork.log Player unable to render
","0","1654043785641","StatusUpdate.kt","1.1.3 for 2021-2022 @t1",
"e","","","0","1654043785641","StatusUpdate.kt","1.1.3 for 2021-2022 @t1",
"e","","No Phanon history found: /Users/josephditton/school/summer2022/5700/MicrosoftPiant/src/main/kotlin/logic/showyourwork/showyourwork.log Player unable to render
","0","1654043785641","LocationUpdate.kt","1.1.3 for 2021-2022 @t1",
"e","","","0","1654043785641","LocationUpdate.kt","1.1.3 for 2021-2022 @t1",
"e","","No Phanon history found: /Users/josephditton/school/summer2022/5700/MicrosoftPiant/src/main/kotlin/logic/showyourwork/showyourwork.log Player unable to render
","0","1654043785641","ShipmentCreated.kt","1.1.3 for 2021-2022 @t1",
"e","","","0","1654043785641","ShipmentCreated.kt","1.1.3 for 2021-2022 @t1",
"e","","No Phanon history found: /Users/josephditton/school/summer2022/5700/MicrosoftPiant/src/main/kotlin/logic/showyourwork/showyourwork.log Player unable to render
","0","1654043785641","UpdateType.kt","1.1.3 for 2021-2022 @t1",
"e","","","0","1654043785641","UpdateType.kt","1.1.3 for 2021-2022 @t1",
"e","","No Phanon history found: /Users/josephditton/school/summer2022/5700/MicrosoftPiant/src/main/kotlin/logic/showyourwork/showyourwork.log Player unable to render
","0","1654043785641","TrackerViewHelper.java","1.1.3 for 2021-2022 @t1",
"e","","","0","1654043785641","TrackerViewHelper.java","1.1.3 for 2021-2022 @t1",
"e","","No Phanon history found: /Users/josephditton/school/summer2022/5700/MicrosoftPiant/src/main/kotlin/logic/showyourwork/showyourwork.log Player unable to render
","0","1654043785641","TrackerViewHelper.kt","1.1.3 for 2021-2022 @t1",
"e","","","0","1654043785641","TrackerViewHelper.kt","1.1.3 for 2021-2022 @t1",
"e","","No Phanon history found: /Users/josephditton/school/summer2022/5700/MicrosoftPiant/src/main/kotlin/logic/showyourwork/showyourwork.log Player unable to render
","0","1654043786000","ShipmentEnded.kt","1.1.3 for 2021-2022 @t1",
"e","","","0","1654043786000","ShipmentEnded.kt","1.1.3 for 2021-2022 @t1",
"e","","No Phanon history found: /Users/josephditton/school/summer2022/5700/MicrosoftPiant/src/main/kotlin/logic/showyourwork/showyourwork.log Player unable to render
","0","1654043786000","Shipment.kt","1.1.3 for 2021-2022 @t1",
"e","","","0","1654043786000","Shipment.kt","1.1.3 for 2021-2022 @t1",
"e","","No Phanon history found: /Users/josephditton/school/summer2022/5700/MicrosoftPiant/src/main/kotlin/logic/showyourwork/showyourwork.log Player unable to render
","0","1654043786000","ShippingUpdateTranslator.kt","1.1.3 for 2021-2022 @t1",
"e","","","0","1654043786000","ShippingUpdateTranslator.kt","1.1.3 for 2021-2022 @t1",
"e","","No Phanon history found: /Users/josephditton/school/summer2022/5700/MicrosoftPiant/src/main/kotlin/logic/showyourwork/showyourwork.log Player unable to render
","0","1654043786000","TrackingSimulator.kt","1.1.3 for 2021-2022 @t1",
"e","","","0","1654043786000","TrackingSimulator.kt","1.1.3 for 2021-2022 @t1",
"e","","No Phanon history found: /Users/josephditton/school/summer2022/5700/MicrosoftPiant/src/main/kotlin/logic/showyourwork/showyourwork.log Player unable to render
","0","1654043786001","NoteAddedUpdate.kt","1.1.3 for 2021-2022 @t1",
"e","","","0","1654043786001","NoteAddedUpdate.kt","1.1.3 for 2021-2022 @t1",
"e","","No Phanon history found: /Users/josephditton/school/summer2022/5700/MicrosoftPiant/src/main/kotlin/logic/showyourwork/showyourwork.log Player unable to render
","0","1654043786001","ShipmentDeliveryDateAdjustment.kt","1.1.3 for 2021-2022 @t1",
"e","","","0","1654043786001","ShipmentDeliveryDateAdjustment.kt","1.1.3 for 2021-2022 @t1",
"e","","No Phanon history found: /Users/josephditton/school/summer2022/5700/MicrosoftPiant/src/main/kotlin/logic/showyourwork/showyourwork.log Player unable to render
","0","1654043786001","ShippingUpdate.kt","1.1.3 for 2021-2022 @t1",
"e","","","0","1654043786001","ShippingUpdate.kt","1.1.3 for 2021-2022 @t1",
"e","","No Phanon history found: /Users/josephditton/school/summer2022/5700/MicrosoftPiant/src/main/kotlin/logic/showyourwork/showyourwork.log Player unable to render
","0","1654043786001","StatusUpdate.kt","1.1.3 for 2021-2022 @t1",
"e","","","0","1654043786001","StatusUpdate.kt","1.1.3 for 2021-2022 @t1",
"e","","No Phanon history found: /Users/josephditton/school/summer2022/5700/MicrosoftPiant/src/main/kotlin/logic/showyourwork/showyourwork.log Player unable to render
","0","1654043786001","LocationUpdate.kt","1.1.3 for 2021-2022 @t1",
"e","","","0","1654043786001","LocationUpdate.kt","1.1.3 for 2021-2022 @t1",
"e","","No Phanon history found: /Users/josephditton/school/summer2022/5700/MicrosoftPiant/src/main/kotlin/logic/showyourwork/showyourwork.log Player unable to render
","0","1654043786001","ShipmentCreated.kt","1.1.3 for 2021-2022 @t1",
"e","","","0","1654043786001","ShipmentCreated.kt","1.1.3 for 2021-2022 @t1",
"e","","No Phanon history found: /Users/josephditton/school/summer2022/5700/MicrosoftPiant/src/main/kotlin/logic/showyourwork/showyourwork.log Player unable to render
","0","1654043786001","UpdateType.kt","1.1.3 for 2021-2022 @t1",
"e","","","0","1654043786001","UpdateType.kt","1.1.3 for 2021-2022 @t1",
"e","","No Phanon history found: /Users/josephditton/school/summer2022/5700/MicrosoftPiant/src/main/kotlin/logic/showyourwork/showyourwork.log Player unable to render
","0","1654043786001","TrackerViewHelper.java","1.1.3 for 2021-2022 @t1",
"e","","","0","1654043786001","TrackerViewHelper.java","1.1.3 for 2021-2022 @t1",
"e","","No Phanon history found: /Users/josephditton/school/summer2022/5700/MicrosoftPiant/src/main/kotlin/logic/showyourwork/showyourwork.log Player unable to render
","0","1654043786001","TrackerViewHelper.kt","1.1.3 for 2021-2022 @t1",
"e","","","0","1654043786001","TrackerViewHelper.kt","1.1.3 for 2021-2022 @t1",
