"e","","No Phanon history found: /Users/josephditton/school/summer2022/5700/MicrosoftPiant/src/main/kotlin/state/showyourwork/showyourwork.log Player unable to render
","0","1654043785745","StateFactory.kt","1.1.3 for 2021-2022 @t1",
"e","","","0","1654043785745","StateFactory.kt","1.1.3 for 2021-2022 @t1",
"e","","No Phanon history found: /Users/josephditton/school/summer2022/5700/MicrosoftPiant/src/main/kotlin/state/showyourwork/showyourwork.log Player unable to render
","0","1654043785745","State.kt","1.1.3 for 2021-2022 @t1",
"e","","","0","1654043785745","State.kt","1.1.3 for 2021-2022 @t1",
"e","","No Phanon history found: /Users/josephditton/school/summer2022/5700/MicrosoftPiant/src/main/kotlin/state/showyourwork/showyourwork.log Player unable to render
","0","1654043785745","InvalidState.kt","1.1.3 for 2021-2022 @t1",
"e","","","0","1654043785745","InvalidState.kt","1.1.3 for 2021-2022 @t1",
"e","","No Phanon history found: /Users/josephditton/school/summer2022/5700/MicrosoftPiant/src/main/kotlin/state/showyourwork/showyourwork.log Player unable to render
","0","1654043785745","ProgramState.kt","1.1.3 for 2021-2022 @t1",
"e","","","0","1654043785745","ProgramState.kt","1.1.3 for 2021-2022 @t1",
"e","","No Phanon history found: /Users/josephditton/school/summer2022/5700/MicrosoftPiant/src/main/kotlin/state/showyourwork/showyourwork.log Player unable to render
","0","1654043785745","AbortState.kt","1.1.3 for 2021-2022 @t1",
"e","","","0","1654043785745","AbortState.kt","1.1.3 for 2021-2022 @t1",
"e","","No Phanon history found: /Users/josephditton/school/summer2022/5700/MicrosoftPiant/src/main/kotlin/state/showyourwork/showyourwork.log Player unable to render
","0","1654043786099","StateFactory.kt","1.1.3 for 2021-2022 @t1",
"e","","","0","1654043786100","StateFactory.kt","1.1.3 for 2021-2022 @t1",
"e","","No Phanon history found: /Users/josephditton/school/summer2022/5700/MicrosoftPiant/src/main/kotlin/state/showyourwork/showyourwork.log Player unable to render
","0","1654043786100","State.kt","1.1.3 for 2021-2022 @t1",
"e","","","0","1654043786100","State.kt","1.1.3 for 2021-2022 @t1",
"e","","No Phanon history found: /Users/josephditton/school/summer2022/5700/MicrosoftPiant/src/main/kotlin/state/showyourwork/showyourwork.log Player unable to render
","0","1654043786100","InvalidState.kt","1.1.3 for 2021-2022 @t1",
"e","","","0","1654043786100","InvalidState.kt","1.1.3 for 2021-2022 @t1",
"e","","No Phanon history found: /Users/josephditton/school/summer2022/5700/MicrosoftPiant/src/main/kotlin/state/showyourwork/showyourwork.log Player unable to render
","0","1654043786100","ProgramState.kt","1.1.3 for 2021-2022 @t1",
"e","","","0","1654043786100","ProgramState.kt","1.1.3 for 2021-2022 @t1",
"e","","No Phanon history found: /Users/josephditton/school/summer2022/5700/MicrosoftPiant/src/main/kotlin/state/showyourwork/showyourwork.log Player unable to render
","0","1654043786100","AbortState.kt","1.1.3 for 2021-2022 @t1",
"e","","","0","1654043786100","AbortState.kt","1.1.3 for 2021-2022 @t1",
