"e","","No Phanon history found: /Users/josephditton/school/summer2022/5700/StopWatch/src/main/showyourwork/showyourwork.log Player unable to render
","0","1653005245980","Shape.kt","1.1.3 for 2021-2022 @t1",
"e","","","0","1653005245980","Shape.kt","1.1.3 for 2021-2022 @t1",
"e","","No Phanon history found: /Users/josephditton/school/summer2022/5700/StopWatch/src/main/showyourwork/showyourwork.log Player unable to render
","0","1653005245980","Car.java","1.1.3 for 2021-2022 @t1",
"e","","","0","1653005245980","Car.java","1.1.3 for 2021-2022 @t1",
"e","","No Phanon history found: /Users/josephditton/school/summer2022/5700/StopWatch/src/main/showyourwork/showyourwork.log Player unable to render
","0","1653005245981","DivideOperationStrategy.kt","1.1.3 for 2021-2022 @t1",
"e","","","0","1653005245981","DivideOperationStrategy.kt","1.1.3 for 2021-2022 @t1",
"e","","No Phanon history found: /Users/josephditton/school/summer2022/5700/StopWatch/src/main/showyourwork/showyourwork.log Player unable to render
","0","1653005245983","Shape.kt","1.1.3 for 2021-2022 @t1",
"e","","","0","1653005245983","Shape.kt","1.1.3 for 2021-2022 @t1",
"e","","No Phanon history found: /Users/josephditton/school/summer2022/5700/StopWatch/src/main/showyourwork/showyourwork.log Player unable to render
","0","1653005245983","Car.java","1.1.3 for 2021-2022 @t1",
"e","","","0","1653005245983","Car.java","1.1.3 for 2021-2022 @t1",
"e","","No Phanon history found: /Users/josephditton/school/summer2022/5700/StopWatch/src/main/showyourwork/showyourwork.log Player unable to render
","0","1653005245983","Shape.kt","1.1.3 for 2021-2022 @t1",
"e","","","0","1653005245983","Shape.kt","1.1.3 for 2021-2022 @t1",
"e","","No Phanon history found: /Users/josephditton/school/summer2022/5700/StopWatch/src/main/showyourwork/showyourwork.log Player unable to render
","0","1653005245983","Car.java","1.1.3 for 2021-2022 @t1",
"e","","","0","1653005245983","Car.java","1.1.3 for 2021-2022 @t1",
"e","","No Phanon history found: /Users/josephditton/school/summer2022/5700/StopWatch/src/main/showyourwork/showyourwork.log Player unable to render
","0","1653005245984","DivideOperationStrategy.kt","1.1.3 for 2021-2022 @t1",
"e","","","0","1653005245984","DivideOperationStrategy.kt","1.1.3 for 2021-2022 @t1",
"e","interface Observer {
}","","0","1653005946816","Observer.kt","1.1.3 for 2021-2022 @t1",
"e","interface Observable {
}","","0","1653005957801","Observable.kt","1.1.3 for 2021-2022 @t1",
"e","class ViewHelper {
}","","0","1653005968764","ViewHelper.kt","1.1.3 for 2021-2022 @t1",
"e","class StopWatch {
}","","0","1653005980356","StopWatch.kt","1.1.3 for 2021-2022 @t1",
