"e","","No Phanon history found: /Users/josephditton/school/summer2022/5700/Decorator/src/main/kotlin/operationStrategies/showyourwork/showyourwork.log Player unable to render
","0","1653010469404","MinusOperationStrategy.kt","1.1.3 for 2021-2022 @t1",
"e","","","0","1653010469404","MinusOperationStrategy.kt","1.1.3 for 2021-2022 @t1",
"e","","No Phanon history found: /Users/josephditton/school/summer2022/5700/Decorator/src/main/kotlin/operationStrategies/showyourwork/showyourwork.log Player unable to render
","0","1653010469404","PlusOperationStrategy.kt","1.1.3 for 2021-2022 @t1",
"e","","","0","1653010469404","PlusOperationStrategy.kt","1.1.3 for 2021-2022 @t1",
"e","","No Phanon history found: /Users/josephditton/school/summer2022/5700/Decorator/src/main/kotlin/operationStrategies/showyourwork/showyourwork.log Player unable to render
","0","1653010469404","MultiplyOperationStrategy.kt","1.1.3 for 2021-2022 @t1",
"e","","","0","1653010469405","MultiplyOperationStrategy.kt","1.1.3 for 2021-2022 @t1",
"e","","No Phanon history found: /Users/josephditton/school/summer2022/5700/Decorator/src/main/kotlin/operationStrategies/showyourwork/showyourwork.log Player unable to render
","0","1653010469405","ModOperationStrategy.kt","1.1.3 for 2021-2022 @t1",
"e","","","0","1653010469405","ModOperationStrategy.kt","1.1.3 for 2021-2022 @t1",
"e","","No Phanon history found: /Users/josephditton/school/summer2022/5700/Decorator/src/main/kotlin/operationStrategies/showyourwork/showyourwork.log Player unable to render
","0","1653010469405","DivideOperationStrategy.kt","1.1.3 for 2021-2022 @t1",
"e","","","0","1653010469405","DivideOperationStrategy.kt","1.1.3 for 2021-2022 @t1",
"e","","No Phanon history found: /Users/josephditton/school/summer2022/5700/Decorator/src/main/kotlin/operationStrategies/showyourwork/showyourwork.log Player unable to render
","0","1653010469405","MathOperationStrategy.kt","1.1.3 for 2021-2022 @t1",
"e","","","0","1653010469405","MathOperationStrategy.kt","1.1.3 for 2021-2022 @t1",
"e","","No Phanon history found: /Users/josephditton/school/summer2022/5700/Decorator/src/main/kotlin/operationStrategies/showyourwork/showyourwork.log Player unable to render
","0","1653010469408","MinusOperationStrategy.kt","1.1.3 for 2021-2022 @t1",
"e","","","0","1653010469408","MinusOperationStrategy.kt","1.1.3 for 2021-2022 @t1",
"e","","No Phanon history found: /Users/josephditton/school/summer2022/5700/Decorator/src/main/kotlin/operationStrategies/showyourwork/showyourwork.log Player unable to render
","0","1653010469408","PlusOperationStrategy.kt","1.1.3 for 2021-2022 @t1",
"e","","","0","1653010469408","PlusOperationStrategy.kt","1.1.3 for 2021-2022 @t1",
"e","","No Phanon history found: /Users/josephditton/school/summer2022/5700/Decorator/src/main/kotlin/operationStrategies/showyourwork/showyourwork.log Player unable to render
","0","1653010469408","MultiplyOperationStrategy.kt","1.1.3 for 2021-2022 @t1",
"e","","","0","1653010469408","MultiplyOperationStrategy.kt","1.1.3 for 2021-2022 @t1",
"e","","No Phanon history found: /Users/josephditton/school/summer2022/5700/Decorator/src/main/kotlin/operationStrategies/showyourwork/showyourwork.log Player unable to render
","0","1653010469408","ModOperationStrategy.kt","1.1.3 for 2021-2022 @t1",
"e","","","0","1653010469408","ModOperationStrategy.kt","1.1.3 for 2021-2022 @t1",
"e","","No Phanon history found: /Users/josephditton/school/summer2022/5700/Decorator/src/main/kotlin/operationStrategies/showyourwork/showyourwork.log Player unable to render
","0","1653010469408","DivideOperationStrategy.kt","1.1.3 for 2021-2022 @t1",
"e","","","0","1653010469408","DivideOperationStrategy.kt","1.1.3 for 2021-2022 @t1",
"e","","No Phanon history found: /Users/josephditton/school/summer2022/5700/Decorator/src/main/kotlin/operationStrategies/showyourwork/showyourwork.log Player unable to render
","0","1653010469408","MathOperationStrategy.kt","1.1.3 for 2021-2022 @t1",
"e","","","0","1653010469408","MathOperationStrategy.kt","1.1.3 for 2021-2022 @t1",
"e","","No Phanon history found: /Users/josephditton/school/summer2022/5700/Decorator/src/main/kotlin/operationStrategies/showyourwork/showyourwork.log Player unable to render
","0","1653010469412","MinusOperationStrategy.kt","1.1.3 for 2021-2022 @t1",
"e","","","0","1653010469412","MinusOperationStrategy.kt","1.1.3 for 2021-2022 @t1",
"e","","No Phanon history found: /Users/josephditton/school/summer2022/5700/Decorator/src/main/kotlin/operationStrategies/showyourwork/showyourwork.log Player unable to render
","0","1653010469412","PlusOperationStrategy.kt","1.1.3 for 2021-2022 @t1",
"e","","","0","1653010469412","PlusOperationStrategy.kt","1.1.3 for 2021-2022 @t1",
"e","","No Phanon history found: /Users/josephditton/school/summer2022/5700/Decorator/src/main/kotlin/operationStrategies/showyourwork/showyourwork.log Player unable to render
","0","1653010469412","MultiplyOperationStrategy.kt","1.1.3 for 2021-2022 @t1",
"e","","","0","1653010469412","MultiplyOperationStrategy.kt","1.1.3 for 2021-2022 @t1",
"e","","No Phanon history found: /Users/josephditton/school/summer2022/5700/Decorator/src/main/kotlin/operationStrategies/showyourwork/showyourwork.log Player unable to render
","0","1653010469413","ModOperationStrategy.kt","1.1.3 for 2021-2022 @t1",
"e","","","0","1653010469413","ModOperationStrategy.kt","1.1.3 for 2021-2022 @t1",
"e","","No Phanon history found: /Users/josephditton/school/summer2022/5700/Decorator/src/main/kotlin/operationStrategies/showyourwork/showyourwork.log Player unable to render
","0","1653010469413","DivideOperationStrategy.kt","1.1.3 for 2021-2022 @t1",
"e","","","0","1653010469413","DivideOperationStrategy.kt","1.1.3 for 2021-2022 @t1",
"e","","No Phanon history found: /Users/josephditton/school/summer2022/5700/Decorator/src/main/kotlin/operationStrategies/showyourwork/showyourwork.log Player unable to render
","0","1653010469413","MathOperationStrategy.kt","1.1.3 for 2021-2022 @t1",
"e","","","0","1653010469413","MathOperationStrategy.kt","1.1.3 for 2021-2022 @t1",
