"e","","No Phanon history found: /Users/josephditton/school/summer2022/5700/Iterators/src/main/showyourwork/showyourwork.log Player unable to render
","0","1654820033735","TrackingSimulator.java","1.1.3 for 2021-2022 @t1",
"e","","","0","1654820033735","TrackingSimulator.java","1.1.3 for 2021-2022 @t1",
"e","","No Phanon history found: /Users/josephditton/school/summer2022/5700/Iterators/src/main/showyourwork/showyourwork.log Player unable to render
","0","1654820033735","TrackingSimulator.kt","1.1.3 for 2021-2022 @t1",
"e","","","0","1654820033735","TrackingSimulator.kt","1.1.3 for 2021-2022 @t1",
"e","","No Phanon history found: /Users/josephditton/school/summer2022/5700/Iterators/src/main/showyourwork/showyourwork.log Player unable to render
","0","1654820033735","ShippingUpdateTranslator.java","1.1.3 for 2021-2022 @t1",
"e","","","0","1654820033735","ShippingUpdateTranslator.java","1.1.3 for 2021-2022 @t1",
"e","","No Phanon history found: /Users/josephditton/school/summer2022/5700/Iterators/src/main/showyourwork/showyourwork.log Player unable to render
","0","1654820033735","ShippingUpdateTranslator.kt","1.1.3 for 2021-2022 @t1",
"e","","","0","1654820033735","ShippingUpdateTranslator.kt","1.1.3 for 2021-2022 @t1",
"e","","No Phanon history found: /Users/josephditton/school/summer2022/5700/Iterators/src/main/showyourwork/showyourwork.log Player unable to render
","0","1654820033742","schedule.txt","1.1.3 for 2021-2022 @t1",
"e","","","0","1654820033743","schedule.txt","1.1.3 for 2021-2022 @t1",
"e","","No Phanon history found: /Users/josephditton/school/summer2022/5700/Iterators/src/main/showyourwork/showyourwork.log Player unable to render
","0","1654820033752","schedule.txt","1.1.3 for 2021-2022 @t1",
"e","","","0","1654820033752","schedule.txt","1.1.3 for 2021-2022 @t1",
"e","","No Phanon history found: /Users/josephditton/school/summer2022/5700/Iterators/src/main/showyourwork/showyourwork.log Player unable to render
","0","1654820033754","schedule.txt","1.1.3 for 2021-2022 @t1",
"e","","","0","1654820033754","schedule.txt","1.1.3 for 2021-2022 @t1",
"e","","No Phanon history found: /Users/josephditton/school/summer2022/5700/Iterators/src/main/showyourwork/showyourwork.log Player unable to render
","0","1654820033762","schedule.txt","1.1.3 for 2021-2022 @t1",
"e","","","0","1654820033762","schedule.txt","1.1.3 for 2021-2022 @t1",
"e","","No Phanon history found: /Users/josephditton/school/summer2022/5700/Iterators/src/main/showyourwork/showyourwork.log Player unable to render
","0","1654820033772","TrackingSimulator.java","1.1.3 for 2021-2022 @t1",
"e","","","0","1654820033772","TrackingSimulator.java","1.1.3 for 2021-2022 @t1",
"e","","No Phanon history found: /Users/josephditton/school/summer2022/5700/Iterators/src/main/showyourwork/showyourwork.log Player unable to render
","0","1654820033772","TrackingSimulator.kt","1.1.3 for 2021-2022 @t1",
"e","","","0","1654820033772","TrackingSimulator.kt","1.1.3 for 2021-2022 @t1",
"e","","No Phanon history found: /Users/josephditton/school/summer2022/5700/Iterators/src/main/showyourwork/showyourwork.log Player unable to render
","0","1654820033772","ShippingUpdateTranslator.java","1.1.3 for 2021-2022 @t1",
"e","","","0","1654820033772","ShippingUpdateTranslator.java","1.1.3 for 2021-2022 @t1",
"e","","No Phanon history found: /Users/josephditton/school/summer2022/5700/Iterators/src/main/showyourwork/showyourwork.log Player unable to render
","0","1654820033772","ShippingUpdateTranslator.kt","1.1.3 for 2021-2022 @t1",
"e","","","0","1654820033772","ShippingUpdateTranslator.kt","1.1.3 for 2021-2022 @t1",
"e","","No Phanon history found: /Users/josephditton/school/summer2022/5700/Iterators/src/main/showyourwork/showyourwork.log Player unable to render
","0","1654820033779","schedule.txt","1.1.3 for 2021-2022 @t1",
"e","","","0","1654820033779","schedule.txt","1.1.3 for 2021-2022 @t1",
